--*-*-*-*
Namespace(batch_size=4, data_dir='data/processed_data/', debug=False, emb_size=192, hidden_size=96, min_frequency=2, mode='train', model_name='pos_birnn_192e_96h', model_type='birnn', num_epochs=12, optimizer_type='ADAM', print_batch_freq=100, save_epoch_freq=1, saved_model_path=None, start_tag='start_tag', stop_tag='stop_tag', task='pos')
====================================================================================================
Creating Data Handler object
split_lens =  {'test': 0, 'train': 14986, 'val': 3465}
tag_dct =  {'PRP$': 0, 'VBG': 1, 'VBD': 2, 'start_tag': 3, 'VBN': 4, ',': 5, "''": 6, 'VBP': 7, 'WDT': 8, 'JJ': 9, 'WP': 10, 'VBZ': 11, 'DT': 12, '"': 13, 'RP': 14, '$': 15, 'NN': 16, ')': 17, '(': 18, 'FW': 19, 'POS': 20, '.': 21, 'TO': 22, '-X-': 23, 'LS': 24, 'RB': 25, ':': 26, 'NNS': 27, 'PRP': 28, 'VB': 29, 'WRB': 30, 'CC': 31, 'PDT': 32, 'RBS': 33, 'RBR': 34, 'CD': 35, 'EX': 36, 'IN': 37, 'WP$': 38, 'NN|SYM': 39, 'MD': 40, 'NNPS': 41, 'JJS': 42, 'JJR': 43, 'SYM': 44, 'UH': 45, 'stop_tag': 46, 'NNP': 47}
:---- create model birnn
RNNEncoder:  ['embeddings', 'encoder']
RNNEncoder:  ['embeddings', 'encoder']
BiRNNModel:  ['encoder', 'revcoder']
RNNTagger:  ['rnn_model', 'W']

 ------------- Epoch = 0---------------------

Mean train loss after  0 batches of 0  epochs =3.90098523337
Mean train loss after  100 batches of 0  epochs =2.48562307386
Mean train loss after  200 batches of 0  epochs =1.95402463158
Mean train loss after  300 batches of 0  epochs =1.65960204303
Mean train loss after  400 batches of 0  epochs =1.51948910043
Mean train loss after  500 batches of 0  epochs =1.40748866843
Mean train loss after  600 batches of 0  epochs =1.30475059856
Mean train loss after  700 batches of 0  epochs =1.23169171438
Mean train loss after  800 batches of 0  epochs =1.16805951531
Mean train loss after  900 batches of 0  epochs =1.11151928095
Mean train loss after  1000 batches of 0  epochs =1.06342905173
Mean train loss after  1100 batches of 0  epochs =1.01752240766
Mean train loss after  1200 batches of 0  epochs =0.981038991624
Mean train loss after  1300 batches of 0  epochs =0.948769737448
Mean train loss after  1400 batches of 0  epochs =0.922111203932
Mean train loss after  1500 batches of 0  epochs =0.897380195995
Mean train loss after  1600 batches of 0  epochs =0.872217977574
Mean train loss after  1700 batches of 0  epochs =0.851633707695
Mean train loss after  1800 batches of 0  epochs =0.830352757786
Mean train loss after  1900 batches of 0  epochs =0.812672086881
Mean train loss after  2000 batches of 0  epochs =0.797105141687
Mean train loss after  2100 batches of 0  epochs =0.780676773693
Mean train loss after  2200 batches of 0  epochs =0.765284838815
Mean train loss after  2300 batches of 0  epochs =0.750537527546
Mean train loss after  2400 batches of 0  epochs =0.735723158305
Mean train loss after  2500 batches of 0  epochs =0.722079467585
Mean train loss after  2600 batches of 0  epochs =0.708878877827
Mean train loss after  2700 batches of 0  epochs =0.697414807593
Mean train loss after  2800 batches of 0  epochs =0.68547747594
Mean train loss after  2900 batches of 0  epochs =0.675517013769
Mean train loss after  3000 batches of 0  epochs =0.665075880151
Mean train loss after  3100 batches of 0  epochs =0.655142030043
Mean train loss after  3200 batches of 0  epochs =0.64623502271
Mean train loss after  3300 batches of 0  epochs =0.63848493277
Mean train loss after  3400 batches of 0  epochs =0.630912046816
Mean train loss after  3500 batches of 0  epochs =0.623127493783
Mean train loss after  3600 batches of 0  epochs =0.615189678655
Mean train loss after  3700 batches of 0  epochs =0.608485330906
Epoch 0 : Mean train epoch loss =0.604776748516
Epoch 0 Epoch val loss = 16253.872838
Epoch 0 Epoch val perplexity = 1.3930306297264081
SCORES =  (90.27, 100.0, 100.0, 100.0)
Saved Model

 ------------- Epoch = 1---------------------

Mean train loss after  0 batches of 1  epochs =0.376414598737
Mean train loss after  100 batches of 1  epochs =0.250715039669
Mean train loss after  200 batches of 1  epochs =0.245407247418
Mean train loss after  300 batches of 1  epochs =0.240988058701
Mean train loss after  400 batches of 1  epochs =0.244454163405
Mean train loss after  500 batches of 1  epochs =0.24607740806
Mean train loss after  600 batches of 1  epochs =0.244516399822
Mean train loss after  700 batches of 1  epochs =0.243114865422
Mean train loss after  800 batches of 1  epochs =0.240007487213
Mean train loss after  900 batches of 1  epochs =0.238165655066
Mean train loss after  1000 batches of 1  epochs =0.236892497355
Mean train loss after  1100 batches of 1  epochs =0.237445130423
Mean train loss after  1200 batches of 1  epochs =0.236132786074
Mean train loss after  1300 batches of 1  epochs =0.235386041073
Mean train loss after  1400 batches of 1  epochs =0.234595434692
Mean train loss after  1500 batches of 1  epochs =0.234394082166
Mean train loss after  1600 batches of 1  epochs =0.232538506721
Mean train loss after  1700 batches of 1  epochs =0.231632432985
Mean train loss after  1800 batches of 1  epochs =0.23185066486
Mean train loss after  1900 batches of 1  epochs =0.231013574024
Mean train loss after  2000 batches of 1  epochs =0.230675527319
Mean train loss after  2100 batches of 1  epochs =0.229904173321
Mean train loss after  2200 batches of 1  epochs =0.229386490842
Mean train loss after  2300 batches of 1  epochs =0.229262253819
Mean train loss after  2400 batches of 1  epochs =0.229354610888
Mean train loss after  2500 batches of 1  epochs =0.229522917555
Mean train loss after  2600 batches of 1  epochs =0.22867798843
Mean train loss after  2700 batches of 1  epochs =0.228428428128
Mean train loss after  2800 batches of 1  epochs =0.227870486397
Mean train loss after  2900 batches of 1  epochs =0.228114172594
Mean train loss after  3000 batches of 1  epochs =0.227134683256
Mean train loss after  3100 batches of 1  epochs =0.226394819395
Mean train loss after  3200 batches of 1  epochs =0.225802108505
Mean train loss after  3300 batches of 1  epochs =0.225556622544
Mean train loss after  3400 batches of 1  epochs =0.225006922093
Mean train loss after  3500 batches of 1  epochs =0.223858942624
Mean train loss after  3600 batches of 1  epochs =0.222989045313
Mean train loss after  3700 batches of 1  epochs =0.222457737933
Epoch 1 : Mean train epoch loss =0.221907247185
Epoch 1 Epoch val loss = 13046.7770613
Epoch 1 Epoch val perplexity = 1.3048343946868877
SCORES =  (92.31, 100.0, 100.0, 100.0)
Saved Model

 ------------- Epoch = 2---------------------

Mean train loss after  0 batches of 2  epochs =0.0641577116081
Mean train loss after  100 batches of 2  epochs =0.134734657615
Mean train loss after  200 batches of 2  epochs =0.136005268705
Mean train loss after  300 batches of 2  epochs =0.132731114847
Mean train loss after  400 batches of 2  epochs =0.136906461081
Mean train loss after  500 batches of 2  epochs =0.139540415998
Mean train loss after  600 batches of 2  epochs =0.136741774201
Mean train loss after  700 batches of 2  epochs =0.137028488538
Mean train loss after  800 batches of 2  epochs =0.135122090284
Mean train loss after  900 batches of 2  epochs =0.137826598104
Mean train loss after  1000 batches of 2  epochs =0.136735908957
Mean train loss after  1100 batches of 2  epochs =0.136488304282
Mean train loss after  1200 batches of 2  epochs =0.135354586912
Mean train loss after  1300 batches of 2  epochs =0.135554018867
Mean train loss after  1400 batches of 2  epochs =0.135629195365
Mean train loss after  1500 batches of 2  epochs =0.135780833661
Mean train loss after  1600 batches of 2  epochs =0.135862509838
Mean train loss after  1700 batches of 2  epochs =0.136478608076
Mean train loss after  1800 batches of 2  epochs =0.13655820099
Mean train loss after  1900 batches of 2  epochs =0.136309099239
Mean train loss after  2000 batches of 2  epochs =0.135926622096
Mean train loss after  2100 batches of 2  epochs =0.136008590685
Mean train loss after  2200 batches of 2  epochs =0.135817662303
Mean train loss after  2300 batches of 2  epochs =0.135953271787
Mean train loss after  2400 batches of 2  epochs =0.135930788358
Mean train loss after  2500 batches of 2  epochs =0.136277638972
Mean train loss after  2600 batches of 2  epochs =0.136305978905
Mean train loss after  2700 batches of 2  epochs =0.136529898193
Mean train loss after  2800 batches of 2  epochs =0.136925764195
Mean train loss after  2900 batches of 2  epochs =0.136845973466
Mean train loss after  3000 batches of 2  epochs =0.136882139791
Mean train loss after  3100 batches of 2  epochs =0.137231513401
Mean train loss after  3200 batches of 2  epochs =0.137501230993
Mean train loss after  3300 batches of 2  epochs =0.137063113962
Mean train loss after  3400 batches of 2  epochs =0.137044147767
Mean train loss after  3500 batches of 2  epochs =0.137286252647
Mean train loss after  3600 batches of 2  epochs =0.137208022946
Mean train loss after  3700 batches of 2  epochs =0.137799646391
Epoch 2 : Mean train epoch loss =0.138001061012
Epoch 2 Epoch val loss = 12625.0856805
Epoch 2 Epoch val perplexity = 1.2936609605287073
SCORES =  (92.37, 100.0, 100.0, 100.0)
Saved Model

 ------------- Epoch = 3---------------------

Mean train loss after  0 batches of 3  epochs =0.0568442254696
Mean train loss after  100 batches of 3  epochs =0.0838679549698
Mean train loss after  200 batches of 3  epochs =0.0880728725623
Mean train loss after  300 batches of 3  epochs =0.0838955349002
Mean train loss after  400 batches of 3  epochs =0.0820515039432
Mean train loss after  500 batches of 3  epochs =0.0839086790228
Mean train loss after  600 batches of 3  epochs =0.0862235950469
Mean train loss after  700 batches of 3  epochs =0.0851346304032
Mean train loss after  800 batches of 3  epochs =0.0859122915483
Mean train loss after  900 batches of 3  epochs =0.086025301678
Mean train loss after  1000 batches of 3  epochs =0.0866513414406
Mean train loss after  1100 batches of 3  epochs =0.0878133128383
Mean train loss after  1200 batches of 3  epochs =0.0885355654901
Mean train loss after  1300 batches of 3  epochs =0.0888690346976
Mean train loss after  1400 batches of 3  epochs =0.0890401604765
Mean train loss after  1500 batches of 3  epochs =0.0896505252485
Mean train loss after  1600 batches of 3  epochs =0.0901007119328
Mean train loss after  1700 batches of 3  epochs =0.0903945243923
Mean train loss after  1800 batches of 3  epochs =0.0900862059908
Mean train loss after  1900 batches of 3  epochs =0.0902153390051
Mean train loss after  2000 batches of 3  epochs =0.0907033296425
Mean train loss after  2100 batches of 3  epochs =0.0909592193992
Mean train loss after  2200 batches of 3  epochs =0.0910831011084
Mean train loss after  2300 batches of 3  epochs =0.0912725685064
Mean train loss after  2400 batches of 3  epochs =0.0917761092228
Mean train loss after  2500 batches of 3  epochs =0.0919491051984
Mean train loss after  2600 batches of 3  epochs =0.0918749485843
Mean train loss after  2700 batches of 3  epochs =0.092198579654
Mean train loss after  2800 batches of 3  epochs =0.0924192317928
Mean train loss after  2900 batches of 3  epochs =0.0921610599502
Mean train loss after  3000 batches of 3  epochs =0.0924278127626
Mean train loss after  3100 batches of 3  epochs =0.0926273698663
Mean train loss after  3200 batches of 3  epochs =0.0925293561665
Mean train loss after  3300 batches of 3  epochs =0.0929108085012
Mean train loss after  3400 batches of 3  epochs =0.0929423558433
Mean train loss after  3500 batches of 3  epochs =0.0932843131459
Mean train loss after  3600 batches of 3  epochs =0.093536332069
Mean train loss after  3700 batches of 3  epochs =0.0936924395432
Epoch 3 : Mean train epoch loss =0.0935476853544
Epoch 3 Epoch val loss = 13175.5293751
Epoch 3 Epoch val perplexity = 1.3082651000408787
SCORES =  (92.75, 100.0, 100.0, 100.0)
Saved Model

 ------------- Epoch = 4---------------------

Mean train loss after  0 batches of 4  epochs =0.0684047341347
Mean train loss after  100 batches of 4  epochs =0.0567830532731
Mean train loss after  200 batches of 4  epochs =0.052755368198
Mean train loss after  300 batches of 4  epochs =0.0555679243928
Mean train loss after  400 batches of 4  epochs =0.0542793646891
Mean train loss after  500 batches of 4  epochs =0.0545046122208
Mean train loss after  600 batches of 4  epochs =0.0559221568241
Mean train loss after  700 batches of 4  epochs =0.0550871747828
Mean train loss after  800 batches of 4  epochs =0.0549267051724
Mean train loss after  900 batches of 4  epochs =0.0549489026995
Mean train loss after  1000 batches of 4  epochs =0.0554785242242
Mean train loss after  1100 batches of 4  epochs =0.0562050796486
Mean train loss after  1200 batches of 4  epochs =0.0558744983976
Mean train loss after  1300 batches of 4  epochs =0.0569557387199
Mean train loss after  1400 batches of 4  epochs =0.057307343988
Mean train loss after  1500 batches of 4  epochs =0.0579289815547
Mean train loss after  1600 batches of 4  epochs =0.0589689507577
Mean train loss after  1700 batches of 4  epochs =0.0592950083164
Mean train loss after  1800 batches of 4  epochs =0.0594186701012
Mean train loss after  1900 batches of 4  epochs =0.059305919919
Mean train loss after  2000 batches of 4  epochs =0.0597542095927
Mean train loss after  2100 batches of 4  epochs =0.0599868784028
Mean train loss after  2200 batches of 4  epochs =0.0598413792011
Mean train loss after  2300 batches of 4  epochs =0.0599521321787
Mean train loss after  2400 batches of 4  epochs =0.0602699119217
Mean train loss after  2500 batches of 4  epochs =0.060966498052
Mean train loss after  2600 batches of 4  epochs =0.0613864144721
Mean train loss after  2700 batches of 4  epochs =0.0612798691526
Mean train loss after  2800 batches of 4  epochs =0.0616579575038
Mean train loss after  2900 batches of 4  epochs =0.0619055909172
Mean train loss after  3000 batches of 4  epochs =0.0616989923981
Mean train loss after  3100 batches of 4  epochs =0.0617571486605
Mean train loss after  3200 batches of 4  epochs =0.0622891076425
Mean train loss after  3300 batches of 4  epochs =0.0629933525342
Mean train loss after  3400 batches of 4  epochs =0.0631718209691
Mean train loss after  3500 batches of 4  epochs =0.0632661579272
Mean train loss after  3600 batches of 4  epochs =0.0639920068058
Mean train loss after  3700 batches of 4  epochs =0.0638335945664
Epoch 4 : Mean train epoch loss =0.0639154849266
Epoch 4 Epoch val loss = 14252.8288045
Epoch 4 Epoch val perplexity = 1.337326358855092
SCORES =  (92.67, 100.0, 100.0, 100.0)
Saved Model

 ------------- Epoch = 5---------------------

Mean train loss after  0 batches of 5  epochs =0.0386120259077
Mean train loss after  100 batches of 5  epochs =0.040324788958
Mean train loss after  200 batches of 5  epochs =0.0412809587559
Mean train loss after  300 batches of 5  epochs =0.0416798116039
Mean train loss after  400 batches of 5  epochs =0.0423373260949
Mean train loss after  500 batches of 5  epochs =0.0416725103938
Mean train loss after  600 batches of 5  epochs =0.042389515445
Mean train loss after  700 batches of 5  epochs =0.0420722285594
Mean train loss after  800 batches of 5  epochs =0.0415389474542
Mean train loss after  900 batches of 5  epochs =0.0417112776829
Mean train loss after  1000 batches of 5  epochs =0.0413993694026
Mean train loss after  1100 batches of 5  epochs =0.0416260520813
Mean train loss after  1200 batches of 5  epochs =0.0422183141947
Mean train loss after  1300 batches of 5  epochs =0.0419974290849
Mean train loss after  1400 batches of 5  epochs =0.0416738294339
Mean train loss after  1500 batches of 5  epochs =0.0419203515502
Mean train loss after  1600 batches of 5  epochs =0.0416629571509
Mean train loss after  1700 batches of 5  epochs =0.0417961823182
Mean train loss after  1800 batches of 5  epochs =0.041663900076
Mean train loss after  1900 batches of 5  epochs =0.0416321304709
Mean train loss after  2000 batches of 5  epochs =0.0417939510274
Mean train loss after  2100 batches of 5  epochs =0.0417420027423
Mean train loss after  2200 batches of 5  epochs =0.0417328254096
Mean train loss after  2300 batches of 5  epochs =0.0420557671329
Mean train loss after  2400 batches of 5  epochs =0.0420358056156
Mean train loss after  2500 batches of 5  epochs =0.0419960445191
Mean train loss after  2600 batches of 5  epochs =0.0420563772326
Mean train loss after  2700 batches of 5  epochs =0.041988590648
Mean train loss after  2800 batches of 5  epochs =0.0423404177956
Mean train loss after  2900 batches of 5  epochs =0.0423695967164
Mean train loss after  3000 batches of 5  epochs =0.0424529265744
Mean train loss after  3100 batches of 5  epochs =0.0426587870225
Mean train loss after  3200 batches of 5  epochs =0.0426368801797
Mean train loss after  3300 batches of 5  epochs =0.0425112979488
Mean train loss after  3400 batches of 5  epochs =0.0426959812477
Mean train loss after  3500 batches of 5  epochs =0.0431092596258
Mean train loss after  3600 batches of 5  epochs =0.0432886040931
Mean train loss after  3700 batches of 5  epochs =0.0436077433738
Epoch 5 : Mean train epoch loss =0.0435641561152
Epoch 5 Epoch val loss = 15485.4241068
Epoch 5 Epoch val perplexity = 1.3713695746160406
SCORES =  (92.76, 100.0, 100.0, 100.0)
Saved Model

 ------------- Epoch = 6---------------------

Mean train loss after  0 batches of 6  epochs =0.00134258684905
Mean train loss after  100 batches of 6  epochs =0.0307335376208
Mean train loss after  200 batches of 6  epochs =0.0294651059275
Mean train loss after  300 batches of 6  epochs =0.0264819153769
Mean train loss after  400 batches of 6  epochs =0.0257774640728
Mean train loss after  500 batches of 6  epochs =0.0259928658293
Mean train loss after  600 batches of 6  epochs =0.0250733907606
Mean train loss after  700 batches of 6  epochs =0.0248868936464
Mean train loss after  800 batches of 6  epochs =0.0255955097893
Mean train loss after  900 batches of 6  epochs =0.0255331999201
Mean train loss after  1000 batches of 6  epochs =0.0254455270788
Mean train loss after  1100 batches of 6  epochs =0.0263547464158
Mean train loss after  1200 batches of 6  epochs =0.0263444219692
Mean train loss after  1300 batches of 6  epochs =0.0269153201199
Mean train loss after  1400 batches of 6  epochs =0.027170366947
Mean train loss after  1500 batches of 6  epochs =0.0272824559231
Mean train loss after  1600 batches of 6  epochs =0.0275379648918
Mean train loss after  1700 batches of 6  epochs =0.0275751328387
Mean train loss after  1800 batches of 6  epochs =0.0277743937209
Mean train loss after  1900 batches of 6  epochs =0.0279589546797
Mean train loss after  2000 batches of 6  epochs =0.0280649624712
Mean train loss after  2100 batches of 6  epochs =0.0282537495102
Mean train loss after  2200 batches of 6  epochs =0.0283685977266
Mean train loss after  2300 batches of 6  epochs =0.0289632708171
Mean train loss after  2400 batches of 6  epochs =0.0293335200011
Mean train loss after  2500 batches of 6  epochs =0.029652491209
Mean train loss after  2600 batches of 6  epochs =0.0298188714206
Mean train loss after  2700 batches of 6  epochs =0.0301461733594
Mean train loss after  2800 batches of 6  epochs =0.0306553686546
Mean train loss after  2900 batches of 6  epochs =0.0309744550602
Mean train loss after  3000 batches of 6  epochs =0.0314167408264
Mean train loss after  3100 batches of 6  epochs =0.0314640258966
Mean train loss after  3200 batches of 6  epochs =0.0315717291728
Mean train loss after  3300 batches of 6  epochs =0.0315243126049
Mean train loss after  3400 batches of 6  epochs =0.0314595483729
Mean train loss after  3500 batches of 6  epochs =0.0314652541651
Mean train loss after  3600 batches of 6  epochs =0.0315194815431
Mean train loss after  3700 batches of 6  epochs =0.0317202586592
Epoch 6 : Mean train epoch loss =0.0315957720919
Epoch 6 Epoch val loss = 16766.2907445
Epoch 6 Epoch val perplexity = 1.4076644885679908
SCORES =  (92.63, 100.0, 100.0, 100.0)
Saved Model

 ------------- Epoch = 7---------------------

Mean train loss after  0 batches of 7  epochs =0.0030404832628
Mean train loss after  100 batches of 7  epochs =0.0171999123789
Mean train loss after  200 batches of 7  epochs =0.0189382624007
Mean train loss after  300 batches of 7  epochs =0.020350034285
Mean train loss after  400 batches of 7  epochs =0.0206040709366
Mean train loss after  500 batches of 7  epochs =0.0201794429569
Mean train loss after  600 batches of 7  epochs =0.0212491893327
Mean train loss after  700 batches of 7  epochs =0.020690210541
Mean train loss after  800 batches of 7  epochs =0.0205846354728
Mean train loss after  900 batches of 7  epochs =0.0202407374334
Mean train loss after  1000 batches of 7  epochs =0.0197529084626
Mean train loss after  1100 batches of 7  epochs =0.0195874761158
Mean train loss after  1200 batches of 7  epochs =0.0194748783813
Mean train loss after  1300 batches of 7  epochs =0.0194570966593
Mean train loss after  1400 batches of 7  epochs =0.0197301734477
Mean train loss after  1500 batches of 7  epochs =0.0198150581025
Mean train loss after  1600 batches of 7  epochs =0.0202804479328
Mean train loss after  1700 batches of 7  epochs =0.0204450102386
Mean train loss after  1800 batches of 7  epochs =0.0204667249262
Mean train loss after  1900 batches of 7  epochs =0.0204008860382
Mean train loss after  2000 batches of 7  epochs =0.020479416948
Mean train loss after  2100 batches of 7  epochs =0.0205656572109
Mean train loss after  2200 batches of 7  epochs =0.0206326040643
Mean train loss after  2300 batches of 7  epochs =0.0207451822566
Mean train loss after  2400 batches of 7  epochs =0.0209304483404
Mean train loss after  2500 batches of 7  epochs =0.0212816872973
Mean train loss after  2600 batches of 7  epochs =0.0214026230811
Mean train loss after  2700 batches of 7  epochs =0.0214029813577
Mean train loss after  2800 batches of 7  epochs =0.0215276787956
Mean train loss after  2900 batches of 7  epochs =0.0216482028881
Mean train loss after  3000 batches of 7  epochs =0.021615663847
Mean train loss after  3100 batches of 7  epochs =0.0217271470392
Mean train loss after  3200 batches of 7  epochs =0.0219503536058
Mean train loss after  3300 batches of 7  epochs =0.0220279954829
Mean train loss after  3400 batches of 7  epochs =0.0222889224422
Mean train loss after  3500 batches of 7  epochs =0.0224905693629
Mean train loss after  3600 batches of 7  epochs =0.0225793254918
Mean train loss after  3700 batches of 7  epochs =0.0226599375132
Epoch 7 : Mean train epoch loss =0.0227759953112
Epoch 7 Epoch val loss = 17817.857034
Epoch 7 Epoch val perplexity = 1.4381788070488462
SCORES =  (92.55, 100.0, 100.0, 100.0)
Saved Model

 ------------- Epoch = 8---------------------

Mean train loss after  0 batches of 8  epochs =0.0115687549114
Mean train loss after  100 batches of 8  epochs =0.0135130717509
Mean train loss after  200 batches of 8  epochs =0.0119412908046
Mean train loss after  300 batches of 8  epochs =0.0127819332672
Mean train loss after  400 batches of 8  epochs =0.0137395136109
Mean train loss after  500 batches of 8  epochs =0.0142954825225
Mean train loss after  600 batches of 8  epochs =0.0147829315064
Mean train loss after  700 batches of 8  epochs =0.0143236036038
Mean train loss after  800 batches of 8  epochs =0.0140325605586
Mean train loss after  900 batches of 8  epochs =0.0141280235955
Mean train loss after  1000 batches of 8  epochs =0.0140594600178
Mean train loss after  1100 batches of 8  epochs =0.0143488102885
Mean train loss after  1200 batches of 8  epochs =0.0143447021706
Mean train loss after  1300 batches of 8  epochs =0.0143181292307
Mean train loss after  1400 batches of 8  epochs =0.0142782761172
Mean train loss after  1500 batches of 8  epochs =0.0145792975053
Mean train loss after  1600 batches of 8  epochs =0.0147657060101
Mean train loss after  1700 batches of 8  epochs =0.0149335348132
Mean train loss after  1800 batches of 8  epochs =0.0151671619883
Mean train loss after  1900 batches of 8  epochs =0.0154443418747
Mean train loss after  2000 batches of 8  epochs =0.0158515137901
Mean train loss after  2100 batches of 8  epochs =0.0160764230001
Mean train loss after  2200 batches of 8  epochs =0.0162104708211
Mean train loss after  2300 batches of 8  epochs =0.0161648168893
Mean train loss after  2400 batches of 8  epochs =0.0161987382502
Mean train loss after  2500 batches of 8  epochs =0.0163434793297
Mean train loss after  2600 batches of 8  epochs =0.0163609475551
Mean train loss after  2700 batches of 8  epochs =0.0163498119931
Mean train loss after  2800 batches of 8  epochs =0.0168111937504
Mean train loss after  2900 batches of 8  epochs =0.0168296165461
Mean train loss after  3000 batches of 8  epochs =0.0168939504843
Mean train loss after  3100 batches of 8  epochs =0.01708761008
Mean train loss after  3200 batches of 8  epochs =0.0171014912108
Mean train loss after  3300 batches of 8  epochs =0.0171867377754
Mean train loss after  3400 batches of 8  epochs =0.0172715048702
Mean train loss after  3500 batches of 8  epochs =0.0174526078508
Mean train loss after  3600 batches of 8  epochs =0.0176386415033
Mean train loss after  3700 batches of 8  epochs =0.0176788200516
Epoch 8 : Mean train epoch loss =0.0177477689187
Epoch 8 Epoch val loss = 18892.9922149
Epoch 8 Epoch val perplexity = 1.4700610285578188
SCORES =  (92.49, 100.0, 100.0, 100.0)
Saved Model

 ------------- Epoch = 9---------------------

Mean train loss after  0 batches of 9  epochs =0.00395303797499
Mean train loss after  100 batches of 9  epochs =0.00810262200039
Mean train loss after  200 batches of 9  epochs =0.0106043971089
Mean train loss after  300 batches of 9  epochs =0.0104881791481
Mean train loss after  400 batches of 9  epochs =0.0109245356217
Mean train loss after  500 batches of 9  epochs =0.0108986759487
Mean train loss after  600 batches of 9  epochs =0.0106485541121
Mean train loss after  700 batches of 9  epochs =0.0105354924584
Mean train loss after  800 batches of 9  epochs =0.0110093198111
Mean train loss after  900 batches of 9  epochs =0.0107864113892
Mean train loss after  1000 batches of 9  epochs =0.0110409321641
Mean train loss after  1100 batches of 9  epochs =0.0110789579904
Mean train loss after  1200 batches of 9  epochs =0.0113445565841
Mean train loss after  1300 batches of 9  epochs =0.0114934189117
Mean train loss after  1400 batches of 9  epochs =0.0117821333288
Mean train loss after  1500 batches of 9  epochs =0.0120957310301
Mean train loss after  1600 batches of 9  epochs =0.0123474197573
Mean train loss after  1700 batches of 9  epochs =0.0123571271685
Mean train loss after  1800 batches of 9  epochs =0.0125743028398
Mean train loss after  1900 batches of 9  epochs =0.01281572865
Mean train loss after  2000 batches of 9  epochs =0.012992317115
Mean train loss after  2100 batches of 9  epochs =0.013152635205
Mean train loss after  2200 batches of 9  epochs =0.0133194042531
Mean train loss after  2300 batches of 9  epochs =0.0131202774622
Mean train loss after  2400 batches of 9  epochs =0.0130139162405
Mean train loss after  2500 batches of 9  epochs =0.0130310361528
Mean train loss after  2600 batches of 9  epochs =0.01306115402
Mean train loss after  2700 batches of 9  epochs =0.0130148626057
Mean train loss after  2800 batches of 9  epochs =0.0131314570046
Mean train loss after  2900 batches of 9  epochs =0.01337702659
Mean train loss after  3000 batches of 9  epochs =0.013439849758
Mean train loss after  3100 batches of 9  epochs =0.013529336197
Mean train loss after  3200 batches of 9  epochs =0.0138339725099
Mean train loss after  3300 batches of 9  epochs =0.0140351679728
Mean train loss after  3400 batches of 9  epochs =0.0141950683962
Mean train loss after  3500 batches of 9  epochs =0.0142867428296
Mean train loss after  3600 batches of 9  epochs =0.0144224067836
Mean train loss after  3700 batches of 9  epochs =0.0144483107611
Epoch 9 : Mean train epoch loss =0.014547574213
Epoch 9 Epoch val loss = 19589.9330089
Epoch 9 Epoch val perplexity = 1.4911048199549017
SCORES =  (92.52, 100.0, 100.0, 100.0)
Saved Model

 ------------- Epoch = 10---------------------

Mean train loss after  0 batches of 10  epochs =0.00898922483126
Mean train loss after  100 batches of 10  epochs =0.00799153416737
Mean train loss after  200 batches of 10  epochs =0.0102768262129
Mean train loss after  300 batches of 10  epochs =0.00966049933076
Mean train loss after  400 batches of 10  epochs =0.00916134809744
Mean train loss after  500 batches of 10  epochs =0.00932913536004
Mean train loss after  600 batches of 10  epochs =0.00929473700139
Mean train loss after  700 batches of 10  epochs =0.00930862154428
Mean train loss after  800 batches of 10  epochs =0.00922603927357
Mean train loss after  900 batches of 10  epochs =0.00896699315209
Mean train loss after  1000 batches of 10  epochs =0.00928607391084
Mean train loss after  1100 batches of 10  epochs =0.00978890343485
Mean train loss after  1200 batches of 10  epochs =0.00984910372907
Mean train loss after  1300 batches of 10  epochs =0.00999221818751
Mean train loss after  1400 batches of 10  epochs =0.00981001326157
Mean train loss after  1500 batches of 10  epochs =0.0101755040992
Mean train loss after  1600 batches of 10  epochs =0.0105092488828
Mean train loss after  1700 batches of 10  epochs =0.0109112663353
Mean train loss after  1800 batches of 10  epochs =0.011016478851
Mean train loss after  1900 batches of 10  epochs =0.0112120442855
Mean train loss after  2000 batches of 10  epochs =0.0111678537057
Mean train loss after  2100 batches of 10  epochs =0.0111504048737
Mean train loss after  2200 batches of 10  epochs =0.0110906320279
Mean train loss after  2300 batches of 10  epochs =0.0111148087796
Mean train loss after  2400 batches of 10  epochs =0.0111210224541
Mean train loss after  2500 batches of 10  epochs =0.0112109326302
Mean train loss after  2600 batches of 10  epochs =0.0112401870767
Mean train loss after  2700 batches of 10  epochs =0.0112723184415
Mean train loss after  2800 batches of 10  epochs =0.0112273163703
Mean train loss after  2900 batches of 10  epochs =0.01127954093
Mean train loss after  3000 batches of 10  epochs =0.0112571637505
Mean train loss after  3100 batches of 10  epochs =0.0113477185557
Mean train loss after  3200 batches of 10  epochs =0.0114657227658
Mean train loss after  3300 batches of 10  epochs =0.0116281712244
Mean train loss after  3400 batches of 10  epochs =0.0117691868886
Mean train loss after  3500 batches of 10  epochs =0.0120513475929
Mean train loss after  3600 batches of 10  epochs =0.0121869755423
Mean train loss after  3700 batches of 10  epochs =0.012248884294
Epoch 10 : Mean train epoch loss =0.0122956930667
Epoch 10 Epoch val loss = 20430.8559446
Epoch 10 Epoch val perplexity = 1.5168974958827819
SCORES =  (92.31, 100.0, 100.0, 100.0)
Saved Model

 ------------- Epoch = 11---------------------

Mean train loss after  0 batches of 11  epochs =0.00160955346149
Mean train loss after  100 batches of 11  epochs =0.00829910148274
Mean train loss after  200 batches of 11  epochs =0.00836480506394
Mean train loss after  300 batches of 11  epochs =0.0088580081906
Mean train loss after  400 batches of 11  epochs =0.00886924151701
Mean train loss after  500 batches of 11  epochs =0.00804157146653
Mean train loss after  600 batches of 11  epochs =0.00798338274237
Mean train loss after  700 batches of 11  epochs =0.00790164944389
Mean train loss after  800 batches of 11  epochs =0.00779456501051
Mean train loss after  900 batches of 11  epochs =0.00830763192145
Mean train loss after  1000 batches of 11  epochs =0.00821387805759
Mean train loss after  1100 batches of 11  epochs =0.00872655966015
Mean train loss after  1200 batches of 11  epochs =0.00871489423865
Mean train loss after  1300 batches of 11  epochs =0.00856537687895
Mean train loss after  1400 batches of 11  epochs =0.00856528355781
Mean train loss after  1500 batches of 11  epochs =0.00851295475806
Mean train loss after  1600 batches of 11  epochs =0.00857545269386
Mean train loss after  1700 batches of 11  epochs =0.00875904053709
Mean train loss after  1800 batches of 11  epochs =0.00883255639465
Mean train loss after  1900 batches of 11  epochs =0.00916860945796
Mean train loss after  2000 batches of 11  epochs =0.00923846913169
Mean train loss after  2100 batches of 11  epochs =0.00942674687533
Mean train loss after  2200 batches of 11  epochs =0.00935432988193
Mean train loss after  2300 batches of 11  epochs =0.0092311315979
Mean train loss after  2400 batches of 11  epochs =0.00946914638691
Mean train loss after  2500 batches of 11  epochs =0.00957027984256
Mean train loss after  2600 batches of 11  epochs =0.00966372832867
Mean train loss after  2700 batches of 11  epochs =0.0097755143921
Mean train loss after  2800 batches of 11  epochs =0.00974428485694
Mean train loss after  2900 batches of 11  epochs =0.00983091627961
Mean train loss after  3000 batches of 11  epochs =0.00996832019286
Mean train loss after  3100 batches of 11  epochs =0.0101380895923
Mean train loss after  3200 batches of 11  epochs =0.0103091867729
Mean train loss after  3300 batches of 11  epochs =0.010442847259
Mean train loss after  3400 batches of 11  epochs =0.0104997461996
Mean train loss after  3500 batches of 11  epochs =0.0106041345355
Mean train loss after  3600 batches of 11  epochs =0.0106118745783
Mean train loss after  3700 batches of 11  epochs =0.0107967677924
Epoch 11 : Mean train epoch loss =0.0108611120148
Epoch 11 Epoch val loss = 21359.1556594
Epoch 11 Epoch val perplexity = 1.5458885891360648
SCORES =  (92.42, 100.0, 100.0, 100.0)
Saved Model
