--*-*-*-*
Namespace(batch_size=4, data_dir='data/processed_data/', debug=False, emb_size=192, hidden_size=192, min_frequency=2, mode='train', model_name='pos_birnn_192e_192h', model_type='birnn', num_epochs=12, optimizer_type='ADAM', print_batch_freq=100, save_epoch_freq=1, saved_model_path=None, start_tag='start_tag', stop_tag='stop_tag', task='pos')
====================================================================================================
Creating Data Handler object
split_lens =  {'test': 0, 'train': 14986, 'val': 3465}
tag_dct =  {'PRP$': 0, 'VBG': 1, 'VBD': 2, 'start_tag': 3, 'VBN': 4, ',': 5, "''": 6, 'VBP': 7, 'WDT': 8, 'JJ': 9, 'WP': 10, 'VBZ': 11, 'DT': 12, '"': 13, 'RP': 14, '$': 15, 'NN': 16, ')': 17, '(': 18, 'FW': 19, 'POS': 20, '.': 21, 'TO': 22, '-X-': 23, 'LS': 24, 'RB': 25, ':': 26, 'NNS': 27, 'PRP': 28, 'VB': 29, 'WRB': 30, 'CC': 31, 'PDT': 32, 'RBS': 33, 'RBR': 34, 'CD': 35, 'EX': 36, 'IN': 37, 'WP$': 38, 'NN|SYM': 39, 'MD': 40, 'NNPS': 41, 'JJS': 42, 'JJR': 43, 'SYM': 44, 'UH': 45, 'stop_tag': 46, 'NNP': 47}
:---- create model birnn
RNNEncoder:  ['embeddings', 'encoder']
RNNEncoder:  ['embeddings', 'encoder']
BiRNNModel:  ['encoder', 'revcoder']
RNNTagger:  ['rnn_model', 'W']

 ------------- Epoch = 0---------------------

Mean train loss after  0 batches of 0  epochs =3.88359118265
Mean train loss after  100 batches of 0  epochs =2.17239507956
Mean train loss after  200 batches of 0  epochs =1.70485154775
Mean train loss after  300 batches of 0  epochs =1.44984708408
Mean train loss after  400 batches of 0  epochs =1.33044242508
Mean train loss after  500 batches of 0  epochs =1.23174452095
Mean train loss after  600 batches of 0  epochs =1.14359631993
Mean train loss after  700 batches of 0  epochs =1.08464531529
Mean train loss after  800 batches of 0  epochs =1.03087614716
Mean train loss after  900 batches of 0  epochs =0.984095097524
Mean train loss after  1000 batches of 0  epochs =0.944501508805
Mean train loss after  1100 batches of 0  epochs =0.904884967025
Mean train loss after  1200 batches of 0  epochs =0.87483876325
Mean train loss after  1300 batches of 0  epochs =0.847066088726
Mean train loss after  1400 batches of 0  epochs =0.824521491418
Mean train loss after  1500 batches of 0  epochs =0.803550168062
Mean train loss after  1600 batches of 0  epochs =0.781927611987
Mean train loss after  1700 batches of 0  epochs =0.765651740438
Mean train loss after  1800 batches of 0  epochs =0.748145190726
Mean train loss after  1900 batches of 0  epochs =0.732640487084
Mean train loss after  2000 batches of 0  epochs =0.719414262395
Mean train loss after  2100 batches of 0  epochs =0.705776846204
Mean train loss after  2200 batches of 0  epochs =0.692724510602
Mean train loss after  2300 batches of 0  epochs =0.680159524921
Mean train loss after  2400 batches of 0  epochs =0.667791020168
Mean train loss after  2500 batches of 0  epochs =0.656435948083
Mean train loss after  2600 batches of 0  epochs =0.644945281737
Mean train loss after  2700 batches of 0  epochs =0.634865606027
Mean train loss after  2800 batches of 0  epochs =0.624746034215
Mean train loss after  2900 batches of 0  epochs =0.616413502759
Mean train loss after  3000 batches of 0  epochs =0.607353546567
Mean train loss after  3100 batches of 0  epochs =0.598281593296
Mean train loss after  3200 batches of 0  epochs =0.590507640211
Mean train loss after  3300 batches of 0  epochs =0.583838323571
Mean train loss after  3400 batches of 0  epochs =0.577315824974
Mean train loss after  3500 batches of 0  epochs =0.570371354053
Mean train loss after  3600 batches of 0  epochs =0.563455998658
Mean train loss after  3700 batches of 0  epochs =0.557579471976
Epoch 0 : Mean train epoch loss =0.554334220004
Epoch 0 Epoch val loss = 15612.6243677
Epoch 0 Epoch val perplexity = 1.3749316952065416
SCORES =  (90.55, 100.0, 100.0, 100.0)
Saved Model

 ------------- Epoch = 1---------------------

Mean train loss after  0 batches of 1  epochs =0.244547152519
Mean train loss after  100 batches of 1  epochs =0.214726472052
Mean train loss after  200 batches of 1  epochs =0.208367159249
Mean train loss after  300 batches of 1  epochs =0.211030716127
Mean train loss after  400 batches of 1  epochs =0.210611172354
Mean train loss after  500 batches of 1  epochs =0.209867260947
Mean train loss after  600 batches of 1  epochs =0.211731234493
Mean train loss after  700 batches of 1  epochs =0.209922251154
Mean train loss after  800 batches of 1  epochs =0.211051711888
Mean train loss after  900 batches of 1  epochs =0.210587852048
Mean train loss after  1000 batches of 1  epochs =0.210387931438
Mean train loss after  1100 batches of 1  epochs =0.211044739231
Mean train loss after  1200 batches of 1  epochs =0.209738055669
Mean train loss after  1300 batches of 1  epochs =0.21006456551
Mean train loss after  1400 batches of 1  epochs =0.208674474852
Mean train loss after  1500 batches of 1  epochs =0.208563816939
Mean train loss after  1600 batches of 1  epochs =0.208032686951
Mean train loss after  1700 batches of 1  epochs =0.207382435203
Mean train loss after  1800 batches of 1  epochs =0.207463999644
Mean train loss after  1900 batches of 1  epochs =0.206569326114
Mean train loss after  2000 batches of 1  epochs =0.206863911367
Mean train loss after  2100 batches of 1  epochs =0.206967215528
Mean train loss after  2200 batches of 1  epochs =0.206545495166
Mean train loss after  2300 batches of 1  epochs =0.206006286635
Mean train loss after  2400 batches of 1  epochs =0.20579255583
Mean train loss after  2500 batches of 1  epochs =0.205685489305
Mean train loss after  2600 batches of 1  epochs =0.205423609603
Mean train loss after  2700 batches of 1  epochs =0.205332438945
Mean train loss after  2800 batches of 1  epochs =0.204152678401
Mean train loss after  2900 batches of 1  epochs =0.204278349207
Mean train loss after  3000 batches of 1  epochs =0.204099626473
Mean train loss after  3100 batches of 1  epochs =0.203332346996
Mean train loss after  3200 batches of 1  epochs =0.203849139657
Mean train loss after  3300 batches of 1  epochs =0.203702391814
Mean train loss after  3400 batches of 1  epochs =0.203606830541
Mean train loss after  3500 batches of 1  epochs =0.203753216545
Mean train loss after  3600 batches of 1  epochs =0.203788519204
Mean train loss after  3700 batches of 1  epochs =0.203337936041
Epoch 1 : Mean train epoch loss =0.203212959337
Epoch 1 Epoch val loss = 13003.6739485
Epoch 1 Epoch val perplexity = 1.303687889985239
SCORES =  (92.23, 100.0, 100.0, 100.0)
Saved Model

 ------------- Epoch = 2---------------------

Mean train loss after  0 batches of 2  epochs =0.108435396421
Mean train loss after  100 batches of 2  epochs =0.109661340346
Mean train loss after  200 batches of 2  epochs =0.10828877393
Mean train loss after  300 batches of 2  epochs =0.10769671571
Mean train loss after  400 batches of 2  epochs =0.107469037772
Mean train loss after  500 batches of 2  epochs =0.109474893601
Mean train loss after  600 batches of 2  epochs =0.109184982789
Mean train loss after  700 batches of 2  epochs =0.109614951044
Mean train loss after  800 batches of 2  epochs =0.109512627029
Mean train loss after  900 batches of 2  epochs =0.109346730512
Mean train loss after  1000 batches of 2  epochs =0.110105067473
Mean train loss after  1100 batches of 2  epochs =0.109495198521
Mean train loss after  1200 batches of 2  epochs =0.110197897244
Mean train loss after  1300 batches of 2  epochs =0.110670329196
Mean train loss after  1400 batches of 2  epochs =0.111192092741
Mean train loss after  1500 batches of 2  epochs =0.111184593235
Mean train loss after  1600 batches of 2  epochs =0.111799971777
Mean train loss after  1700 batches of 2  epochs =0.112102051024
Mean train loss after  1800 batches of 2  epochs =0.111937060319
Mean train loss after  1900 batches of 2  epochs =0.112258017643
Mean train loss after  2000 batches of 2  epochs =0.112926835375
Mean train loss after  2100 batches of 2  epochs =0.113684909706
Mean train loss after  2200 batches of 2  epochs =0.114031177395
Mean train loss after  2300 batches of 2  epochs =0.114170549007
Mean train loss after  2400 batches of 2  epochs =0.114509464835
Mean train loss after  2500 batches of 2  epochs =0.114621006502
Mean train loss after  2600 batches of 2  epochs =0.115109786854
Mean train loss after  2700 batches of 2  epochs =0.115350341648
Mean train loss after  2800 batches of 2  epochs =0.115428615647
Mean train loss after  2900 batches of 2  epochs =0.115913727781
Mean train loss after  3000 batches of 2  epochs =0.116087220432
Mean train loss after  3100 batches of 2  epochs =0.116334101152
Mean train loss after  3200 batches of 2  epochs =0.116786572965
Mean train loss after  3300 batches of 2  epochs =0.117397995501
Mean train loss after  3400 batches of 2  epochs =0.11757951809
Mean train loss after  3500 batches of 2  epochs =0.117634201313
Mean train loss after  3600 batches of 2  epochs =0.118011205733
Mean train loss after  3700 batches of 2  epochs =0.118092087692
Epoch 2 : Mean train epoch loss =0.118158261911
Epoch 2 Epoch val loss = 12733.7460217
Epoch 2 Epoch val perplexity = 1.296530918295883
SCORES =  (92.67, 100.0, 100.0, 100.0)
Saved Model

 ------------- Epoch = 3---------------------

Mean train loss after  0 batches of 3  epochs =0.139286451442
Mean train loss after  100 batches of 3  epochs =0.0689340764212
Mean train loss after  200 batches of 3  epochs =0.0678578105299
Mean train loss after  300 batches of 3  epochs =0.0708265150682
Mean train loss after  400 batches of 3  epochs =0.0671078623657
Mean train loss after  500 batches of 3  epochs =0.0667459229699
Mean train loss after  600 batches of 3  epochs =0.0652467595134
Mean train loss after  700 batches of 3  epochs =0.0644053499807
Mean train loss after  800 batches of 3  epochs =0.0639312449686
Mean train loss after  900 batches of 3  epochs =0.0625221906579
Mean train loss after  1000 batches of 3  epochs =0.0624883562978
Mean train loss after  1100 batches of 3  epochs =0.0624553590522
Mean train loss after  1200 batches of 3  epochs =0.0624714938489
Mean train loss after  1300 batches of 3  epochs =0.0629225449768
Mean train loss after  1400 batches of 3  epochs =0.0634304609573
Mean train loss after  1500 batches of 3  epochs =0.0637977580705
Mean train loss after  1600 batches of 3  epochs =0.0632434902935
Mean train loss after  1700 batches of 3  epochs =0.0636071013428
Mean train loss after  1800 batches of 3  epochs =0.0638545853435
Mean train loss after  1900 batches of 3  epochs =0.0642040156819
Mean train loss after  2000 batches of 3  epochs =0.0643786799556
Mean train loss after  2100 batches of 3  epochs =0.0641352677668
Mean train loss after  2200 batches of 3  epochs =0.0646989189828
Mean train loss after  2300 batches of 3  epochs =0.0652169765018
Mean train loss after  2400 batches of 3  epochs =0.065447347755
Mean train loss after  2500 batches of 3  epochs =0.0655996581297
Mean train loss after  2600 batches of 3  epochs =0.0659302234238
Mean train loss after  2700 batches of 3  epochs =0.0662741142715
Mean train loss after  2800 batches of 3  epochs =0.0669315259904
Mean train loss after  2900 batches of 3  epochs =0.0671229349471
Mean train loss after  3000 batches of 3  epochs =0.0675456795847
Mean train loss after  3100 batches of 3  epochs =0.0678119736006
Mean train loss after  3200 batches of 3  epochs =0.0681479607269
Mean train loss after  3300 batches of 3  epochs =0.0685780670531
Mean train loss after  3400 batches of 3  epochs =0.0695858632297
Mean train loss after  3500 batches of 3  epochs =0.070048147059
Mean train loss after  3600 batches of 3  epochs =0.0704126405602
Mean train loss after  3700 batches of 3  epochs =0.0710959160222
Epoch 3 : Mean train epoch loss =0.0711650912495
Epoch 3 Epoch val loss = 14131.2261662
Epoch 3 Epoch val perplexity = 1.3340139443872148
SCORES =  (92.53, 100.0, 100.0, 100.0)
Saved Model

 ------------- Epoch = 4---------------------

Mean train loss after  0 batches of 4  epochs =0.0612324958152
Mean train loss after  100 batches of 4  epochs =0.0492980681468
Mean train loss after  200 batches of 4  epochs =0.0439389961678
Mean train loss after  300 batches of 4  epochs =0.0396606755768
Mean train loss after  400 batches of 4  epochs =0.0413980723916
Mean train loss after  500 batches of 4  epochs =0.0415996622645
Mean train loss after  600 batches of 4  epochs =0.0414996113326
Mean train loss after  700 batches of 4  epochs =0.040402152517
Mean train loss after  800 batches of 4  epochs =0.0413502538675
Mean train loss after  900 batches of 4  epochs =0.0421591507436
Mean train loss after  1000 batches of 4  epochs =0.0417209657242
Mean train loss after  1100 batches of 4  epochs =0.0413993880751
Mean train loss after  1200 batches of 4  epochs =0.0412773760761
Mean train loss after  1300 batches of 4  epochs =0.0407037638848
Mean train loss after  1400 batches of 4  epochs =0.0404188855648
Mean train loss after  1500 batches of 4  epochs =0.040668631797
Mean train loss after  1600 batches of 4  epochs =0.0404624451669
Mean train loss after  1700 batches of 4  epochs =0.0413399052997
Mean train loss after  1800 batches of 4  epochs =0.0416500269903
Mean train loss after  1900 batches of 4  epochs =0.0415484418741
Mean train loss after  2000 batches of 4  epochs =0.0416345753771
Mean train loss after  2100 batches of 4  epochs =0.0416596259201
Mean train loss after  2200 batches of 4  epochs =0.04172479799
Mean train loss after  2300 batches of 4  epochs =0.0419358893553
Mean train loss after  2400 batches of 4  epochs =0.0421504125088
Mean train loss after  2500 batches of 4  epochs =0.0424261642106
Mean train loss after  2600 batches of 4  epochs =0.0424851327863
Mean train loss after  2700 batches of 4  epochs =0.0428152213144
Mean train loss after  2800 batches of 4  epochs =0.0430898354
Mean train loss after  2900 batches of 4  epochs =0.0432100330793
Mean train loss after  3000 batches of 4  epochs =0.0435234117733
Mean train loss after  3100 batches of 4  epochs =0.0436204856223
Mean train loss after  3200 batches of 4  epochs =0.0437697168054
Mean train loss after  3300 batches of 4  epochs =0.0439120940272
Mean train loss after  3400 batches of 4  epochs =0.0442089448156
Mean train loss after  3500 batches of 4  epochs =0.0441636535911
Mean train loss after  3600 batches of 4  epochs =0.0446738442444
Mean train loss after  3700 batches of 4  epochs =0.0446816756536
Epoch 4 : Mean train epoch loss =0.0447851216965
Epoch 4 Epoch val loss = 15402.3039498
Epoch 4 Epoch val perplexity = 1.36904686190738
SCORES =  (92.65, 100.0, 100.0, 100.0)
Saved Model

 ------------- Epoch = 5---------------------

Mean train loss after  0 batches of 5  epochs =0.145842647552
Mean train loss after  100 batches of 5  epochs =0.0290259726224
Mean train loss after  200 batches of 5  epochs =0.0254477436718
Mean train loss after  300 batches of 5  epochs =0.0228619232477
Mean train loss after  400 batches of 5  epochs =0.0247654045455
Mean train loss after  500 batches of 5  epochs =0.0253198693437
Mean train loss after  600 batches of 5  epochs =0.0251631535911
Mean train loss after  700 batches of 5  epochs =0.0252085015616
Mean train loss after  800 batches of 5  epochs =0.0251158909875
Mean train loss after  900 batches of 5  epochs =0.0251819943573
Mean train loss after  1000 batches of 5  epochs =0.0250649786343
Mean train loss after  1100 batches of 5  epochs =0.0253323472245
Mean train loss after  1200 batches of 5  epochs =0.0254357842661
Mean train loss after  1300 batches of 5  epochs =0.0257285855925
Mean train loss after  1400 batches of 5  epochs =0.0260301987869
Mean train loss after  1500 batches of 5  epochs =0.0262356933824
Mean train loss after  1600 batches of 5  epochs =0.0262770425534
Mean train loss after  1700 batches of 5  epochs =0.026281027162
Mean train loss after  1800 batches of 5  epochs =0.0261694256884
Mean train loss after  1900 batches of 5  epochs =0.0261813072448
Mean train loss after  2000 batches of 5  epochs =0.0265117506491
Mean train loss after  2100 batches of 5  epochs =0.0265381660918
Mean train loss after  2200 batches of 5  epochs =0.0267511239524
Mean train loss after  2300 batches of 5  epochs =0.02667123511
Mean train loss after  2400 batches of 5  epochs =0.0269384162616
Mean train loss after  2500 batches of 5  epochs =0.0275731818471
Mean train loss after  2600 batches of 5  epochs =0.0275522805426
Mean train loss after  2700 batches of 5  epochs =0.0277231625675
Mean train loss after  2800 batches of 5  epochs =0.0278701607759
Mean train loss after  2900 batches of 5  epochs =0.0280491350663
Mean train loss after  3000 batches of 5  epochs =0.0281198307783
Mean train loss after  3100 batches of 5  epochs =0.0282463396744
Mean train loss after  3200 batches of 5  epochs =0.0283826789655
Mean train loss after  3300 batches of 5  epochs =0.0284328354653
Mean train loss after  3400 batches of 5  epochs =0.0284065704818
Mean train loss after  3500 batches of 5  epochs =0.0284426251323
Mean train loss after  3600 batches of 5  epochs =0.0283959812856
Mean train loss after  3700 batches of 5  epochs =0.0285429117024
Epoch 5 : Mean train epoch loss =0.028590836504
Epoch 5 Epoch val loss = 17167.9033458
Epoch 5 Epoch val perplexity = 1.4192412989455006
SCORES =  (92.64, 100.0, 100.0, 100.0)
Saved Model

 ------------- Epoch = 6---------------------

Mean train loss after  0 batches of 6  epochs =0.0199225283506
Mean train loss after  100 batches of 6  epochs =0.0120601809561
Mean train loss after  200 batches of 6  epochs =0.0143521870343
Mean train loss after  300 batches of 6  epochs =0.0158419942856
Mean train loss after  400 batches of 6  epochs =0.0168895475296
Mean train loss after  500 batches of 6  epochs =0.017405834218
Mean train loss after  600 batches of 6  epochs =0.0181015832938
Mean train loss after  700 batches of 6  epochs =0.0176216917827
Mean train loss after  800 batches of 6  epochs =0.0172552271797
Mean train loss after  900 batches of 6  epochs =0.0175257289611
Mean train loss after  1000 batches of 6  epochs =0.0174084077495
Mean train loss after  1100 batches of 6  epochs =0.017102591015
Mean train loss after  1200 batches of 6  epochs =0.017124144824
Mean train loss after  1300 batches of 6  epochs =0.0169133132069
Mean train loss after  1400 batches of 6  epochs =0.0170607128732
Mean train loss after  1500 batches of 6  epochs =0.0170535893639
Mean train loss after  1600 batches of 6  epochs =0.0171487455354
Mean train loss after  1700 batches of 6  epochs =0.0172631210666
Mean train loss after  1800 batches of 6  epochs =0.0173796276147
Mean train loss after  1900 batches of 6  epochs =0.017348140895
Mean train loss after  2000 batches of 6  epochs =0.0174843231171
Mean train loss after  2100 batches of 6  epochs =0.0176980471012
Mean train loss after  2200 batches of 6  epochs =0.0177262291509
Mean train loss after  2300 batches of 6  epochs =0.0179529109912
Mean train loss after  2400 batches of 6  epochs =0.0182734215572
Mean train loss after  2500 batches of 6  epochs =0.018367867697
Mean train loss after  2600 batches of 6  epochs =0.0186785037812
Mean train loss after  2700 batches of 6  epochs =0.0187094480866
Mean train loss after  2800 batches of 6  epochs =0.0187852359371
Mean train loss after  2900 batches of 6  epochs =0.0189258384549
Mean train loss after  3000 batches of 6  epochs =0.0189111478308
Mean train loss after  3100 batches of 6  epochs =0.0187945638764
Mean train loss after  3200 batches of 6  epochs =0.0189640292626
Mean train loss after  3300 batches of 6  epochs =0.0190758203054
Mean train loss after  3400 batches of 6  epochs =0.0194029337126
Mean train loss after  3500 batches of 6  epochs =0.0194257353336
Mean train loss after  3600 batches of 6  epochs =0.0198664801343
Mean train loss after  3700 batches of 6  epochs =0.0202271272702
Epoch 6 : Mean train epoch loss =0.0202158276326
Epoch 6 Epoch val loss = 18400.956569
Epoch 6 Epoch val perplexity = 1.455383347407197
SCORES =  (92.46, 100.0, 100.0, 100.0)
Saved Model

 ------------- Epoch = 7---------------------

Mean train loss after  0 batches of 7  epochs =0.0367646903208
Mean train loss after  100 batches of 7  epochs =0.0201095673935
Mean train loss after  200 batches of 7  epochs =0.0181666900236
Mean train loss after  300 batches of 7  epochs =0.0176503217649
Mean train loss after  400 batches of 7  epochs =0.0158559665403
Mean train loss after  500 batches of 7  epochs =0.0151045708465
Mean train loss after  600 batches of 7  epochs =0.0146731181085
Mean train loss after  700 batches of 7  epochs =0.0138872764395
Mean train loss after  800 batches of 7  epochs =0.0136026959754
Mean train loss after  900 batches of 7  epochs =0.013497107967
Mean train loss after  1000 batches of 7  epochs =0.013403588109
Mean train loss after  1100 batches of 7  epochs =0.0134831252083
Mean train loss after  1200 batches of 7  epochs =0.0132021483961
Mean train loss after  1300 batches of 7  epochs =0.0130910016695
Mean train loss after  1400 batches of 7  epochs =0.013009505757
Mean train loss after  1500 batches of 7  epochs =0.0130848770788
Mean train loss after  1600 batches of 7  epochs =0.0130299162006
Mean train loss after  1700 batches of 7  epochs =0.0132447286336
Mean train loss after  1800 batches of 7  epochs =0.013367170638
Mean train loss after  1900 batches of 7  epochs =0.0137998391284
Mean train loss after  2000 batches of 7  epochs =0.0143202890694
Mean train loss after  2100 batches of 7  epochs =0.0146606495268
Mean train loss after  2200 batches of 7  epochs =0.0147333058358
Mean train loss after  2300 batches of 7  epochs =0.0149022634828
Mean train loss after  2400 batches of 7  epochs =0.0148666498087
Mean train loss after  2500 batches of 7  epochs =0.0148710972331
Mean train loss after  2600 batches of 7  epochs =0.0149541326544
Mean train loss after  2700 batches of 7  epochs =0.0149425383568
Mean train loss after  2800 batches of 7  epochs =0.0152430090732
Mean train loss after  2900 batches of 7  epochs =0.0153976319249
Mean train loss after  3000 batches of 7  epochs =0.015357396492
Mean train loss after  3100 batches of 7  epochs =0.0154177879561
Mean train loss after  3200 batches of 7  epochs =0.0155258278848
Mean train loss after  3300 batches of 7  epochs =0.0156090364329
Mean train loss after  3400 batches of 7  epochs =0.0157370419019
Mean train loss after  3500 batches of 7  epochs =0.0159338259661
Mean train loss after  3600 batches of 7  epochs =0.0161702869486
Mean train loss after  3700 batches of 7  epochs =0.016295149147
Epoch 7 : Mean train epoch loss =0.0162702353722
Epoch 7 Epoch val loss = 19758.5414333
Epoch 7 Epoch val perplexity = 1.4962409619093635
SCORES =  (92.68, 100.0, 100.0, 100.0)
Saved Model

 ------------- Epoch = 8---------------------

Mean train loss after  0 batches of 8  epochs =0.0524097730716
Mean train loss after  100 batches of 8  epochs =0.0119858459468
Mean train loss after  200 batches of 8  epochs =0.0103273310839
Mean train loss after  300 batches of 8  epochs =0.0107710618431
Mean train loss after  400 batches of 8  epochs =0.0103336907479
Mean train loss after  500 batches of 8  epochs =0.00991530150339
Mean train loss after  600 batches of 8  epochs =0.0103461971162
Mean train loss after  700 batches of 8  epochs =0.0103847939175
Mean train loss after  800 batches of 8  epochs =0.0103218344562
Mean train loss after  900 batches of 8  epochs =0.0104641084279
Mean train loss after  1000 batches of 8  epochs =0.0106603628949
Mean train loss after  1100 batches of 8  epochs =0.01111179978
Mean train loss after  1200 batches of 8  epochs =0.0107716963685
Mean train loss after  1300 batches of 8  epochs =0.0109406551259
Mean train loss after  1400 batches of 8  epochs =0.0113544283635
Mean train loss after  1500 batches of 8  epochs =0.0112917409405
Mean train loss after  1600 batches of 8  epochs =0.0113161969961
Mean train loss after  1700 batches of 8  epochs =0.0112636327314
Mean train loss after  1800 batches of 8  epochs =0.0114482671611
Mean train loss after  1900 batches of 8  epochs =0.011514371407
Mean train loss after  2000 batches of 8  epochs =0.0114143223227
Mean train loss after  2100 batches of 8  epochs =0.0114237860946
Mean train loss after  2200 batches of 8  epochs =0.0113973453658
Mean train loss after  2300 batches of 8  epochs =0.01140590922
Mean train loss after  2400 batches of 8  epochs =0.0115197810157
Mean train loss after  2500 batches of 8  epochs =0.0116464817008
Mean train loss after  2600 batches of 8  epochs =0.0121063967332
Mean train loss after  2700 batches of 8  epochs =0.0123070926468
Mean train loss after  2800 batches of 8  epochs =0.0124073844138
Mean train loss after  2900 batches of 8  epochs =0.0125614427631
Mean train loss after  3000 batches of 8  epochs =0.0129015684378
Mean train loss after  3100 batches of 8  epochs =0.0130233555012
Mean train loss after  3200 batches of 8  epochs =0.013149759453
Mean train loss after  3300 batches of 8  epochs =0.01323530796
Mean train loss after  3400 batches of 8  epochs =0.0134322965809
Mean train loss after  3500 batches of 8  epochs =0.0134667416187
Mean train loss after  3600 batches of 8  epochs =0.0137458762525
Mean train loss after  3700 batches of 8  epochs =0.013818826035
Epoch 8 : Mean train epoch loss =0.0139448704961
Epoch 8 Epoch val loss = 20170.9313073
Epoch 8 Epoch val perplexity = 1.5088778389622133
SCORES =  (92.59, 100.0, 100.0, 100.0)
Saved Model

 ------------- Epoch = 9---------------------

Mean train loss after  0 batches of 9  epochs =0.000654393976385
Mean train loss after  100 batches of 9  epochs =0.00804753208243
Mean train loss after  200 batches of 9  epochs =0.00878624080097
Mean train loss after  300 batches of 9  epochs =0.00888620206626
Mean train loss after  400 batches of 9  epochs =0.0098628166592
Mean train loss after  500 batches of 9  epochs =0.0100277326935
Mean train loss after  600 batches of 9  epochs =0.0100102219197
Mean train loss after  700 batches of 9  epochs =0.0101012769673
Mean train loss after  800 batches of 9  epochs =0.00963189405435
Mean train loss after  900 batches of 9  epochs =0.00948742092632
Mean train loss after  1000 batches of 9  epochs =0.00909596890516
Mean train loss after  1100 batches of 9  epochs =0.00901207151496
Mean train loss after  1200 batches of 9  epochs =0.00909225873121
Mean train loss after  1300 batches of 9  epochs =0.00915597356819
Mean train loss after  1400 batches of 9  epochs =0.00910205582279
Mean train loss after  1500 batches of 9  epochs =0.00951320741139
Mean train loss after  1600 batches of 9  epochs =0.00987719510885
Mean train loss after  1700 batches of 9  epochs =0.00973451942861
Mean train loss after  1800 batches of 9  epochs =0.00993046828738
Mean train loss after  1900 batches of 9  epochs =0.00998665215723
Mean train loss after  2000 batches of 9  epochs =0.0100982024653
Mean train loss after  2100 batches of 9  epochs =0.010158577174
Mean train loss after  2200 batches of 9  epochs =0.0105128436919
Mean train loss after  2300 batches of 9  epochs =0.0103481980856
Mean train loss after  2400 batches of 9  epochs =0.0102710607096
Mean train loss after  2500 batches of 9  epochs =0.0104370493911
Mean train loss after  2600 batches of 9  epochs =0.0105699768999
Mean train loss after  2700 batches of 9  epochs =0.0106664558656
Mean train loss after  2800 batches of 9  epochs =0.0107580662019
Mean train loss after  2900 batches of 9  epochs =0.0107227023385
Mean train loss after  3000 batches of 9  epochs =0.0110636730682
Mean train loss after  3100 batches of 9  epochs =0.0111626366318
Mean train loss after  3200 batches of 9  epochs =0.0113199475438
Mean train loss after  3300 batches of 9  epochs =0.0114745783014
Mean train loss after  3400 batches of 9  epochs =0.0115852012283
Mean train loss after  3500 batches of 9  epochs =0.0116508214348
Mean train loss after  3600 batches of 9  epochs =0.0118749814599
Mean train loss after  3700 batches of 9  epochs =0.0120167246839
Epoch 9 : Mean train epoch loss =0.01208093487
Epoch 9 Epoch val loss = 21290.0347259
Epoch 9 Epoch val perplexity = 1.5437109575992831
SCORES =  (92.56, 100.0, 100.0, 100.0)
Saved Model

 ------------- Epoch = 10---------------------

Mean train loss after  0 batches of 10  epochs =0.000285374490838
Mean train loss after  100 batches of 10  epochs =0.009588308165
Mean train loss after  200 batches of 10  epochs =0.00732716557156
Mean train loss after  300 batches of 10  epochs =0.00771647772323
Mean train loss after  400 batches of 10  epochs =0.00841829730624
Mean train loss after  500 batches of 10  epochs =0.00792592426913
Mean train loss after  600 batches of 10  epochs =0.0081380340654
Mean train loss after  700 batches of 10  epochs =0.00787325544466
Mean train loss after  800 batches of 10  epochs =0.00863466807578
Mean train loss after  900 batches of 10  epochs =0.0089302568309
Mean train loss after  1000 batches of 10  epochs =0.00935902369061
Mean train loss after  1100 batches of 10  epochs =0.00920019076878
Mean train loss after  1200 batches of 10  epochs =0.00910835874487
Mean train loss after  1300 batches of 10  epochs =0.00889756018582
Mean train loss after  1400 batches of 10  epochs =0.00892690109526
Mean train loss after  1500 batches of 10  epochs =0.00892372744955
Mean train loss after  1600 batches of 10  epochs =0.00930999547017
Mean train loss after  1700 batches of 10  epochs =0.00935422421556
Mean train loss after  1800 batches of 10  epochs =0.00934361969916
Mean train loss after  1900 batches of 10  epochs =0.0094739224665
Mean train loss after  2000 batches of 10  epochs =0.00950709023993
Mean train loss after  2100 batches of 10  epochs =0.00959795787334
Mean train loss after  2200 batches of 10  epochs =0.00965667906442
Mean train loss after  2300 batches of 10  epochs =0.00996428752851
Mean train loss after  2400 batches of 10  epochs =0.00990573814317
Mean train loss after  2500 batches of 10  epochs =0.00986431739852
Mean train loss after  2600 batches of 10  epochs =0.00994777906419
Mean train loss after  2700 batches of 10  epochs =0.0100713105703
Mean train loss after  2800 batches of 10  epochs =0.0101593439591
Mean train loss after  2900 batches of 10  epochs =0.0101775689343
Mean train loss after  3000 batches of 10  epochs =0.0103357637016
Mean train loss after  3100 batches of 10  epochs =0.0103653360586
Mean train loss after  3200 batches of 10  epochs =0.0105140677336
Mean train loss after  3300 batches of 10  epochs =0.0104435662045
Mean train loss after  3400 batches of 10  epochs =0.0106098536836
Mean train loss after  3500 batches of 10  epochs =0.0108640767422
Mean train loss after  3600 batches of 10  epochs =0.0110123357218
Mean train loss after  3700 batches of 10  epochs =0.0111373461059
Epoch 10 : Mean train epoch loss =0.0111286957833
Epoch 10 Epoch val loss = 22044.7482312
Epoch 10 Epoch val perplexity = 1.567654991792587
SCORES =  (92.58, 100.0, 100.0, 100.0)
Saved Model

 ------------- Epoch = 11---------------------

Mean train loss after  0 batches of 11  epochs =0.00276421277951
Mean train loss after  100 batches of 11  epochs =0.00846426994732
Mean train loss after  200 batches of 11  epochs =0.00799527328667
Mean train loss after  300 batches of 11  epochs =0.00746946812604
Mean train loss after  400 batches of 11  epochs =0.00755307504893
Mean train loss after  500 batches of 11  epochs =0.00727979290169
Mean train loss after  600 batches of 11  epochs =0.0074400138917
Mean train loss after  700 batches of 11  epochs =0.00757281239705
Mean train loss after  800 batches of 11  epochs =0.00756950196422
Mean train loss after  900 batches of 11  epochs =0.00725396191456
Mean train loss after  1000 batches of 11  epochs =0.00710852974392
Mean train loss after  1100 batches of 11  epochs =0.0070627483218
Mean train loss after  1200 batches of 11  epochs =0.00757497829136
Mean train loss after  1300 batches of 11  epochs =0.00792263118179
Mean train loss after  1400 batches of 11  epochs =0.00796138181067
Mean train loss after  1500 batches of 11  epochs =0.00821750115429
Mean train loss after  1600 batches of 11  epochs =0.00827032391324
Mean train loss after  1700 batches of 11  epochs =0.00820494437523
Mean train loss after  1800 batches of 11  epochs =0.00821441040532
Mean train loss after  1900 batches of 11  epochs =0.00816598684982
Mean train loss after  2000 batches of 11  epochs =0.00820364850417
Mean train loss after  2100 batches of 11  epochs =0.00816981007221
Mean train loss after  2200 batches of 11  epochs =0.00825286037391
Mean train loss after  2300 batches of 11  epochs =0.00834344111439
Mean train loss after  2400 batches of 11  epochs =0.00830258462621
Mean train loss after  2500 batches of 11  epochs =0.00825435293341
Mean train loss after  2600 batches of 11  epochs =0.0082158824188
Mean train loss after  2700 batches of 11  epochs =0.00836605092135
Mean train loss after  2800 batches of 11  epochs =0.00843728773277
Mean train loss after  2900 batches of 11  epochs =0.00852479268512
Mean train loss after  3000 batches of 11  epochs =0.00852558117145
Mean train loss after  3100 batches of 11  epochs =0.0086030881461
Mean train loss after  3200 batches of 11  epochs =0.00865023914427
Mean train loss after  3300 batches of 11  epochs =0.00865392855322
Mean train loss after  3400 batches of 11  epochs =0.008768623187
Mean train loss after  3500 batches of 11  epochs =0.00886025453561
Mean train loss after  3600 batches of 11  epochs =0.00890541712851
Mean train loss after  3700 batches of 11  epochs =0.00907858345838
Epoch 11 : Mean train epoch loss =0.00920690366908
Epoch 11 Epoch val loss = 23408.2187076
Epoch 11 Epoch val perplexity = 1.6118579190681939
SCORES =  (92.52, 100.0, 100.0, 100.0)
Saved Model
