--*-*-*-*
Namespace(batch_size=4, data_dir='data/processed_data/', debug=False, emb_size=128, hidden_size=128, min_frequency=2, mode='train', model_name='pos_rnn_128e_128h', model_type='rnn', num_epochs=12, optimizer_type='ADAM', print_batch_freq=100, save_epoch_freq=1, saved_model_path=None, start_tag='start_tag', stop_tag='stop_tag', task='pos')
====================================================================================================
Creating Data Handler object
split_lens =  {'test': 0, 'train': 14986, 'val': 3465}
tag_dct =  {'PRP$': 0, 'VBG': 1, 'VBD': 2, 'start_tag': 3, 'VBN': 4, ',': 5, "''": 6, 'VBP': 7, 'WDT': 8, 'JJ': 9, 'WP': 10, 'VBZ': 11, 'DT': 12, '"': 13, 'RP': 14, '$': 15, 'NN': 16, ')': 17, '(': 18, 'FW': 19, 'POS': 20, '.': 21, 'TO': 22, '-X-': 23, 'LS': 24, 'RB': 25, ':': 26, 'NNS': 27, 'PRP': 28, 'VB': 29, 'WRB': 30, 'CC': 31, 'PDT': 32, 'RBS': 33, 'RBR': 34, 'CD': 35, 'EX': 36, 'IN': 37, 'WP$': 38, 'NN|SYM': 39, 'MD': 40, 'NNPS': 41, 'JJS': 42, 'JJR': 43, 'SYM': 44, 'UH': 45, 'stop_tag': 46, 'NNP': 47}
:---- create model rnn
RNNEncoder:  ['embeddings', 'encoder']
RNNModel:  ['encoder']
RNNTagger:  ['rnn_model', 'W']

 ------------- Epoch = 0---------------------

Mean train loss after  0 batches of 0  epochs =3.85420299712
Mean train loss after  100 batches of 0  epochs =2.77682228511
Mean train loss after  200 batches of 0  epochs =2.2562417291
Mean train loss after  300 batches of 0  epochs =1.95957906594
Mean train loss after  400 batches of 0  epochs =1.81869388523
Mean train loss after  500 batches of 0  epochs =1.70163598802
Mean train loss after  600 batches of 0  epochs =1.59721861146
Mean train loss after  700 batches of 0  epochs =1.51929180849
Mean train loss after  800 batches of 0  epochs =1.45282477297
Mean train loss after  900 batches of 0  epochs =1.39254339332
Mean train loss after  1000 batches of 0  epochs =1.34048029098
Mean train loss after  1100 batches of 0  epochs =1.29121017531
Mean train loss after  1200 batches of 0  epochs =1.2536488649
Mean train loss after  1300 batches of 0  epochs =1.21920648673
Mean train loss after  1400 batches of 0  epochs =1.18906641716
Mean train loss after  1500 batches of 0  epochs =1.16168502322
Mean train loss after  1600 batches of 0  epochs =1.13327983469
Mean train loss after  1700 batches of 0  epochs =1.11046595444
Mean train loss after  1800 batches of 0  epochs =1.08685742251
Mean train loss after  1900 batches of 0  epochs =1.06652411519
Mean train loss after  2000 batches of 0  epochs =1.04824329548
Mean train loss after  2100 batches of 0  epochs =1.02978715645
Mean train loss after  2200 batches of 0  epochs =1.01205760285
Mean train loss after  2300 batches of 0  epochs =0.994643042498
Mean train loss after  2400 batches of 0  epochs =0.977508227654
Mean train loss after  2500 batches of 0  epochs =0.962111000202
Mean train loss after  2600 batches of 0  epochs =0.946440098771
Mean train loss after  2700 batches of 0  epochs =0.933056058966
Mean train loss after  2800 batches of 0  epochs =0.919308704608
Mean train loss after  2900 batches of 0  epochs =0.907408560843
Mean train loss after  3000 batches of 0  epochs =0.894742852053
Mean train loss after  3100 batches of 0  epochs =0.882795626876
Mean train loss after  3200 batches of 0  epochs =0.871320898568
Mean train loss after  3300 batches of 0  epochs =0.861703299124
Mean train loss after  3400 batches of 0  epochs =0.852067069563
Mean train loss after  3500 batches of 0  epochs =0.841787044729
Mean train loss after  3600 batches of 0  epochs =0.832165125515
Mean train loss after  3700 batches of 0  epochs =0.823672657613
Epoch 0 : Mean train epoch loss =0.819003291627
Epoch 0 Epoch val loss = 22977.4590652
Epoch 0 Epoch val perplexity = 1.5977598959562995
SCORES =  (86.21, 100.0, 100.0, 100.0)
Saved Model

 ------------- Epoch = 1---------------------

Mean train loss after  0 batches of 1  epochs =0.324038728755
Mean train loss after  100 batches of 1  epochs =0.417432962525
Mean train loss after  200 batches of 1  epochs =0.404747639685
Mean train loss after  300 batches of 1  epochs =0.403374631833
Mean train loss after  400 batches of 1  epochs =0.402826714272
Mean train loss after  500 batches of 1  epochs =0.397428344253
Mean train loss after  600 batches of 1  epochs =0.395781171789
Mean train loss after  700 batches of 1  epochs =0.391257621765
Mean train loss after  800 batches of 1  epochs =0.389111520572
Mean train loss after  900 batches of 1  epochs =0.38870275654
Mean train loss after  1000 batches of 1  epochs =0.38888372779
Mean train loss after  1100 batches of 1  epochs =0.387484277075
Mean train loss after  1200 batches of 1  epochs =0.385686767959
Mean train loss after  1300 batches of 1  epochs =0.386319244824
Mean train loss after  1400 batches of 1  epochs =0.385189975604
Mean train loss after  1500 batches of 1  epochs =0.38236962943
Mean train loss after  1600 batches of 1  epochs =0.382107652077
Mean train loss after  1700 batches of 1  epochs =0.379460794763
Mean train loss after  1800 batches of 1  epochs =0.376845202345
Mean train loss after  1900 batches of 1  epochs =0.374789181734
Mean train loss after  2000 batches of 1  epochs =0.37324862477
Mean train loss after  2100 batches of 1  epochs =0.371758462791
Mean train loss after  2200 batches of 1  epochs =0.370570462242
Mean train loss after  2300 batches of 1  epochs =0.369199775912
Mean train loss after  2400 batches of 1  epochs =0.367340023003
Mean train loss after  2500 batches of 1  epochs =0.365498137058
Mean train loss after  2600 batches of 1  epochs =0.363630677785
Mean train loss after  2700 batches of 1  epochs =0.361962405592
Mean train loss after  2800 batches of 1  epochs =0.360118074615
Mean train loss after  2900 batches of 1  epochs =0.358872766484
Mean train loss after  3000 batches of 1  epochs =0.35687368312
Mean train loss after  3100 batches of 1  epochs =0.355864706042
Mean train loss after  3200 batches of 1  epochs =0.354397982183
Mean train loss after  3300 batches of 1  epochs =0.353547460648
Mean train loss after  3400 batches of 1  epochs =0.352613968522
Mean train loss after  3500 batches of 1  epochs =0.351452366258
Mean train loss after  3600 batches of 1  epochs =0.349818310524
Mean train loss after  3700 batches of 1  epochs =0.347997011347
Epoch 1 : Mean train epoch loss =0.347171815445
Epoch 1 Epoch val loss = 16700.4243166
Epoch 1 Epoch val perplexity = 1.4057748693980952
SCORES =  (89.79, 100.0, 100.0, 100.0)
Saved Model

 ------------- Epoch = 2---------------------

Mean train loss after  0 batches of 2  epochs =0.221186606089
Mean train loss after  100 batches of 2  epochs =0.248291148206
Mean train loss after  200 batches of 2  epochs =0.237002670238
Mean train loss after  300 batches of 2  epochs =0.229706351923
Mean train loss after  400 batches of 2  epochs =0.232511476173
Mean train loss after  500 batches of 2  epochs =0.235914288635
Mean train loss after  600 batches of 2  epochs =0.232257841405
Mean train loss after  700 batches of 2  epochs =0.23065965378
Mean train loss after  800 batches of 2  epochs =0.232497043128
Mean train loss after  900 batches of 2  epochs =0.233481733366
Mean train loss after  1000 batches of 2  epochs =0.231022920016
Mean train loss after  1100 batches of 2  epochs =0.232664083363
Mean train loss after  1200 batches of 2  epochs =0.23325044033
Mean train loss after  1300 batches of 2  epochs =0.232846573676
Mean train loss after  1400 batches of 2  epochs =0.231667930972
Mean train loss after  1500 batches of 2  epochs =0.231721884415
Mean train loss after  1600 batches of 2  epochs =0.230570144662
Mean train loss after  1700 batches of 2  epochs =0.23058716769
Mean train loss after  1800 batches of 2  epochs =0.230537842797
Mean train loss after  1900 batches of 2  epochs =0.230034371971
Mean train loss after  2000 batches of 2  epochs =0.229581645237
Mean train loss after  2100 batches of 2  epochs =0.228829220739
Mean train loss after  2200 batches of 2  epochs =0.227368097637
Mean train loss after  2300 batches of 2  epochs =0.226194018229
Mean train loss after  2400 batches of 2  epochs =0.22518565407
Mean train loss after  2500 batches of 2  epochs =0.225658147247
Mean train loss after  2600 batches of 2  epochs =0.226597159632
Mean train loss after  2700 batches of 2  epochs =0.225935682469
Mean train loss after  2800 batches of 2  epochs =0.225601245957
Mean train loss after  2900 batches of 2  epochs =0.225498242809
Mean train loss after  3000 batches of 2  epochs =0.225304749826
Mean train loss after  3100 batches of 2  epochs =0.225518747527
Mean train loss after  3200 batches of 2  epochs =0.225374326484
Mean train loss after  3300 batches of 2  epochs =0.225011950169
Mean train loss after  3400 batches of 2  epochs =0.225348552973
Mean train loss after  3500 batches of 2  epochs =0.225307308668
Mean train loss after  3600 batches of 2  epochs =0.225261074368
Mean train loss after  3700 batches of 2  epochs =0.225038331994
Epoch 2 : Mean train epoch loss =0.224815480975
Epoch 2 Epoch val loss = 14760.4895387
Epoch 2 Epoch val perplexity = 1.3512439403327086
SCORES =  (91.03, 100.0, 100.0, 100.0)
Saved Model

 ------------- Epoch = 3---------------------

Mean train loss after  0 batches of 3  epochs =0.174751992659
Mean train loss after  100 batches of 3  epochs =0.163526718109
Mean train loss after  200 batches of 3  epochs =0.156517520494
Mean train loss after  300 batches of 3  epochs =0.15822409774
Mean train loss after  400 batches of 3  epochs =0.15755087812
Mean train loss after  500 batches of 3  epochs =0.157043996273
Mean train loss after  600 batches of 3  epochs =0.160339779734
Mean train loss after  700 batches of 3  epochs =0.16051929418
Mean train loss after  800 batches of 3  epochs =0.162254822289
Mean train loss after  900 batches of 3  epochs =0.163204656769
Mean train loss after  1000 batches of 3  epochs =0.161852759526
Mean train loss after  1100 batches of 3  epochs =0.160871268845
Mean train loss after  1200 batches of 3  epochs =0.161101570249
Mean train loss after  1300 batches of 3  epochs =0.161542503577
Mean train loss after  1400 batches of 3  epochs =0.162644680147
Mean train loss after  1500 batches of 3  epochs =0.162391291202
Mean train loss after  1600 batches of 3  epochs =0.161762569146
Mean train loss after  1700 batches of 3  epochs =0.160969884992
Mean train loss after  1800 batches of 3  epochs =0.160661812233
Mean train loss after  1900 batches of 3  epochs =0.160985742554
Mean train loss after  2000 batches of 3  epochs =0.161415959516
Mean train loss after  2100 batches of 3  epochs =0.161969119363
Mean train loss after  2200 batches of 3  epochs =0.162425426824
Mean train loss after  2300 batches of 3  epochs =0.162760646365
Mean train loss after  2400 batches of 3  epochs =0.163334418868
Mean train loss after  2500 batches of 3  epochs =0.163417734623
Mean train loss after  2600 batches of 3  epochs =0.16323913424
Mean train loss after  2700 batches of 3  epochs =0.163625884851
Mean train loss after  2800 batches of 3  epochs =0.16389574197
Mean train loss after  2900 batches of 3  epochs =0.163806130702
Mean train loss after  3000 batches of 3  epochs =0.163668664633
Mean train loss after  3100 batches of 3  epochs =0.163854645893
Mean train loss after  3200 batches of 3  epochs =0.164458648186
Mean train loss after  3300 batches of 3  epochs =0.164293056482
Mean train loss after  3400 batches of 3  epochs =0.16508098735
Mean train loss after  3500 batches of 3  epochs =0.165164437582
Mean train loss after  3600 batches of 3  epochs =0.165444072039
Mean train loss after  3700 batches of 3  epochs =0.16527710163
Epoch 3 : Mean train epoch loss =0.165102423063
Epoch 3 Epoch val loss = 14271.694037
Epoch 3 Epoch val perplexity = 1.3378409778243157
SCORES =  (91.44, 100.0, 100.0, 100.0)
Saved Model

 ------------- Epoch = 4---------------------

Mean train loss after  0 batches of 4  epochs =0.0809075167013
Mean train loss after  100 batches of 4  epochs =0.109941705693
Mean train loss after  200 batches of 4  epochs =0.111039659006
Mean train loss after  300 batches of 4  epochs =0.111563447412
Mean train loss after  400 batches of 4  epochs =0.11431877675
Mean train loss after  500 batches of 4  epochs =0.114089638345
Mean train loss after  600 batches of 4  epochs =0.117106373172
Mean train loss after  700 batches of 4  epochs =0.118672070139
Mean train loss after  800 batches of 4  epochs =0.117656641662
Mean train loss after  900 batches of 4  epochs =0.118990130816
Mean train loss after  1000 batches of 4  epochs =0.120559939398
Mean train loss after  1100 batches of 4  epochs =0.120548509079
Mean train loss after  1200 batches of 4  epochs =0.122221507103
Mean train loss after  1300 batches of 4  epochs =0.123093583627
Mean train loss after  1400 batches of 4  epochs =0.123126652338
Mean train loss after  1500 batches of 4  epochs =0.123517518748
Mean train loss after  1600 batches of 4  epochs =0.123535814643
Mean train loss after  1700 batches of 4  epochs =0.123499678574
Mean train loss after  1800 batches of 4  epochs =0.123879940594
Mean train loss after  1900 batches of 4  epochs =0.12457781395
Mean train loss after  2000 batches of 4  epochs =0.125236501388
Mean train loss after  2100 batches of 4  epochs =0.125055999388
Mean train loss after  2200 batches of 4  epochs =0.125305594082
Mean train loss after  2300 batches of 4  epochs =0.125225430847
Mean train loss after  2400 batches of 4  epochs =0.125363863678
Mean train loss after  2500 batches of 4  epochs =0.125579691441
Mean train loss after  2600 batches of 4  epochs =0.126279803082
Mean train loss after  2700 batches of 4  epochs =0.126033833202
Mean train loss after  2800 batches of 4  epochs =0.126656251758
Mean train loss after  2900 batches of 4  epochs =0.127415467032
Mean train loss after  3000 batches of 4  epochs =0.12828887058
Mean train loss after  3100 batches of 4  epochs =0.128420496489
Mean train loss after  3200 batches of 4  epochs =0.128099833527
Mean train loss after  3300 batches of 4  epochs =0.128145308292
Mean train loss after  3400 batches of 4  epochs =0.128123690013
Mean train loss after  3500 batches of 4  epochs =0.128128788306
Mean train loss after  3600 batches of 4  epochs =0.128061610284
Mean train loss after  3700 batches of 4  epochs =0.128423687789
Epoch 4 : Mean train epoch loss =0.128459233573
Epoch 4 Epoch val loss = 14755.9554763
Epoch 4 Epoch val perplexity = 1.351118999657365
SCORES =  (91.49, 100.0, 100.0, 100.0)
Saved Model

 ------------- Epoch = 5---------------------

Mean train loss after  0 batches of 5  epochs =0.162208468826
Mean train loss after  100 batches of 5  epochs =0.0944577525454
Mean train loss after  200 batches of 5  epochs =0.0931233644856
Mean train loss after  300 batches of 5  epochs =0.0926275353794
Mean train loss after  400 batches of 5  epochs =0.0923150972999
Mean train loss after  500 batches of 5  epochs =0.0925263449268
Mean train loss after  600 batches of 5  epochs =0.0921024768321
Mean train loss after  700 batches of 5  epochs =0.0930121857561
Mean train loss after  800 batches of 5  epochs =0.0929796677967
Mean train loss after  900 batches of 5  epochs =0.0933126448063
Mean train loss after  1000 batches of 5  epochs =0.0931542801078
Mean train loss after  1100 batches of 5  epochs =0.0926462594024
Mean train loss after  1200 batches of 5  epochs =0.0949723960591
Mean train loss after  1300 batches of 5  epochs =0.0960023019082
Mean train loss after  1400 batches of 5  epochs =0.096436419324
Mean train loss after  1500 batches of 5  epochs =0.0968445500061
Mean train loss after  1600 batches of 5  epochs =0.0972333870004
Mean train loss after  1700 batches of 5  epochs =0.0979734553624
Mean train loss after  1800 batches of 5  epochs =0.0977652498837
Mean train loss after  1900 batches of 5  epochs =0.0986842345797
Mean train loss after  2000 batches of 5  epochs =0.0985619307971
Mean train loss after  2100 batches of 5  epochs =0.0988401203748
Mean train loss after  2200 batches of 5  epochs =0.0988104939297
Mean train loss after  2300 batches of 5  epochs =0.0998465090231
Mean train loss after  2400 batches of 5  epochs =0.100523908336
Mean train loss after  2500 batches of 5  epochs =0.100285759208
Mean train loss after  2600 batches of 5  epochs =0.100359738715
Mean train loss after  2700 batches of 5  epochs =0.100363312611
Mean train loss after  2800 batches of 5  epochs =0.100713205413
Mean train loss after  2900 batches of 5  epochs =0.100976236658
Mean train loss after  3000 batches of 5  epochs =0.101164277941
Mean train loss after  3100 batches of 5  epochs =0.101277596986
Mean train loss after  3200 batches of 5  epochs =0.101462725332
Mean train loss after  3300 batches of 5  epochs =0.101931029618
Mean train loss after  3400 batches of 5  epochs =0.101915722406
Mean train loss after  3500 batches of 5  epochs =0.102341204439
Mean train loss after  3600 batches of 5  epochs =0.102680050465
Mean train loss after  3700 batches of 5  epochs =0.102749791835
Epoch 5 : Mean train epoch loss =0.102675737239
Epoch 5 Epoch val loss = 15194.7399583
Epoch 5 Epoch val perplexity = 1.3632638494004572
SCORES =  (91.55, 100.0, 100.0, 100.0)
Saved Model

 ------------- Epoch = 6---------------------

Mean train loss after  0 batches of 6  epochs =0.0301802754402
Mean train loss after  100 batches of 6  epochs =0.0805979325732
Mean train loss after  200 batches of 6  epochs =0.0788661736894
Mean train loss after  300 batches of 6  epochs =0.0765524903053
Mean train loss after  400 batches of 6  epochs =0.0738624676584
Mean train loss after  500 batches of 6  epochs =0.0741378522172
Mean train loss after  600 batches of 6  epochs =0.076520285272
Mean train loss after  700 batches of 6  epochs =0.076545797803
Mean train loss after  800 batches of 6  epochs =0.0773054151063
Mean train loss after  900 batches of 6  epochs =0.0772202197981
Mean train loss after  1000 batches of 6  epochs =0.0777926541653
Mean train loss after  1100 batches of 6  epochs =0.0789963265308
Mean train loss after  1200 batches of 6  epochs =0.0781651999731
Mean train loss after  1300 batches of 6  epochs =0.0787813892882
Mean train loss after  1400 batches of 6  epochs =0.0790235179014
Mean train loss after  1500 batches of 6  epochs =0.0787758384412
Mean train loss after  1600 batches of 6  epochs =0.0791214142941
Mean train loss after  1700 batches of 6  epochs =0.0795345278945
Mean train loss after  1800 batches of 6  epochs =0.0805505219143
Mean train loss after  1900 batches of 6  epochs =0.080934629154
Mean train loss after  2000 batches of 6  epochs =0.0808474274179
Mean train loss after  2100 batches of 6  epochs =0.0817880794612
Mean train loss after  2200 batches of 6  epochs =0.081818646622
Mean train loss after  2300 batches of 6  epochs =0.0821156253159
Mean train loss after  2400 batches of 6  epochs =0.0822970195328
Mean train loss after  2500 batches of 6  epochs =0.0821118374605
Mean train loss after  2600 batches of 6  epochs =0.0824145294994
Mean train loss after  2700 batches of 6  epochs =0.0827202829349
Mean train loss after  2800 batches of 6  epochs =0.082950155489
Mean train loss after  2900 batches of 6  epochs =0.0829678580247
Mean train loss after  3000 batches of 6  epochs =0.0827804384954
Mean train loss after  3100 batches of 6  epochs =0.0826884319677
Mean train loss after  3200 batches of 6  epochs =0.0831253255678
Mean train loss after  3300 batches of 6  epochs =0.0833051441733
Mean train loss after  3400 batches of 6  epochs =0.0834671462513
Mean train loss after  3500 batches of 6  epochs =0.0835733167611
Mean train loss after  3600 batches of 6  epochs =0.0840255912377
Mean train loss after  3700 batches of 6  epochs =0.0841141047349
Epoch 6 : Mean train epoch loss =0.0843141218136
Epoch 6 Epoch val loss = 16273.9948528
Epoch 6 Epoch val perplexity = 1.3936024030901237
SCORES =  (91.24, 100.0, 100.0, 100.0)
Saved Model

 ------------- Epoch = 7---------------------

Mean train loss after  0 batches of 7  epochs =0.0150791028651
Mean train loss after  100 batches of 7  epochs =0.0589520628247
Mean train loss after  200 batches of 7  epochs =0.0594323501958
Mean train loss after  300 batches of 7  epochs =0.060455785105
Mean train loss after  400 batches of 7  epochs =0.0614555128809
Mean train loss after  500 batches of 7  epochs =0.0617062859805
Mean train loss after  600 batches of 7  epochs =0.0616135511915
Mean train loss after  700 batches of 7  epochs =0.0610428028602
Mean train loss after  800 batches of 7  epochs =0.0625947920322
Mean train loss after  900 batches of 7  epochs =0.0639251223384
Mean train loss after  1000 batches of 7  epochs =0.0648372620495
Mean train loss after  1100 batches of 7  epochs =0.0652023198142
Mean train loss after  1200 batches of 7  epochs =0.0656853732327
Mean train loss after  1300 batches of 7  epochs =0.0646323867481
Mean train loss after  1400 batches of 7  epochs =0.0640798153782
Mean train loss after  1500 batches of 7  epochs =0.0643553521422
Mean train loss after  1600 batches of 7  epochs =0.0646506633379
Mean train loss after  1700 batches of 7  epochs =0.0645847726821
Mean train loss after  1800 batches of 7  epochs =0.0648653058945
Mean train loss after  1900 batches of 7  epochs =0.0651216747663
Mean train loss after  2000 batches of 7  epochs =0.0649329424988
Mean train loss after  2100 batches of 7  epochs =0.0644667770531
Mean train loss after  2200 batches of 7  epochs =0.0645590132592
Mean train loss after  2300 batches of 7  epochs =0.0649513748637
Mean train loss after  2400 batches of 7  epochs =0.0649746078788
Mean train loss after  2500 batches of 7  epochs =0.065461595242
Mean train loss after  2600 batches of 7  epochs =0.0658299962936
Mean train loss after  2700 batches of 7  epochs =0.0662723713839
Mean train loss after  2800 batches of 7  epochs =0.0664312577721
Mean train loss after  2900 batches of 7  epochs =0.0667969802461
Mean train loss after  3000 batches of 7  epochs =0.0671707503494
Mean train loss after  3100 batches of 7  epochs =0.0673223139247
Mean train loss after  3200 batches of 7  epochs =0.0678898347815
Mean train loss after  3300 batches of 7  epochs =0.06835154588
Mean train loss after  3400 batches of 7  epochs =0.0684112752626
Mean train loss after  3500 batches of 7  epochs =0.068602780439
Mean train loss after  3600 batches of 7  epochs =0.0691485603471
Mean train loss after  3700 batches of 7  epochs =0.0692478888108
Epoch 7 : Mean train epoch loss =0.0695044551552
Epoch 7 Epoch val loss = 17016.2917943
Epoch 7 Epoch val perplexity = 1.414859827653596
SCORES =  (91.4, 100.0, 100.0, 100.0)
Saved Model

 ------------- Epoch = 8---------------------

Mean train loss after  0 batches of 8  epochs =0.0695033073425
Mean train loss after  100 batches of 8  epochs =0.0569333341009
Mean train loss after  200 batches of 8  epochs =0.0536061844673
Mean train loss after  300 batches of 8  epochs =0.0533899894839
Mean train loss after  400 batches of 8  epochs =0.055255278945
Mean train loss after  500 batches of 8  epochs =0.0539668696958
Mean train loss after  600 batches of 8  epochs =0.0533065156084
Mean train loss after  700 batches of 8  epochs =0.0533536831181
Mean train loss after  800 batches of 8  epochs =0.0542906199968
Mean train loss after  900 batches of 8  epochs =0.0547874401628
Mean train loss after  1000 batches of 8  epochs =0.0552712758232
Mean train loss after  1100 batches of 8  epochs =0.0555008576345
Mean train loss after  1200 batches of 8  epochs =0.0553399505461
Mean train loss after  1300 batches of 8  epochs =0.0557051225016
Mean train loss after  1400 batches of 8  epochs =0.0565490604296
Mean train loss after  1500 batches of 8  epochs =0.0560224318682
Mean train loss after  1600 batches of 8  epochs =0.0561859728663
Mean train loss after  1700 batches of 8  epochs =0.0564615990433
Mean train loss after  1800 batches of 8  epochs =0.0564300499478
Mean train loss after  1900 batches of 8  epochs =0.0571848451655
Mean train loss after  2000 batches of 8  epochs =0.0573498463663
Mean train loss after  2100 batches of 8  epochs =0.0573419057339
Mean train loss after  2200 batches of 8  epochs =0.057469022317
Mean train loss after  2300 batches of 8  epochs =0.057582991334
Mean train loss after  2400 batches of 8  epochs =0.0574511480601
Mean train loss after  2500 batches of 8  epochs =0.0574632758316
Mean train loss after  2600 batches of 8  epochs =0.0572890038531
Mean train loss after  2700 batches of 8  epochs =0.0577208234954
Mean train loss after  2800 batches of 8  epochs =0.0578084188281
Mean train loss after  2900 batches of 8  epochs =0.0580071338389
Mean train loss after  3000 batches of 8  epochs =0.0581050675088
Mean train loss after  3100 batches of 8  epochs =0.0582381335546
Mean train loss after  3200 batches of 8  epochs =0.0584734285128
Mean train loss after  3300 batches of 8  epochs =0.0587585383218
Mean train loss after  3400 batches of 8  epochs =0.0585894101724
Mean train loss after  3500 batches of 8  epochs =0.0586984816067
Mean train loss after  3600 batches of 8  epochs =0.0588494576483
Mean train loss after  3700 batches of 8  epochs =0.0591853047765
Epoch 8 : Mean train epoch loss =0.0592345325185
Epoch 8 Epoch val loss = 17843.0443685
Epoch 8 Epoch val perplexity = 1.4389177472925292
SCORES =  (91.23, 100.0, 100.0, 100.0)
Saved Model

 ------------- Epoch = 9---------------------

Mean train loss after  0 batches of 9  epochs =0.00670265805894
Mean train loss after  100 batches of 9  epochs =0.040332584437
Mean train loss after  200 batches of 9  epochs =0.0434320756485
Mean train loss after  300 batches of 9  epochs =0.0454526193607
Mean train loss after  400 batches of 9  epochs =0.0468937434857
Mean train loss after  500 batches of 9  epochs =0.0461220733636
Mean train loss after  600 batches of 9  epochs =0.0459782248082
Mean train loss after  700 batches of 9  epochs =0.0468396777769
Mean train loss after  800 batches of 9  epochs =0.0478887127085
Mean train loss after  900 batches of 9  epochs =0.0480259193912
Mean train loss after  1000 batches of 9  epochs =0.0486683540047
Mean train loss after  1100 batches of 9  epochs =0.0483336160957
Mean train loss after  1200 batches of 9  epochs =0.0477211220736
Mean train loss after  1300 batches of 9  epochs =0.0484740536944
Mean train loss after  1400 batches of 9  epochs =0.0488321836966
Mean train loss after  1500 batches of 9  epochs =0.0491231147201
Mean train loss after  1600 batches of 9  epochs =0.0491637652804
Mean train loss after  1700 batches of 9  epochs =0.0488852426655
Mean train loss after  1800 batches of 9  epochs =0.049047061194
Mean train loss after  1900 batches of 9  epochs =0.0489365853385
Mean train loss after  2000 batches of 9  epochs =0.0493202300285
Mean train loss after  2100 batches of 9  epochs =0.0494094622074
Mean train loss after  2200 batches of 9  epochs =0.0494779907522
Mean train loss after  2300 batches of 9  epochs =0.0493616958031
Mean train loss after  2400 batches of 9  epochs =0.0494437976174
Mean train loss after  2500 batches of 9  epochs =0.0498540289698
Mean train loss after  2600 batches of 9  epochs =0.0499634746892
Mean train loss after  2700 batches of 9  epochs =0.0503410386319
Mean train loss after  2800 batches of 9  epochs =0.0502273599027
Mean train loss after  2900 batches of 9  epochs =0.0503958595291
Mean train loss after  3000 batches of 9  epochs =0.0503805137021
Mean train loss after  3100 batches of 9  epochs =0.0508572323549
Mean train loss after  3200 batches of 9  epochs =0.050902177427
Mean train loss after  3300 batches of 9  epochs =0.0508747114719
Mean train loss after  3400 batches of 9  epochs =0.0509312890891
Mean train loss after  3500 batches of 9  epochs =0.0510284884441
Mean train loss after  3600 batches of 9  epochs =0.0510628453949
Mean train loss after  3700 batches of 9  epochs =0.0513487563613
Epoch 9 : Mean train epoch loss =0.0515534289115
Epoch 9 Epoch val loss = 18361.1297162
Epoch 9 Epoch val perplexity = 1.4542017223112877
SCORES =  (91.45, 100.0, 100.0, 100.0)
Saved Model

 ------------- Epoch = 10---------------------

Mean train loss after  0 batches of 10  epochs =0.0131413076342
Mean train loss after  100 batches of 10  epochs =0.0349342112819
Mean train loss after  200 batches of 10  epochs =0.041396068827
Mean train loss after  300 batches of 10  epochs =0.0399318396017
Mean train loss after  400 batches of 10  epochs =0.0405175832158
Mean train loss after  500 batches of 10  epochs =0.0422583156152
Mean train loss after  600 batches of 10  epochs =0.0413576091572
Mean train loss after  700 batches of 10  epochs =0.0405707076792
Mean train loss after  800 batches of 10  epochs =0.040070615414
Mean train loss after  900 batches of 10  epochs =0.0407763755179
Mean train loss after  1000 batches of 10  epochs =0.0414933214987
Mean train loss after  1100 batches of 10  epochs =0.0413497756909
Mean train loss after  1200 batches of 10  epochs =0.0420696781232
Mean train loss after  1300 batches of 10  epochs =0.0419218494539
Mean train loss after  1400 batches of 10  epochs =0.0415162940904
Mean train loss after  1500 batches of 10  epochs =0.0412888265897
Mean train loss after  1600 batches of 10  epochs =0.0415094293394
Mean train loss after  1700 batches of 10  epochs =0.041788318344
Mean train loss after  1800 batches of 10  epochs =0.0422589439305
Mean train loss after  1900 batches of 10  epochs =0.0425064891218
Mean train loss after  2000 batches of 10  epochs =0.0426467991549
Mean train loss after  2100 batches of 10  epochs =0.0429618401263
Mean train loss after  2200 batches of 10  epochs =0.0427463005817
Mean train loss after  2300 batches of 10  epochs =0.0431356183945
Mean train loss after  2400 batches of 10  epochs =0.0434127792165
Mean train loss after  2500 batches of 10  epochs =0.0434354069314
Mean train loss after  2600 batches of 10  epochs =0.0437865503444
Mean train loss after  2700 batches of 10  epochs =0.0442586052161
Mean train loss after  2800 batches of 10  epochs =0.0446476993151
Mean train loss after  2900 batches of 10  epochs =0.044539580407
Mean train loss after  3000 batches of 10  epochs =0.0450218820093
Mean train loss after  3100 batches of 10  epochs =0.0450144137638
Mean train loss after  3200 batches of 10  epochs =0.0451109643729
Mean train loss after  3300 batches of 10  epochs =0.0452850261046
Mean train loss after  3400 batches of 10  epochs =0.0453840064112
Mean train loss after  3500 batches of 10  epochs =0.0456620687074
Mean train loss after  3600 batches of 10  epochs =0.0458013926995
Mean train loss after  3700 batches of 10  epochs =0.0458355181834
Epoch 10 : Mean train epoch loss =0.0458679183169
Epoch 10 Epoch val loss = 19655.8845954
Epoch 10 Epoch val perplexity = 1.4931117313459972
SCORES =  (91.21, 100.0, 100.0, 100.0)
Saved Model

 ------------- Epoch = 11---------------------

Mean train loss after  0 batches of 11  epochs =0.0299423657931
Mean train loss after  100 batches of 11  epochs =0.0362139560225
Mean train loss after  200 batches of 11  epochs =0.0350427667096
Mean train loss after  300 batches of 11  epochs =0.0380718408283
Mean train loss after  400 batches of 11  epochs =0.0384770491507
Mean train loss after  500 batches of 11  epochs =0.038592227641
Mean train loss after  600 batches of 11  epochs =0.0372926852083
Mean train loss after  700 batches of 11  epochs =0.0371367311632
Mean train loss after  800 batches of 11  epochs =0.0367956042769
Mean train loss after  900 batches of 11  epochs =0.0365783961301
Mean train loss after  1000 batches of 11  epochs =0.0369641424396
Mean train loss after  1100 batches of 11  epochs =0.0368946090094
Mean train loss after  1200 batches of 11  epochs =0.0370893589372
Mean train loss after  1300 batches of 11  epochs =0.0376796125366
Mean train loss after  1400 batches of 11  epochs =0.0375453226532
Mean train loss after  1500 batches of 11  epochs =0.0374580390719
Mean train loss after  1600 batches of 11  epochs =0.0385019825409
Mean train loss after  1700 batches of 11  epochs =0.038232777758
Mean train loss after  1800 batches of 11  epochs =0.0383011255115
Mean train loss after  1900 batches of 11  epochs =0.038479387334
Mean train loss after  2000 batches of 11  epochs =0.0385411380684
Mean train loss after  2100 batches of 11  epochs =0.0385640457291
Mean train loss after  2200 batches of 11  epochs =0.0385455763669
Mean train loss after  2300 batches of 11  epochs =0.039089744622
Mean train loss after  2400 batches of 11  epochs =0.0393901629742
Mean train loss after  2500 batches of 11  epochs =0.0396856080485
Mean train loss after  2600 batches of 11  epochs =0.0399928824215
Mean train loss after  2700 batches of 11  epochs =0.0401597022448
Mean train loss after  2800 batches of 11  epochs =0.0400138185497
Mean train loss after  2900 batches of 11  epochs =0.0401898407546
Mean train loss after  3000 batches of 11  epochs =0.0403335449536
Mean train loss after  3100 batches of 11  epochs =0.0404095484245
Mean train loss after  3200 batches of 11  epochs =0.040594971875
Mean train loss after  3300 batches of 11  epochs =0.0406009322089
Mean train loss after  3400 batches of 11  epochs =0.0408348926756
Mean train loss after  3500 batches of 11  epochs =0.0411429585851
Mean train loss after  3600 batches of 11  epochs =0.0412820336195
Mean train loss after  3700 batches of 11  epochs =0.0413093556234
Epoch 11 : Mean train epoch loss =0.0414124423203
Epoch 11 Epoch val loss = 20255.7064769
Epoch 11 Epoch val perplexity = 1.5114888030951312
SCORES =  (91.4, 100.0, 100.0, 100.0)
Saved Model
