--*-*-*-*
Namespace(batch_size=4, data_dir='data/processed_data/', debug=False, emb_size=128, hidden_size=128, min_frequency=2, mode='train', model_name='pos_birnn_128e_128h', model_type='birnn', num_epochs=12, optimizer_type='ADAM', print_batch_freq=100, save_epoch_freq=1, saved_model_path=None, start_tag='start_tag', stop_tag='stop_tag', task='pos')
====================================================================================================
Creating Data Handler object
split_lens =  {'test': 0, 'train': 14986, 'val': 3465}
tag_dct =  {'PRP$': 0, 'VBG': 1, 'VBD': 2, 'start_tag': 3, 'VBN': 4, ',': 5, "''": 6, 'VBP': 7, 'WDT': 8, 'JJ': 9, 'WP': 10, 'VBZ': 11, 'DT': 12, '"': 13, 'RP': 14, '$': 15, 'NN': 16, ')': 17, '(': 18, 'FW': 19, 'POS': 20, '.': 21, 'TO': 22, '-X-': 23, 'LS': 24, 'RB': 25, ':': 26, 'NNS': 27, 'PRP': 28, 'VB': 29, 'WRB': 30, 'CC': 31, 'PDT': 32, 'RBS': 33, 'RBR': 34, 'CD': 35, 'EX': 36, 'IN': 37, 'WP$': 38, 'NN|SYM': 39, 'MD': 40, 'NNPS': 41, 'JJS': 42, 'JJR': 43, 'SYM': 44, 'UH': 45, 'stop_tag': 46, 'NNP': 47}
:---- create model birnn
RNNEncoder:  ['embeddings', 'encoder']
RNNEncoder:  ['embeddings', 'encoder']
BiRNNModel:  ['encoder', 'revcoder']
RNNTagger:  ['rnn_model', 'W']

 ------------- Epoch = 0---------------------

Mean train loss after  0 batches of 0  epochs =3.8780263265
Mean train loss after  100 batches of 0  epochs =2.42472922301
Mean train loss after  200 batches of 0  epochs =1.92870327175
Mean train loss after  300 batches of 0  epochs =1.6489780916
Mean train loss after  400 batches of 0  epochs =1.5178039292
Mean train loss after  500 batches of 0  epochs =1.41076894727
Mean train loss after  600 batches of 0  epochs =1.31415094884
Mean train loss after  700 batches of 0  epochs =1.24590719595
Mean train loss after  800 batches of 0  epochs =1.18527154229
Mean train loss after  900 batches of 0  epochs =1.1324716799
Mean train loss after  1000 batches of 0  epochs =1.08702581109
Mean train loss after  1100 batches of 0  epochs =1.04274799368
Mean train loss after  1200 batches of 0  epochs =1.00937055942
Mean train loss after  1300 batches of 0  epochs =0.979545770112
Mean train loss after  1400 batches of 0  epochs =0.953791486215
Mean train loss after  1500 batches of 0  epochs =0.930615918119
Mean train loss after  1600 batches of 0  epochs =0.905731482214
Mean train loss after  1700 batches of 0  epochs =0.886257779681
Mean train loss after  1800 batches of 0  epochs =0.866294039759
Mean train loss after  1900 batches of 0  epochs =0.848903474256
Mean train loss after  2000 batches of 0  epochs =0.834368565363
Mean train loss after  2100 batches of 0  epochs =0.818228221851
Mean train loss after  2200 batches of 0  epochs =0.803580997031
Mean train loss after  2300 batches of 0  epochs =0.789082267149
Mean train loss after  2400 batches of 0  epochs =0.774652322202
Mean train loss after  2500 batches of 0  epochs =0.761560161591
Mean train loss after  2600 batches of 0  epochs =0.748260696706
Mean train loss after  2700 batches of 0  epochs =0.736824053303
Mean train loss after  2800 batches of 0  epochs =0.724844929332
Mean train loss after  2900 batches of 0  epochs =0.715030407288
Mean train loss after  3000 batches of 0  epochs =0.704500996625
Mean train loss after  3100 batches of 0  epochs =0.694453021811
Mean train loss after  3200 batches of 0  epochs =0.685344661907
Mean train loss after  3300 batches of 0  epochs =0.677953872656
Mean train loss after  3400 batches of 0  epochs =0.66988219124
Mean train loss after  3500 batches of 0  epochs =0.661706678907
Mean train loss after  3600 batches of 0  epochs =0.653631557287
Mean train loss after  3700 batches of 0  epochs =0.64657429359
Epoch 0 : Mean train epoch loss =0.642719323882
Epoch 0 Epoch val loss = 17439.289016
Epoch 0 Epoch val perplexity = 1.427118069890682
SCORES =  (89.67, 100.0, 100.0, 100.0)
Saved Model

 ------------- Epoch = 1---------------------

Mean train loss after  0 batches of 1  epochs =0.3198262472
Mean train loss after  100 batches of 1  epochs =0.270129450892
Mean train loss after  200 batches of 1  epochs =0.261509058548
Mean train loss after  300 batches of 1  epochs =0.255764156731
Mean train loss after  400 batches of 1  epochs =0.261178009595
Mean train loss after  500 batches of 1  epochs =0.263693136562
Mean train loss after  600 batches of 1  epochs =0.261789663104
Mean train loss after  700 batches of 1  epochs =0.261018479814
Mean train loss after  800 batches of 1  epochs =0.25961978662
Mean train loss after  900 batches of 1  epochs =0.25998609513
Mean train loss after  1000 batches of 1  epochs =0.260305087001
Mean train loss after  1100 batches of 1  epochs =0.262542875172
Mean train loss after  1200 batches of 1  epochs =0.26191537596
Mean train loss after  1300 batches of 1  epochs =0.263687018739
Mean train loss after  1400 batches of 1  epochs =0.26182809818
Mean train loss after  1500 batches of 1  epochs =0.260886235721
Mean train loss after  1600 batches of 1  epochs =0.260090992579
Mean train loss after  1700 batches of 1  epochs =0.260028085651
Mean train loss after  1800 batches of 1  epochs =0.260108752376
Mean train loss after  1900 batches of 1  epochs =0.258484001756
Mean train loss after  2000 batches of 1  epochs =0.25796722004
Mean train loss after  2100 batches of 1  epochs =0.256694668434
Mean train loss after  2200 batches of 1  epochs =0.255992330202
Mean train loss after  2300 batches of 1  epochs =0.255157770267
Mean train loss after  2400 batches of 1  epochs =0.254814973772
Mean train loss after  2500 batches of 1  epochs =0.253938403965
Mean train loss after  2600 batches of 1  epochs =0.252741026492
Mean train loss after  2700 batches of 1  epochs =0.253003550187
Mean train loss after  2800 batches of 1  epochs =0.252366807192
Mean train loss after  2900 batches of 1  epochs =0.251578993786
Mean train loss after  3000 batches of 1  epochs =0.251234451491
Mean train loss after  3100 batches of 1  epochs =0.250708994461
Mean train loss after  3200 batches of 1  epochs =0.25061523032
Mean train loss after  3300 batches of 1  epochs =0.249393364238
Mean train loss after  3400 batches of 1  epochs =0.249127069548
Mean train loss after  3500 batches of 1  epochs =0.248094767504
Mean train loss after  3600 batches of 1  epochs =0.247701945173
Mean train loss after  3700 batches of 1  epochs =0.247166159285
Epoch 1 : Mean train epoch loss =0.246870683379
Epoch 1 Epoch val loss = 13617.9013817
Epoch 1 Epoch val perplexity = 1.3201213293178118
SCORES =  (91.75, 100.0, 100.0, 100.0)
Saved Model

 ------------- Epoch = 2---------------------

Mean train loss after  0 batches of 2  epochs =0.205160659037
Mean train loss after  100 batches of 2  epochs =0.144889200527
Mean train loss after  200 batches of 2  epochs =0.155576033342
Mean train loss after  300 batches of 2  epochs =0.154853394075
Mean train loss after  400 batches of 2  epochs =0.149329306457
Mean train loss after  500 batches of 2  epochs =0.145490375601
Mean train loss after  600 batches of 2  epochs =0.142932436676
Mean train loss after  700 batches of 2  epochs =0.144454071138
Mean train loss after  800 batches of 2  epochs =0.144579440938
Mean train loss after  900 batches of 2  epochs =0.144829563265
Mean train loss after  1000 batches of 2  epochs =0.146286210356
Mean train loss after  1100 batches of 2  epochs =0.146265460655
Mean train loss after  1200 batches of 2  epochs =0.146338354734
Mean train loss after  1300 batches of 2  epochs =0.147239370288
Mean train loss after  1400 batches of 2  epochs =0.14798118117
Mean train loss after  1500 batches of 2  epochs =0.147300852968
Mean train loss after  1600 batches of 2  epochs =0.147467967985
Mean train loss after  1700 batches of 2  epochs =0.148405481043
Mean train loss after  1800 batches of 2  epochs =0.147944826451
Mean train loss after  1900 batches of 2  epochs =0.148360869016
Mean train loss after  2000 batches of 2  epochs =0.148716668434
Mean train loss after  2100 batches of 2  epochs =0.148605695629
Mean train loss after  2200 batches of 2  epochs =0.14916855932
Mean train loss after  2300 batches of 2  epochs =0.149104818972
Mean train loss after  2400 batches of 2  epochs =0.148653941346
Mean train loss after  2500 batches of 2  epochs =0.147827646271
Mean train loss after  2600 batches of 2  epochs =0.147701156339
Mean train loss after  2700 batches of 2  epochs =0.148217102222
Mean train loss after  2800 batches of 2  epochs =0.148308462829
Mean train loss after  2900 batches of 2  epochs =0.148752238309
Mean train loss after  3000 batches of 2  epochs =0.148244890552
Mean train loss after  3100 batches of 2  epochs =0.14840081481
Mean train loss after  3200 batches of 2  epochs =0.149241764194
Mean train loss after  3300 batches of 2  epochs =0.149091200586
Mean train loss after  3400 batches of 2  epochs =0.149386759985
Mean train loss after  3500 batches of 2  epochs =0.149322009312
Mean train loss after  3600 batches of 2  epochs =0.149797709224
Mean train loss after  3700 batches of 2  epochs =0.149791650878
Epoch 2 : Mean train epoch loss =0.14957416222
Epoch 2 Epoch val loss = 13041.1151562
Epoch 2 Epoch val perplexity = 1.304683735509839
SCORES =  (92.35, 100.0, 100.0, 100.0)
Saved Model

 ------------- Epoch = 3---------------------

Mean train loss after  0 batches of 3  epochs =0.0385405008609
Mean train loss after  100 batches of 3  epochs =0.0873562541027
Mean train loss after  200 batches of 3  epochs =0.0906089819443
Mean train loss after  300 batches of 3  epochs =0.0969134666724
Mean train loss after  400 batches of 3  epochs =0.0944577377268
Mean train loss after  500 batches of 3  epochs =0.0939583613704
Mean train loss after  600 batches of 3  epochs =0.0934833918352
Mean train loss after  700 batches of 3  epochs =0.0931223746793
Mean train loss after  800 batches of 3  epochs =0.0923504203029
Mean train loss after  900 batches of 3  epochs =0.0922275721637
Mean train loss after  1000 batches of 3  epochs =0.0913247359206
Mean train loss after  1100 batches of 3  epochs =0.0915465772256
Mean train loss after  1200 batches of 3  epochs =0.0908420625811
Mean train loss after  1300 batches of 3  epochs =0.0918913846708
Mean train loss after  1400 batches of 3  epochs =0.0912258579875
Mean train loss after  1500 batches of 3  epochs =0.0912744853607
Mean train loss after  1600 batches of 3  epochs =0.091627779058
Mean train loss after  1700 batches of 3  epochs =0.0919335867439
Mean train loss after  1800 batches of 3  epochs =0.0915856719068
Mean train loss after  1900 batches of 3  epochs =0.0920038599265
Mean train loss after  2000 batches of 3  epochs =0.0929586502688
Mean train loss after  2100 batches of 3  epochs =0.0929214873971
Mean train loss after  2200 batches of 3  epochs =0.0932936694059
Mean train loss after  2300 batches of 3  epochs =0.0937926129161
Mean train loss after  2400 batches of 3  epochs =0.0941546976093
Mean train loss after  2500 batches of 3  epochs =0.0943028009332
Mean train loss after  2600 batches of 3  epochs =0.0941916537949
Mean train loss after  2700 batches of 3  epochs =0.0946054476644
Mean train loss after  2800 batches of 3  epochs =0.0956721881288
Mean train loss after  2900 batches of 3  epochs =0.0961562152535
Mean train loss after  3000 batches of 3  epochs =0.0964001655294
Mean train loss after  3100 batches of 3  epochs =0.0966212377162
Mean train loss after  3200 batches of 3  epochs =0.0971852623197
Mean train loss after  3300 batches of 3  epochs =0.0971445482444
Mean train loss after  3400 batches of 3  epochs =0.0974190758445
Mean train loss after  3500 batches of 3  epochs =0.0975012446205
Mean train loss after  3600 batches of 3  epochs =0.0979732088457
Mean train loss after  3700 batches of 3  epochs =0.0981483311805
Epoch 3 : Mean train epoch loss =0.0980590438295
Epoch 3 Epoch val loss = 13339.6789463
Epoch 3 Epoch val perplexity = 1.3126520767190721
SCORES =  (92.55, 100.0, 100.0, 100.0)
Saved Model

 ------------- Epoch = 4---------------------

Mean train loss after  0 batches of 4  epochs =0.00984283593985
Mean train loss after  100 batches of 4  epochs =0.0557169207297
Mean train loss after  200 batches of 4  epochs =0.0563901950189
Mean train loss after  300 batches of 4  epochs =0.0582319085165
Mean train loss after  400 batches of 4  epochs =0.0576768766798
Mean train loss after  500 batches of 4  epochs =0.0585797680065
Mean train loss after  600 batches of 4  epochs =0.0600411569799
Mean train loss after  700 batches of 4  epochs =0.0592197267454
Mean train loss after  800 batches of 4  epochs =0.0580945579374
Mean train loss after  900 batches of 4  epochs =0.0575418141365
Mean train loss after  1000 batches of 4  epochs =0.0576054689296
Mean train loss after  1100 batches of 4  epochs =0.0563964741848
Mean train loss after  1200 batches of 4  epochs =0.0563081807719
Mean train loss after  1300 batches of 4  epochs =0.0562609472117
Mean train loss after  1400 batches of 4  epochs =0.0563553356646
Mean train loss after  1500 batches of 4  epochs =0.0572273943629
Mean train loss after  1600 batches of 4  epochs =0.0577369897045
Mean train loss after  1700 batches of 4  epochs =0.0580763691453
Mean train loss after  1800 batches of 4  epochs =0.0577614834842
Mean train loss after  1900 batches of 4  epochs =0.0581448713943
Mean train loss after  2000 batches of 4  epochs =0.058281825238
Mean train loss after  2100 batches of 4  epochs =0.0586227995665
Mean train loss after  2200 batches of 4  epochs =0.0586493680252
Mean train loss after  2300 batches of 4  epochs =0.0590027541763
Mean train loss after  2400 batches of 4  epochs =0.0592222723153
Mean train loss after  2500 batches of 4  epochs =0.0601241167811
Mean train loss after  2600 batches of 4  epochs =0.0606525286278
Mean train loss after  2700 batches of 4  epochs =0.0605391835843
Mean train loss after  2800 batches of 4  epochs =0.0610715974451
Mean train loss after  2900 batches of 4  epochs =0.0612342552618
Mean train loss after  3000 batches of 4  epochs =0.0615719405716
Mean train loss after  3100 batches of 4  epochs =0.0618966316598
Mean train loss after  3200 batches of 4  epochs =0.0620897970864
Mean train loss after  3300 batches of 4  epochs =0.0623145273164
Mean train loss after  3400 batches of 4  epochs =0.0626508280728
Mean train loss after  3500 batches of 4  epochs =0.062933754023
Mean train loss after  3600 batches of 4  epochs =0.0631023603841
Mean train loss after  3700 batches of 4  epochs =0.0633646109604
Epoch 4 : Mean train epoch loss =0.0634850925771
Epoch 4 Epoch val loss = 14640.956001
Epoch 4 Epoch val perplexity = 1.3479539322701042
SCORES =  (92.58, 100.0, 100.0, 100.0)
Saved Model

 ------------- Epoch = 5---------------------

Mean train loss after  0 batches of 5  epochs =0.00220092773438
Mean train loss after  100 batches of 5  epochs =0.0415850782062
Mean train loss after  200 batches of 5  epochs =0.040937183035
Mean train loss after  300 batches of 5  epochs =0.0398622761327
Mean train loss after  400 batches of 5  epochs =0.0374139041016
Mean train loss after  500 batches of 5  epochs =0.036127807727
Mean train loss after  600 batches of 5  epochs =0.0361554785383
Mean train loss after  700 batches of 5  epochs =0.0369408229971
Mean train loss after  800 batches of 5  epochs =0.0361027699513
Mean train loss after  900 batches of 5  epochs =0.036122114515
Mean train loss after  1000 batches of 5  epochs =0.0366349676486
Mean train loss after  1100 batches of 5  epochs =0.0371041713015
Mean train loss after  1200 batches of 5  epochs =0.0372797935172
Mean train loss after  1300 batches of 5  epochs =0.0368533016965
Mean train loss after  1400 batches of 5  epochs =0.0368243162709
Mean train loss after  1500 batches of 5  epochs =0.0367783583219
Mean train loss after  1600 batches of 5  epochs =0.0365810063328
Mean train loss after  1700 batches of 5  epochs =0.0369031832027
Mean train loss after  1800 batches of 5  epochs =0.0369161543994
Mean train loss after  1900 batches of 5  epochs =0.0373568785305
Mean train loss after  2000 batches of 5  epochs =0.0377730488947
Mean train loss after  2100 batches of 5  epochs =0.0381923529534
Mean train loss after  2200 batches of 5  epochs =0.0380838208131
Mean train loss after  2300 batches of 5  epochs =0.0381614095382
Mean train loss after  2400 batches of 5  epochs =0.0385155477598
Mean train loss after  2500 batches of 5  epochs =0.0385222354084
Mean train loss after  2600 batches of 5  epochs =0.0385749335233
Mean train loss after  2700 batches of 5  epochs =0.038656531917
Mean train loss after  2800 batches of 5  epochs =0.0387024489766
Mean train loss after  2900 batches of 5  epochs =0.0387783142521
Mean train loss after  3000 batches of 5  epochs =0.0387711490049
Mean train loss after  3100 batches of 5  epochs =0.0392303609756
Mean train loss after  3200 batches of 5  epochs =0.0396888096288
Mean train loss after  3300 batches of 5  epochs =0.0402746712448
Mean train loss after  3400 batches of 5  epochs =0.0404174755153
Mean train loss after  3500 batches of 5  epochs =0.0406425379934
Mean train loss after  3600 batches of 5  epochs =0.0407560730056
Mean train loss after  3700 batches of 5  epochs =0.0409717228997
Epoch 5 : Mean train epoch loss =0.0411408812363
Epoch 5 Epoch val loss = 16096.9739349
Epoch 5 Epoch val perplexity = 1.3885803366930503
SCORES =  (92.42, 100.0, 100.0, 100.0)
Saved Model

 ------------- Epoch = 6---------------------

Mean train loss after  0 batches of 6  epochs =0.0272689966055
Mean train loss after  100 batches of 6  epochs =0.0193938508412
Mean train loss after  200 batches of 6  epochs =0.0226766250728
Mean train loss after  300 batches of 6  epochs =0.0223850129444
Mean train loss after  400 batches of 6  epochs =0.0224877512884
Mean train loss after  500 batches of 6  epochs =0.0226209802748
Mean train loss after  600 batches of 6  epochs =0.022225923972
Mean train loss after  700 batches of 6  epochs =0.0220724954619
Mean train loss after  800 batches of 6  epochs =0.0227111046079
Mean train loss after  900 batches of 6  epochs =0.0228128414004
Mean train loss after  1000 batches of 6  epochs =0.0231816634772
Mean train loss after  1100 batches of 6  epochs =0.0230479484645
Mean train loss after  1200 batches of 6  epochs =0.0229719654218
Mean train loss after  1300 batches of 6  epochs =0.0231483921171
Mean train loss after  1400 batches of 6  epochs =0.0232946072351
Mean train loss after  1500 batches of 6  epochs =0.0236408455403
Mean train loss after  1600 batches of 6  epochs =0.0239509862836
Mean train loss after  1700 batches of 6  epochs =0.0241073859107
Mean train loss after  1800 batches of 6  epochs =0.024154310447
Mean train loss after  1900 batches of 6  epochs =0.0241570135155
Mean train loss after  2000 batches of 6  epochs =0.0244690169804
Mean train loss after  2100 batches of 6  epochs =0.0244878204669
Mean train loss after  2200 batches of 6  epochs =0.0247651574254
Mean train loss after  2300 batches of 6  epochs =0.024790435255
Mean train loss after  2400 batches of 6  epochs =0.0250251013849
Mean train loss after  2500 batches of 6  epochs =0.0254829448987
Mean train loss after  2600 batches of 6  epochs =0.0257404256499
Mean train loss after  2700 batches of 6  epochs =0.0261134796976
Mean train loss after  2800 batches of 6  epochs =0.0262185298868
Mean train loss after  2900 batches of 6  epochs =0.0264933493877
Mean train loss after  3000 batches of 6  epochs =0.0266712839935
Mean train loss after  3100 batches of 6  epochs =0.0268312703963
Mean train loss after  3200 batches of 6  epochs =0.0269584512407
Mean train loss after  3300 batches of 6  epochs =0.0270590331266
Mean train loss after  3400 batches of 6  epochs =0.0272626399553
Mean train loss after  3500 batches of 6  epochs =0.0273641195135
Mean train loss after  3600 batches of 6  epochs =0.0275648545791
Mean train loss after  3700 batches of 6  epochs =0.0279297659351
Epoch 6 : Mean train epoch loss =0.028019410238
Epoch 6 Epoch val loss = 17276.3842504
Epoch 6 Epoch val perplexity = 1.4223846487389806
SCORES =  (92.37, 100.0, 100.0, 100.0)
Saved Model

 ------------- Epoch = 7---------------------

Mean train loss after  0 batches of 7  epochs =0.040711938471
Mean train loss after  100 batches of 7  epochs =0.022862695892
Mean train loss after  200 batches of 7  epochs =0.0180504322695
Mean train loss after  300 batches of 7  epochs =0.0169608434452
Mean train loss after  400 batches of 7  epochs =0.0163122267732
Mean train loss after  500 batches of 7  epochs =0.0156187659799
Mean train loss after  600 batches of 7  epochs =0.0153510486407
Mean train loss after  700 batches of 7  epochs =0.016420646988
Mean train loss after  800 batches of 7  epochs =0.0166758755585
Mean train loss after  900 batches of 7  epochs =0.0165284954923
Mean train loss after  1000 batches of 7  epochs =0.0172294449543
Mean train loss after  1100 batches of 7  epochs =0.0172411384493
Mean train loss after  1200 batches of 7  epochs =0.0174538694669
Mean train loss after  1300 batches of 7  epochs =0.017279556587
Mean train loss after  1400 batches of 7  epochs =0.0177056896499
Mean train loss after  1500 batches of 7  epochs =0.0178410518013
Mean train loss after  1600 batches of 7  epochs =0.0177778854384
Mean train loss after  1700 batches of 7  epochs =0.0179313328795
Mean train loss after  1800 batches of 7  epochs =0.0180458444827
Mean train loss after  1900 batches of 7  epochs =0.0184090315037
Mean train loss after  2000 batches of 7  epochs =0.0182698584755
Mean train loss after  2100 batches of 7  epochs =0.0182510248612
Mean train loss after  2200 batches of 7  epochs =0.0183055244839
Mean train loss after  2300 batches of 7  epochs =0.0183187313091
Mean train loss after  2400 batches of 7  epochs =0.0183081684832
Mean train loss after  2500 batches of 7  epochs =0.0185904308256
Mean train loss after  2600 batches of 7  epochs =0.0187158447124
Mean train loss after  2700 batches of 7  epochs =0.0188153245174
Mean train loss after  2800 batches of 7  epochs =0.0188902131992
Mean train loss after  2900 batches of 7  epochs =0.0189366258109
Mean train loss after  3000 batches of 7  epochs =0.0191644731154
Mean train loss after  3100 batches of 7  epochs =0.0193169246827
Mean train loss after  3200 batches of 7  epochs =0.0196563808926
Mean train loss after  3300 batches of 7  epochs =0.0198172028664
Mean train loss after  3400 batches of 7  epochs =0.0198224049779
Mean train loss after  3500 batches of 7  epochs =0.0199863444572
Mean train loss after  3600 batches of 7  epochs =0.0201592475649
Mean train loss after  3700 batches of 7  epochs =0.0202216621347
Epoch 7 : Mean train epoch loss =0.0202879891294
Epoch 7 Epoch val loss = 18779.123208
Epoch 7 Epoch val perplexity = 1.4666511461443656
SCORES =  (92.28, 100.0, 100.0, 100.0)
Saved Model

 ------------- Epoch = 8---------------------

Mean train loss after  0 batches of 8  epochs =0.0139674989801
Mean train loss after  100 batches of 8  epochs =0.0110350342217
Mean train loss after  200 batches of 8  epochs =0.0122910314905
Mean train loss after  300 batches of 8  epochs =0.0128459002081
Mean train loss after  400 batches of 8  epochs =0.0128234908803
Mean train loss after  500 batches of 8  epochs =0.0132007679049
Mean train loss after  600 batches of 8  epochs =0.013349850186
Mean train loss after  700 batches of 8  epochs =0.0136406592877
Mean train loss after  800 batches of 8  epochs =0.0142957416223
Mean train loss after  900 batches of 8  epochs =0.0139693804236
Mean train loss after  1000 batches of 8  epochs =0.0139285886388
Mean train loss after  1100 batches of 8  epochs =0.0138800812408
Mean train loss after  1200 batches of 8  epochs =0.0137654884734
Mean train loss after  1300 batches of 8  epochs =0.013922204303
Mean train loss after  1400 batches of 8  epochs =0.0138807791339
Mean train loss after  1500 batches of 8  epochs =0.0138315314157
Mean train loss after  1600 batches of 8  epochs =0.0138940925728
Mean train loss after  1700 batches of 8  epochs =0.0136976519187
Mean train loss after  1800 batches of 8  epochs =0.0136866736624
Mean train loss after  1900 batches of 8  epochs =0.0136950178619
Mean train loss after  2000 batches of 8  epochs =0.0139817567425
Mean train loss after  2100 batches of 8  epochs =0.0139374911148
Mean train loss after  2200 batches of 8  epochs =0.0140147726212
Mean train loss after  2300 batches of 8  epochs =0.0140182191335
Mean train loss after  2400 batches of 8  epochs =0.0144660486292
Mean train loss after  2500 batches of 8  epochs =0.0145929866739
Mean train loss after  2600 batches of 8  epochs =0.0149027566219
Mean train loss after  2700 batches of 8  epochs =0.0148870529911
Mean train loss after  2800 batches of 8  epochs =0.0150804021614
Mean train loss after  2900 batches of 8  epochs =0.0152504396542
Mean train loss after  3000 batches of 8  epochs =0.0152200473192
Mean train loss after  3100 batches of 8  epochs =0.0152379242636
Mean train loss after  3200 batches of 8  epochs =0.0153523684894
Mean train loss after  3300 batches of 8  epochs =0.0154355345221
Mean train loss after  3400 batches of 8  epochs =0.0155953974842
Mean train loss after  3500 batches of 8  epochs =0.0159573706857
Mean train loss after  3600 batches of 8  epochs =0.0159825819029
Mean train loss after  3700 batches of 8  epochs =0.0160594129984
Epoch 8 : Mean train epoch loss =0.0160310750496
Epoch 8 Epoch val loss = 20030.25771
Epoch 8 Epoch val perplexity = 1.5045552242603537
SCORES =  (92.29, 100.0, 100.0, 100.0)
Saved Model

 ------------- Epoch = 9---------------------

Mean train loss after  0 batches of 9  epochs =0.00103379473274
Mean train loss after  100 batches of 9  epochs =0.0101766054271
Mean train loss after  200 batches of 9  epochs =0.00950211236078
Mean train loss after  300 batches of 9  epochs =0.00980207592269
Mean train loss after  400 batches of 9  epochs =0.0102852204149
Mean train loss after  500 batches of 9  epochs =0.0102083977373
Mean train loss after  600 batches of 9  epochs =0.0101871816124
Mean train loss after  700 batches of 9  epochs =0.00976554589757
Mean train loss after  800 batches of 9  epochs =0.00970877763095
Mean train loss after  900 batches of 9  epochs =0.0101537155694
Mean train loss after  1000 batches of 9  epochs =0.0103524841332
Mean train loss after  1100 batches of 9  epochs =0.0105408699629
Mean train loss after  1200 batches of 9  epochs =0.0108567667978
Mean train loss after  1300 batches of 9  epochs =0.0107460770645
Mean train loss after  1400 batches of 9  epochs =0.0110774999255
Mean train loss after  1500 batches of 9  epochs =0.0115102345985
Mean train loss after  1600 batches of 9  epochs =0.0117187815742
Mean train loss after  1700 batches of 9  epochs =0.0117292284291
Mean train loss after  1800 batches of 9  epochs =0.0116763300816
Mean train loss after  1900 batches of 9  epochs =0.011814133485
Mean train loss after  2000 batches of 9  epochs =0.0119663040061
Mean train loss after  2100 batches of 9  epochs =0.012076869378
Mean train loss after  2200 batches of 9  epochs =0.0121055303767
Mean train loss after  2300 batches of 9  epochs =0.0123185038908
Mean train loss after  2400 batches of 9  epochs =0.0123586692332
Mean train loss after  2500 batches of 9  epochs =0.0123322207882
Mean train loss after  2600 batches of 9  epochs =0.0123437422712
Mean train loss after  2700 batches of 9  epochs =0.0123948238476
Mean train loss after  2800 batches of 9  epochs =0.0127649798612
Mean train loss after  2900 batches of 9  epochs =0.0127357523824
Mean train loss after  3000 batches of 9  epochs =0.0128209045085
Mean train loss after  3100 batches of 9  epochs =0.0129547436519
Mean train loss after  3200 batches of 9  epochs =0.0131186787152
Mean train loss after  3300 batches of 9  epochs =0.0133530497336
Mean train loss after  3400 batches of 9  epochs =0.0134055930184
Mean train loss after  3500 batches of 9  epochs =0.0135495099777
Mean train loss after  3600 batches of 9  epochs =0.0136995483986
Mean train loss after  3700 batches of 9  epochs =0.0137347868411
Epoch 9 : Mean train epoch loss =0.0137983634471
Epoch 9 Epoch val loss = 20741.6093111
Epoch 9 Epoch val perplexity = 1.52654137266834
SCORES =  (92.19, 100.0, 100.0, 100.0)
Saved Model

 ------------- Epoch = 10---------------------

Mean train loss after  0 batches of 10  epochs =0.000255409039949
Mean train loss after  100 batches of 10  epochs =0.00633193241371
Mean train loss after  200 batches of 10  epochs =0.00779443855519
Mean train loss after  300 batches of 10  epochs =0.00832670396356
Mean train loss after  400 batches of 10  epochs =0.00851352427196
Mean train loss after  500 batches of 10  epochs =0.00835371116279
Mean train loss after  600 batches of 10  epochs =0.00798409420451
Mean train loss after  700 batches of 10  epochs =0.00837751437702
Mean train loss after  800 batches of 10  epochs =0.00848106136316
Mean train loss after  900 batches of 10  epochs =0.00869623319498
Mean train loss after  1000 batches of 10  epochs =0.00825621647973
Mean train loss after  1100 batches of 10  epochs =0.00785241361767
Mean train loss after  1200 batches of 10  epochs =0.00829343530302
Mean train loss after  1300 batches of 10  epochs =0.00813253083841
Mean train loss after  1400 batches of 10  epochs =0.00867661891672
Mean train loss after  1500 batches of 10  epochs =0.00908359298492
Mean train loss after  1600 batches of 10  epochs =0.00917375469449
Mean train loss after  1700 batches of 10  epochs =0.00942165404933
Mean train loss after  1800 batches of 10  epochs =0.00937946333454
Mean train loss after  1900 batches of 10  epochs =0.0096512855046
Mean train loss after  2000 batches of 10  epochs =0.00978024173387
Mean train loss after  2100 batches of 10  epochs =0.00973822910342
Mean train loss after  2200 batches of 10  epochs =0.00974763834037
Mean train loss after  2300 batches of 10  epochs =0.0097955731087
Mean train loss after  2400 batches of 10  epochs =0.00983128058204
Mean train loss after  2500 batches of 10  epochs =0.00999027593346
Mean train loss after  2600 batches of 10  epochs =0.0101191504191
Mean train loss after  2700 batches of 10  epochs =0.0100901456066
Mean train loss after  2800 batches of 10  epochs =0.0101085646711
Mean train loss after  2900 batches of 10  epochs =0.0101966392285
Mean train loss after  3000 batches of 10  epochs =0.0101792741053
Mean train loss after  3100 batches of 10  epochs =0.0102011305075
Mean train loss after  3200 batches of 10  epochs =0.0103787811524
Mean train loss after  3300 batches of 10  epochs =0.010414205239
Mean train loss after  3400 batches of 10  epochs =0.0106591463877
Mean train loss after  3500 batches of 10  epochs =0.0107619527678
Mean train loss after  3600 batches of 10  epochs =0.0107592576885
Mean train loss after  3700 batches of 10  epochs =0.010898665472
Epoch 10 : Mean train epoch loss =0.0109502495836
Epoch 10 Epoch val loss = 21711.1536057
Epoch 10 Epoch val perplexity = 1.5570259105957631
SCORES =  (92.37, 100.0, 100.0, 100.0)
Saved Model

 ------------- Epoch = 11---------------------

Mean train loss after  0 batches of 11  epochs =0.000648645254282
Mean train loss after  100 batches of 11  epochs =0.00560352662194
Mean train loss after  200 batches of 11  epochs =0.00596567672043
Mean train loss after  300 batches of 11  epochs =0.00611134400011
Mean train loss after  400 batches of 11  epochs =0.00695122324877
Mean train loss after  500 batches of 11  epochs =0.00742687418265
Mean train loss after  600 batches of 11  epochs =0.00778970843062
Mean train loss after  700 batches of 11  epochs =0.00758131860412
Mean train loss after  800 batches of 11  epochs =0.00757858687633
Mean train loss after  900 batches of 11  epochs =0.00769383766172
Mean train loss after  1000 batches of 11  epochs =0.00824780548161
Mean train loss after  1100 batches of 11  epochs =0.00820526731585
Mean train loss after  1200 batches of 11  epochs =0.00804647786674
Mean train loss after  1300 batches of 11  epochs =0.00821249901001
Mean train loss after  1400 batches of 11  epochs =0.00869662891696
Mean train loss after  1500 batches of 11  epochs =0.0092840832622
Mean train loss after  1600 batches of 11  epochs =0.00927909720774
Mean train loss after  1700 batches of 11  epochs =0.0093037470206
Mean train loss after  1800 batches of 11  epochs =0.00927479303316
Mean train loss after  1900 batches of 11  epochs =0.00943170483277
Mean train loss after  2000 batches of 11  epochs =0.00970990659014
Mean train loss after  2100 batches of 11  epochs =0.00961862881396
Mean train loss after  2200 batches of 11  epochs =0.0096233294037
Mean train loss after  2300 batches of 11  epochs =0.00985794236039
Mean train loss after  2400 batches of 11  epochs =0.00979976407551
Mean train loss after  2500 batches of 11  epochs =0.00989765987428
Mean train loss after  2600 batches of 11  epochs =0.00985311229166
Mean train loss after  2700 batches of 11  epochs =0.0098855149906
Mean train loss after  2800 batches of 11  epochs =0.00983548087995
Mean train loss after  2900 batches of 11  epochs =0.00973998026602
Mean train loss after  3000 batches of 11  epochs =0.00983006566172
Mean train loss after  3100 batches of 11  epochs =0.00995719701814
Mean train loss after  3200 batches of 11  epochs =0.0100394487018
Mean train loss after  3300 batches of 11  epochs =0.0101383505188
Mean train loss after  3400 batches of 11  epochs =0.0101548827991
Mean train loss after  3500 batches of 11  epochs =0.0101483454305
Mean train loss after  3600 batches of 11  epochs =0.0101206649765
Mean train loss after  3700 batches of 11  epochs =0.0101627544796
Epoch 11 : Mean train epoch loss =0.0102018688303
Epoch 11 Epoch val loss = 22265.0999987
Epoch 11 Epoch val perplexity = 1.5747156615569486
SCORES =  (92.39, 100.0, 100.0, 100.0)
Saved Model
