--*-*-*-*
Namespace(batch_size=4, data_dir='data/processed_data/', debug=False, emb_size=32, hidden_size=96, min_frequency=2, mode='train', model_name='pos_birnn', model_type='birnn', num_epochs=15, optimizer_type='ADAM', print_batch_freq=100, save_epoch_freq=1, saved_model_path=None, start_tag='start_tag', stop_tag='stop_tag', task='pos')
====================================================================================================
Creating Data Handler object
split_lens =  {'test': 0, 'train': 14986, 'val': 3465}
tag_dct =  {'PRP$': 0, 'VBG': 1, 'VBD': 2, 'start_tag': 3, 'VBN': 4, ',': 5, "''": 6, 'VBP': 7, 'WDT': 8, 'JJ': 9, 'WP': 10, 'VBZ': 11, 'DT': 12, '"': 13, 'RP': 14, '$': 15, 'NN': 16, ')': 17, '(': 18, 'FW': 19, 'POS': 20, '.': 21, 'TO': 22, '-X-': 23, 'LS': 24, 'RB': 25, ':': 26, 'NNS': 27, 'PRP': 28, 'VB': 29, 'WRB': 30, 'CC': 31, 'PDT': 32, 'RBS': 33, 'RBR': 34, 'CD': 35, 'EX': 36, 'IN': 37, 'WP$': 38, 'NN|SYM': 39, 'MD': 40, 'NNPS': 41, 'JJS': 42, 'JJR': 43, 'SYM': 44, 'UH': 45, 'stop_tag': 46, 'NNP': 47}
:---- create model birnn
RNNEncoder:  ['embeddings', 'encoder']
RNNEncoder:  ['embeddings', 'encoder']
BiRNNModel:  ['encoder', 'revcoder']
RNNTagger:  ['rnn_model', 'W']

 ------------- Epoch = 0---------------------

Mean train loss after  0 batches of 0  epochs =3.87883431571
Mean train loss after  100 batches of 0  epochs =2.88723928888
Mean train loss after  200 batches of 0  epochs =2.41394210905
Mean train loss after  300 batches of 0  epochs =2.11731038508
Mean train loss after  400 batches of 0  epochs =1.96578580561
Mean train loss after  500 batches of 0  epochs =1.84661973174
Mean train loss after  600 batches of 0  epochs =1.73935302909
Mean train loss after  700 batches of 0  epochs =1.66010913573
Mean train loss after  800 batches of 0  epochs =1.59142125501
Mean train loss after  900 batches of 0  epochs =1.52863216229
Mean train loss after  1000 batches of 0  epochs =1.47538866432
Mean train loss after  1100 batches of 0  epochs =1.4226242976
Mean train loss after  1200 batches of 0  epochs =1.38293262152
Mean train loss after  1300 batches of 0  epochs =1.34812804459
Mean train loss after  1400 batches of 0  epochs =1.31769175678
Mean train loss after  1500 batches of 0  epochs =1.28947236075
Mean train loss after  1600 batches of 0  epochs =1.26097339544
Mean train loss after  1700 batches of 0  epochs =1.23748279778
Mean train loss after  1800 batches of 0  epochs =1.2133573421
Mean train loss after  1900 batches of 0  epochs =1.19392900694
Mean train loss after  2000 batches of 0  epochs =1.1757755026
Mean train loss after  2100 batches of 0  epochs =1.15591515657
Mean train loss after  2200 batches of 0  epochs =1.13751451509
Mean train loss after  2300 batches of 0  epochs =1.12012635243
Mean train loss after  2400 batches of 0  epochs =1.10328666887
Mean train loss after  2500 batches of 0  epochs =1.0870712036
Mean train loss after  2600 batches of 0  epochs =1.0706565239
Mean train loss after  2700 batches of 0  epochs =1.05661223105
Mean train loss after  2800 batches of 0  epochs =1.0415544367
Mean train loss after  2900 batches of 0  epochs =1.02886787554
Mean train loss after  3000 batches of 0  epochs =1.01554410229
Mean train loss after  3100 batches of 0  epochs =1.00307046771
Mean train loss after  3200 batches of 0  epochs =0.991630686357
Mean train loss after  3300 batches of 0  epochs =0.981831187194
Mean train loss after  3400 batches of 0  epochs =0.971607517244
Mean train loss after  3500 batches of 0  epochs =0.961089564961
Mean train loss after  3600 batches of 0  epochs =0.951229303654
Mean train loss after  3700 batches of 0  epochs =0.942264577147
Epoch 0 : Mean train epoch loss =0.937260956908
Epoch 0 Epoch val loss = 27563.4906487
Epoch 0 Epoch val perplexity = 1.7544057012752523
SCORES =  (83.67, 100.0, 100.0, 100.0)
Saved Model

 ------------- Epoch = 1---------------------

Mean train loss after  0 batches of 1  epochs =1.04573636442
Mean train loss after  100 batches of 1  epochs =0.531766155293
Mean train loss after  200 batches of 1  epochs =0.520259514601
Mean train loss after  300 batches of 1  epochs =0.532737223609
Mean train loss after  400 batches of 1  epochs =0.524774109384
Mean train loss after  500 batches of 1  epochs =0.522500746611
Mean train loss after  600 batches of 1  epochs =0.516011464372
Mean train loss after  700 batches of 1  epochs =0.511603290813
Mean train loss after  800 batches of 1  epochs =0.510008329861
Mean train loss after  900 batches of 1  epochs =0.506752396517
Mean train loss after  1000 batches of 1  epochs =0.504904914769
Mean train loss after  1100 batches of 1  epochs =0.497723131763
Mean train loss after  1200 batches of 1  epochs =0.493561288943
Mean train loss after  1300 batches of 1  epochs =0.492647677016
Mean train loss after  1400 batches of 1  epochs =0.489066012937
Mean train loss after  1500 batches of 1  epochs =0.485649876415
Mean train loss after  1600 batches of 1  epochs =0.483050558132
Mean train loss after  1700 batches of 1  epochs =0.482217975182
Mean train loss after  1800 batches of 1  epochs =0.478462598947
Mean train loss after  1900 batches of 1  epochs =0.476253233904
Mean train loss after  2000 batches of 1  epochs =0.472641091027
Mean train loss after  2100 batches of 1  epochs =0.471430854017
Mean train loss after  2200 batches of 1  epochs =0.469478561283
Mean train loss after  2300 batches of 1  epochs =0.468686554079
Mean train loss after  2400 batches of 1  epochs =0.466702071334
Mean train loss after  2500 batches of 1  epochs =0.464209438161
Mean train loss after  2600 batches of 1  epochs =0.462022189673
Mean train loss after  2700 batches of 1  epochs =0.460066724388
Mean train loss after  2800 batches of 1  epochs =0.45753347111
Mean train loss after  2900 batches of 1  epochs =0.454232103569
Mean train loss after  3000 batches of 1  epochs =0.452290709521
Mean train loss after  3100 batches of 1  epochs =0.449214080493
Mean train loss after  3200 batches of 1  epochs =0.44708315365
Mean train loss after  3300 batches of 1  epochs =0.445442779658
Mean train loss after  3400 batches of 1  epochs =0.442932411101
Mean train loss after  3500 batches of 1  epochs =0.440500471501
Mean train loss after  3600 batches of 1  epochs =0.438318060547
Mean train loss after  3700 batches of 1  epochs =0.436767112825
Epoch 1 : Mean train epoch loss =0.436254867902
Epoch 1 Epoch val loss = 19406.7632148
Epoch 1 Epoch val perplexity = 1.4855450887805657
SCORES =  (88.47, 100.0, 100.0, 100.0)
Saved Model

 ------------- Epoch = 2---------------------

Mean train loss after  0 batches of 2  epochs =0.0984191989899
Mean train loss after  100 batches of 2  epochs =0.304118302993
Mean train loss after  200 batches of 2  epochs =0.300879371646
Mean train loss after  300 batches of 2  epochs =0.303069319618
Mean train loss after  400 batches of 2  epochs =0.306791888397
Mean train loss after  500 batches of 2  epochs =0.307322059795
Mean train loss after  600 batches of 2  epochs =0.308488991043
Mean train loss after  700 batches of 2  epochs =0.30601110851
Mean train loss after  800 batches of 2  epochs =0.307582435435
Mean train loss after  900 batches of 2  epochs =0.305688143003
Mean train loss after  1000 batches of 2  epochs =0.30460357913
Mean train loss after  1100 batches of 2  epochs =0.30365649108
Mean train loss after  1200 batches of 2  epochs =0.300697435125
Mean train loss after  1300 batches of 2  epochs =0.300907644063
Mean train loss after  1400 batches of 2  epochs =0.29924392905
Mean train loss after  1500 batches of 2  epochs =0.300539341206
Mean train loss after  1600 batches of 2  epochs =0.300347980246
Mean train loss after  1700 batches of 2  epochs =0.2987989464
Mean train loss after  1800 batches of 2  epochs =0.298376218878
Mean train loss after  1900 batches of 2  epochs =0.298525138244
Mean train loss after  2000 batches of 2  epochs =0.298287495275
Mean train loss after  2100 batches of 2  epochs =0.297182737097
Mean train loss after  2200 batches of 2  epochs =0.297098764941
Mean train loss after  2300 batches of 2  epochs =0.296365600512
Mean train loss after  2400 batches of 2  epochs =0.295354542931
Mean train loss after  2500 batches of 2  epochs =0.294871413868
Mean train loss after  2600 batches of 2  epochs =0.293926210477
Mean train loss after  2700 batches of 2  epochs =0.293061592754
Mean train loss after  2800 batches of 2  epochs =0.292704261781
Mean train loss after  2900 batches of 2  epochs =0.291979583494
Mean train loss after  3000 batches of 2  epochs =0.29215663941
Mean train loss after  3100 batches of 2  epochs =0.291558700302
Mean train loss after  3200 batches of 2  epochs =0.291444339777
Mean train loss after  3300 batches of 2  epochs =0.290994182467
Mean train loss after  3400 batches of 2  epochs =0.290595369229
Mean train loss after  3500 batches of 2  epochs =0.290099322367
Mean train loss after  3600 batches of 2  epochs =0.289305172887
Mean train loss after  3700 batches of 2  epochs =0.288752316189
Epoch 2 : Mean train epoch loss =0.28888560045
Epoch 2 Epoch val loss = 15879.415503
Epoch 2 Epoch val perplexity = 1.3824330069958832
SCORES =  (90.64, 100.0, 100.0, 100.0)
Saved Model

 ------------- Epoch = 3---------------------

Mean train loss after  0 batches of 3  epochs =0.0495292610592
Mean train loss after  100 batches of 3  epochs =0.214285819392
Mean train loss after  200 batches of 3  epochs =0.210805285756
Mean train loss after  300 batches of 3  epochs =0.217167771729
Mean train loss after  400 batches of 3  epochs =0.212610125552
Mean train loss after  500 batches of 3  epochs =0.210805060551
Mean train loss after  600 batches of 3  epochs =0.213228009768
Mean train loss after  700 batches of 3  epochs =0.21001891753
Mean train loss after  800 batches of 3  epochs =0.208921547207
Mean train loss after  900 batches of 3  epochs =0.208102562361
Mean train loss after  1000 batches of 3  epochs =0.207125779626
Mean train loss after  1100 batches of 3  epochs =0.206826659994
Mean train loss after  1200 batches of 3  epochs =0.207044736256
Mean train loss after  1300 batches of 3  epochs =0.207440675851
Mean train loss after  1400 batches of 3  epochs =0.208166156191
Mean train loss after  1500 batches of 3  epochs =0.208865483764
Mean train loss after  1600 batches of 3  epochs =0.208484264167
Mean train loss after  1700 batches of 3  epochs =0.207210152635
Mean train loss after  1800 batches of 3  epochs =0.206483620551
Mean train loss after  1900 batches of 3  epochs =0.207444067174
Mean train loss after  2000 batches of 3  epochs =0.208100145019
Mean train loss after  2100 batches of 3  epochs =0.207958651531
Mean train loss after  2200 batches of 3  epochs =0.207157427968
Mean train loss after  2300 batches of 3  epochs =0.207505664676
Mean train loss after  2400 batches of 3  epochs =0.208012365758
Mean train loss after  2500 batches of 3  epochs =0.209000394438
Mean train loss after  2600 batches of 3  epochs =0.208386612977
Mean train loss after  2700 batches of 3  epochs =0.208387501314
Mean train loss after  2800 batches of 3  epochs =0.207718762969
Mean train loss after  2900 batches of 3  epochs =0.208344423682
Mean train loss after  3000 batches of 3  epochs =0.208652181587
Mean train loss after  3100 batches of 3  epochs =0.208337253413
Mean train loss after  3200 batches of 3  epochs =0.208680910628
Mean train loss after  3300 batches of 3  epochs =0.208191133359
Mean train loss after  3400 batches of 3  epochs =0.20831073269
Mean train loss after  3500 batches of 3  epochs =0.207994084834
Mean train loss after  3600 batches of 3  epochs =0.207795113779
Mean train loss after  3700 batches of 3  epochs =0.207742287206
Epoch 3 : Mean train epoch loss =0.207848472574
Epoch 3 Epoch val loss = 14447.0720568
Epoch 3 Epoch val perplexity = 1.342634549519383
SCORES =  (91.54, 100.0, 100.0, 100.0)
Saved Model

 ------------- Epoch = 4---------------------

Mean train loss after  0 batches of 4  epochs =0.145042715846
Mean train loss after  100 batches of 4  epochs =0.144847083327
Mean train loss after  200 batches of 4  epochs =0.152266482473
Mean train loss after  300 batches of 4  epochs =0.145466345824
Mean train loss after  400 batches of 4  epochs =0.147943617047
Mean train loss after  500 batches of 4  epochs =0.152000654448
Mean train loss after  600 batches of 4  epochs =0.151209352311
Mean train loss after  700 batches of 4  epochs =0.153934911987
Mean train loss after  800 batches of 4  epochs =0.154175181155
Mean train loss after  900 batches of 4  epochs =0.15540580121
Mean train loss after  1000 batches of 4  epochs =0.153544574639
Mean train loss after  1100 batches of 4  epochs =0.153473203542
Mean train loss after  1200 batches of 4  epochs =0.153557607447
Mean train loss after  1300 batches of 4  epochs =0.153858762065
Mean train loss after  1400 batches of 4  epochs =0.153875748194
Mean train loss after  1500 batches of 4  epochs =0.15395485451
Mean train loss after  1600 batches of 4  epochs =0.154268548419
Mean train loss after  1700 batches of 4  epochs =0.153633733805
Mean train loss after  1800 batches of 4  epochs =0.153422443188
Mean train loss after  1900 batches of 4  epochs =0.153298964273
Mean train loss after  2000 batches of 4  epochs =0.153123122892
Mean train loss after  2100 batches of 4  epochs =0.153924086712
Mean train loss after  2200 batches of 4  epochs =0.154361410129
Mean train loss after  2300 batches of 4  epochs =0.154262093573
Mean train loss after  2400 batches of 4  epochs =0.154412274801
Mean train loss after  2500 batches of 4  epochs =0.154563414459
Mean train loss after  2600 batches of 4  epochs =0.155013532596
Mean train loss after  2700 batches of 4  epochs =0.155524242689
Mean train loss after  2800 batches of 4  epochs =0.155526772076
Mean train loss after  2900 batches of 4  epochs =0.154979011186
Mean train loss after  3000 batches of 4  epochs =0.155620859247
Mean train loss after  3100 batches of 4  epochs =0.155228350088
Mean train loss after  3200 batches of 4  epochs =0.154879088373
Mean train loss after  3300 batches of 4  epochs =0.155110028999
Mean train loss after  3400 batches of 4  epochs =0.155143934265
Mean train loss after  3500 batches of 4  epochs =0.154618915644
Mean train loss after  3600 batches of 4  epochs =0.154681333616
Mean train loss after  3700 batches of 4  epochs =0.155147933557
Epoch 4 : Mean train epoch loss =0.155069957532
Epoch 4 Epoch val loss = 13991.4896679
Epoch 4 Epoch val perplexity = 1.330217699447357
SCORES =  (91.82, 100.0, 100.0, 100.0)
Saved Model

 ------------- Epoch = 5---------------------

Mean train loss after  0 batches of 5  epochs =0.303260053907
Mean train loss after  100 batches of 5  epochs =0.104565205305
Mean train loss after  200 batches of 5  epochs =0.105018176241
Mean train loss after  300 batches of 5  epochs =0.107284572226
Mean train loss after  400 batches of 5  epochs =0.111025488207
Mean train loss after  500 batches of 5  epochs =0.112148962154
Mean train loss after  600 batches of 5  epochs =0.111335662873
Mean train loss after  700 batches of 5  epochs =0.11128361527
Mean train loss after  800 batches of 5  epochs =0.111895726103
Mean train loss after  900 batches of 5  epochs =0.112339077307
Mean train loss after  1000 batches of 5  epochs =0.112857170951
Mean train loss after  1100 batches of 5  epochs =0.112925771284
Mean train loss after  1200 batches of 5  epochs =0.112234659605
Mean train loss after  1300 batches of 5  epochs =0.111243752052
Mean train loss after  1400 batches of 5  epochs =0.111051898756
Mean train loss after  1500 batches of 5  epochs =0.111178320201
Mean train loss after  1600 batches of 5  epochs =0.111260283413
Mean train loss after  1700 batches of 5  epochs =0.111965963543
Mean train loss after  1800 batches of 5  epochs =0.112486655886
Mean train loss after  1900 batches of 5  epochs =0.11335909017
Mean train loss after  2000 batches of 5  epochs =0.113785795977
Mean train loss after  2100 batches of 5  epochs =0.113714872686
Mean train loss after  2200 batches of 5  epochs =0.113685547853
Mean train loss after  2300 batches of 5  epochs =0.112915459048
Mean train loss after  2400 batches of 5  epochs =0.113448430657
Mean train loss after  2500 batches of 5  epochs =0.113255985819
Mean train loss after  2600 batches of 5  epochs =0.113054024843
Mean train loss after  2700 batches of 5  epochs =0.113583484638
Mean train loss after  2800 batches of 5  epochs =0.113378012929
Mean train loss after  2900 batches of 5  epochs =0.113308560342
Mean train loss after  3000 batches of 5  epochs =0.113846749883
Mean train loss after  3100 batches of 5  epochs =0.114231556989
Mean train loss after  3200 batches of 5  epochs =0.11455882757
Mean train loss after  3300 batches of 5  epochs =0.114251843147
Mean train loss after  3400 batches of 5  epochs =0.11512601985
Mean train loss after  3500 batches of 5  epochs =0.115260489745
Mean train loss after  3600 batches of 5  epochs =0.115902630599
Mean train loss after  3700 batches of 5  epochs =0.115918999718
Epoch 5 : Mean train epoch loss =0.115957521174
Epoch 5 Epoch val loss = 14200.715064
Epoch 5 Epoch val perplexity = 1.3359057923771087
SCORES =  (92.02, 100.0, 100.0, 100.0)
Saved Model

 ------------- Epoch = 6---------------------

Mean train loss after  0 batches of 6  epochs =0.0069125105695
Mean train loss after  100 batches of 6  epochs =0.0723647766859
Mean train loss after  200 batches of 6  epochs =0.0719132335351
Mean train loss after  300 batches of 6  epochs =0.0775970831204
Mean train loss after  400 batches of 6  epochs =0.0793386206966
Mean train loss after  500 batches of 6  epochs =0.0792022780801
Mean train loss after  600 batches of 6  epochs =0.0792180642983
Mean train loss after  700 batches of 6  epochs =0.0809674550767
Mean train loss after  800 batches of 6  epochs =0.0817070887713
Mean train loss after  900 batches of 6  epochs =0.0817998239955
Mean train loss after  1000 batches of 6  epochs =0.0815020766799
Mean train loss after  1100 batches of 6  epochs =0.0816678166938
Mean train loss after  1200 batches of 6  epochs =0.0815313549253
Mean train loss after  1300 batches of 6  epochs =0.081863307222
Mean train loss after  1400 batches of 6  epochs =0.0816725350895
Mean train loss after  1500 batches of 6  epochs =0.0816713363626
Mean train loss after  1600 batches of 6  epochs =0.0817750884312
Mean train loss after  1700 batches of 6  epochs =0.081631229819
Mean train loss after  1800 batches of 6  epochs =0.0819767263887
Mean train loss after  1900 batches of 6  epochs =0.0824718444678
Mean train loss after  2000 batches of 6  epochs =0.0828272447836
Mean train loss after  2100 batches of 6  epochs =0.0835607254304
Mean train loss after  2200 batches of 6  epochs =0.0838380882349
Mean train loss after  2300 batches of 6  epochs =0.0839473664023
Mean train loss after  2400 batches of 6  epochs =0.0837371246714
Mean train loss after  2500 batches of 6  epochs =0.0835428125791
Mean train loss after  2600 batches of 6  epochs =0.0835608365051
Mean train loss after  2700 batches of 6  epochs =0.0834122619869
Mean train loss after  2800 batches of 6  epochs =0.083661696604
Mean train loss after  2900 batches of 6  epochs =0.0839023840905
Mean train loss after  3000 batches of 6  epochs =0.084375266878
Mean train loss after  3100 batches of 6  epochs =0.0845125106928
Mean train loss after  3200 batches of 6  epochs =0.0852577057923
Mean train loss after  3300 batches of 6  epochs =0.085158977801
Mean train loss after  3400 batches of 6  epochs =0.0852969968199
Mean train loss after  3500 batches of 6  epochs =0.0854021938203
Mean train loss after  3600 batches of 6  epochs =0.0857103530006
Mean train loss after  3700 batches of 6  epochs =0.0858720549854
Epoch 6 : Mean train epoch loss =0.0857300268237
Epoch 6 Epoch val loss = 14840.3983819
Epoch 6 Epoch val perplexity = 1.3534478064366102
SCORES =  (91.95, 100.0, 100.0, 100.0)
Saved Model

 ------------- Epoch = 7---------------------

Mean train loss after  0 batches of 7  epochs =0.112224318023
Mean train loss after  100 batches of 7  epochs =0.0572990295405
Mean train loss after  200 batches of 7  epochs =0.0542752554034
Mean train loss after  300 batches of 7  epochs =0.0541543485815
Mean train loss after  400 batches of 7  epochs =0.0519125257489
Mean train loss after  500 batches of 7  epochs =0.0524618598894
Mean train loss after  600 batches of 7  epochs =0.0508936245967
Mean train loss after  700 batches of 7  epochs =0.0523994165842
Mean train loss after  800 batches of 7  epochs =0.0541066552161
Mean train loss after  900 batches of 7  epochs =0.0547211746393
Mean train loss after  1000 batches of 7  epochs =0.0555616305512
Mean train loss after  1100 batches of 7  epochs =0.0556384780276
Mean train loss after  1200 batches of 7  epochs =0.055839603461
Mean train loss after  1300 batches of 7  epochs =0.0559301376781
Mean train loss after  1400 batches of 7  epochs =0.0562248968144
Mean train loss after  1500 batches of 7  epochs =0.0565468956473
Mean train loss after  1600 batches of 7  epochs =0.0568592916229
Mean train loss after  1700 batches of 7  epochs =0.057235244573
Mean train loss after  1800 batches of 7  epochs =0.0573680250008
Mean train loss after  1900 batches of 7  epochs =0.0576575540911
Mean train loss after  2000 batches of 7  epochs =0.057943170044
Mean train loss after  2100 batches of 7  epochs =0.0578629113228
Mean train loss after  2200 batches of 7  epochs =0.0581254909802
Mean train loss after  2300 batches of 7  epochs =0.0585194554998
Mean train loss after  2400 batches of 7  epochs =0.058888929558
Mean train loss after  2500 batches of 7  epochs =0.0590332239122
Mean train loss after  2600 batches of 7  epochs =0.0590355649644
Mean train loss after  2700 batches of 7  epochs =0.0592671042535
Mean train loss after  2800 batches of 7  epochs =0.0597363642707
Mean train loss after  2900 batches of 7  epochs =0.0601651552205
Mean train loss after  3000 batches of 7  epochs =0.0608239577888
Mean train loss after  3100 batches of 7  epochs =0.0608571787361
Mean train loss after  3200 batches of 7  epochs =0.0609112217121
Mean train loss after  3300 batches of 7  epochs =0.0609159961602
Mean train loss after  3400 batches of 7  epochs =0.0609896475067
Mean train loss after  3500 batches of 7  epochs =0.0611363324747
Mean train loss after  3600 batches of 7  epochs =0.0612991101728
Mean train loss after  3700 batches of 7  epochs =0.0616694440665
Epoch 7 : Mean train epoch loss =0.0617888124926
Epoch 7 Epoch val loss = 15710.550674
Epoch 7 Epoch val perplexity = 1.3776803292002155
SCORES =  (92.14, 100.0, 100.0, 100.0)
Saved Model

 ------------- Epoch = 8---------------------

Mean train loss after  0 batches of 8  epochs =0.0480873034551
Mean train loss after  100 batches of 8  epochs =0.0382625250668
Mean train loss after  200 batches of 8  epochs =0.0379675880468
Mean train loss after  300 batches of 8  epochs =0.0359177703294
Mean train loss after  400 batches of 8  epochs =0.036615098753
Mean train loss after  500 batches of 8  epochs =0.037292502438
Mean train loss after  600 batches of 8  epochs =0.0379173707617
Mean train loss after  700 batches of 8  epochs =0.037776474502
Mean train loss after  800 batches of 8  epochs =0.0383502110544
Mean train loss after  900 batches of 8  epochs =0.0391056950641
Mean train loss after  1000 batches of 8  epochs =0.0393620276203
Mean train loss after  1100 batches of 8  epochs =0.0394090457907
Mean train loss after  1200 batches of 8  epochs =0.0396239678682
Mean train loss after  1300 batches of 8  epochs =0.0391240474674
Mean train loss after  1400 batches of 8  epochs =0.0392323479889
Mean train loss after  1500 batches of 8  epochs =0.039361358676
Mean train loss after  1600 batches of 8  epochs =0.0398696653044
Mean train loss after  1700 batches of 8  epochs =0.0406552758167
Mean train loss after  1800 batches of 8  epochs =0.0405930541874
Mean train loss after  1900 batches of 8  epochs =0.0410657400616
Mean train loss after  2000 batches of 8  epochs =0.0415636292473
Mean train loss after  2100 batches of 8  epochs =0.0415589297587
Mean train loss after  2200 batches of 8  epochs =0.0414636360411
Mean train loss after  2300 batches of 8  epochs =0.0412257593149
Mean train loss after  2400 batches of 8  epochs =0.0410614013763
Mean train loss after  2500 batches of 8  epochs =0.0410410831929
Mean train loss after  2600 batches of 8  epochs =0.041906053311
Mean train loss after  2700 batches of 8  epochs =0.0418551785423
Mean train loss after  2800 batches of 8  epochs =0.0418175380895
Mean train loss after  2900 batches of 8  epochs =0.0417974563498
Mean train loss after  3000 batches of 8  epochs =0.0418702430832
Mean train loss after  3100 batches of 8  epochs =0.0422448332211
Mean train loss after  3200 batches of 8  epochs =0.0424987241026
Mean train loss after  3300 batches of 8  epochs =0.042559402962
Mean train loss after  3400 batches of 8  epochs =0.0428120709575
Mean train loss after  3500 batches of 8  epochs =0.0430761950775
Mean train loss after  3600 batches of 8  epochs =0.0431701739102
Mean train loss after  3700 batches of 8  epochs =0.0433699486191
Epoch 8 : Mean train epoch loss =0.043579908218
Epoch 8 Epoch val loss = 16826.4502208
Epoch 8 Epoch val perplexity = 1.4093926023051928
SCORES =  (92.05, 100.0, 100.0, 100.0)
Saved Model

 ------------- Epoch = 9---------------------

Mean train loss after  0 batches of 9  epochs =0.00291137695313
Mean train loss after  100 batches of 9  epochs =0.027818282587
Mean train loss after  200 batches of 9  epochs =0.0255713302321
Mean train loss after  300 batches of 9  epochs =0.0251198118289
Mean train loss after  400 batches of 9  epochs =0.0276161483106
Mean train loss after  500 batches of 9  epochs =0.026786287944
Mean train loss after  600 batches of 9  epochs =0.0264133387956
Mean train loss after  700 batches of 9  epochs =0.0263426437127
Mean train loss after  800 batches of 9  epochs =0.0265117576169
Mean train loss after  900 batches of 9  epochs =0.0270612880879
Mean train loss after  1000 batches of 9  epochs =0.0266701851078
Mean train loss after  1100 batches of 9  epochs =0.0264855414476
Mean train loss after  1200 batches of 9  epochs =0.0266087524719
Mean train loss after  1300 batches of 9  epochs =0.0267523484227
Mean train loss after  1400 batches of 9  epochs =0.0265263368398
Mean train loss after  1500 batches of 9  epochs =0.0267098169276
Mean train loss after  1600 batches of 9  epochs =0.0271170979793
Mean train loss after  1700 batches of 9  epochs =0.0269142254704
Mean train loss after  1800 batches of 9  epochs =0.0272064822017
Mean train loss after  1900 batches of 9  epochs =0.0273333303585
Mean train loss after  2000 batches of 9  epochs =0.0271211961625
Mean train loss after  2100 batches of 9  epochs =0.0275046397519
Mean train loss after  2200 batches of 9  epochs =0.0277410709627
Mean train loss after  2300 batches of 9  epochs =0.0279200384673
Mean train loss after  2400 batches of 9  epochs =0.0278682133842
Mean train loss after  2500 batches of 9  epochs =0.0283383409371
Mean train loss after  2600 batches of 9  epochs =0.0284420988383
Mean train loss after  2700 batches of 9  epochs =0.0284900157162
Mean train loss after  2800 batches of 9  epochs =0.0286860090347
Mean train loss after  2900 batches of 9  epochs =0.0287280912666
Mean train loss after  3000 batches of 9  epochs =0.0287340047367
Mean train loss after  3100 batches of 9  epochs =0.0292037483307
Mean train loss after  3200 batches of 9  epochs =0.02954731189
Mean train loss after  3300 batches of 9  epochs =0.0296994825104
Mean train loss after  3400 batches of 9  epochs =0.0300360875853
Mean train loss after  3500 batches of 9  epochs =0.0302089182204
Mean train loss after  3600 batches of 9  epochs =0.030295525784
Mean train loss after  3700 batches of 9  epochs =0.0305417355654
Epoch 9 : Mean train epoch loss =0.0306409203957
Epoch 9 Epoch val loss = 18217.2884207
Epoch 9 Epoch val perplexity = 1.4499420707848447
SCORES =  (91.83, 100.0, 100.0, 100.0)
Saved Model

 ------------- Epoch = 10---------------------

Mean train loss after  0 batches of 10  epochs =0.0254918215226
Mean train loss after  100 batches of 10  epochs =0.0170632502575
Mean train loss after  200 batches of 10  epochs =0.0176845273664
Mean train loss after  300 batches of 10  epochs =0.0175002481331
Mean train loss after  400 batches of 10  epochs =0.0177919847258
Mean train loss after  500 batches of 10  epochs =0.0175268128784
Mean train loss after  600 batches of 10  epochs =0.0173451970853
Mean train loss after  700 batches of 10  epochs =0.0166559947129
Mean train loss after  800 batches of 10  epochs =0.0168909466777
Mean train loss after  900 batches of 10  epochs =0.0173246167971
Mean train loss after  1000 batches of 10  epochs =0.017202661836
Mean train loss after  1100 batches of 10  epochs =0.0175929227298
Mean train loss after  1200 batches of 10  epochs =0.0179535328141
Mean train loss after  1300 batches of 10  epochs =0.0177030048193
Mean train loss after  1400 batches of 10  epochs =0.0181798292127
Mean train loss after  1500 batches of 10  epochs =0.0184130806413
Mean train loss after  1600 batches of 10  epochs =0.0185988499871
Mean train loss after  1700 batches of 10  epochs =0.0188187746084
Mean train loss after  1800 batches of 10  epochs =0.0190974108048
Mean train loss after  1900 batches of 10  epochs =0.019101822907
Mean train loss after  2000 batches of 10  epochs =0.0196511409653
Mean train loss after  2100 batches of 10  epochs =0.0196524104631
Mean train loss after  2200 batches of 10  epochs =0.0196141371685
Mean train loss after  2300 batches of 10  epochs =0.019935966547
Mean train loss after  2400 batches of 10  epochs =0.0201844431229
Mean train loss after  2500 batches of 10  epochs =0.0203116548675
Mean train loss after  2600 batches of 10  epochs =0.0205710155745
Mean train loss after  2700 batches of 10  epochs =0.0205592177895
Mean train loss after  2800 batches of 10  epochs =0.0206426969777
Mean train loss after  2900 batches of 10  epochs =0.0207950561601
Mean train loss after  3000 batches of 10  epochs =0.0209271939478
Mean train loss after  3100 batches of 10  epochs =0.0211800616815
Mean train loss after  3200 batches of 10  epochs =0.0214885736061
Mean train loss after  3300 batches of 10  epochs =0.0217434699613
Mean train loss after  3400 batches of 10  epochs =0.0218769657858
Mean train loss after  3500 batches of 10  epochs =0.0220423967072
Mean train loss after  3600 batches of 10  epochs =0.0222169296512
Mean train loss after  3700 batches of 10  epochs =0.0223476170943
Epoch 10 : Mean train epoch loss =0.0223536795225
Epoch 10 Epoch val loss = 19607.0495822
Epoch 10 Epoch val perplexity = 1.4916254191345903
SCORES =  (91.88, 100.0, 100.0, 100.0)
Saved Model

 ------------- Epoch = 11---------------------

Mean train loss after  0 batches of 11  epochs =0.00678728222847
Mean train loss after  100 batches of 11  epochs =0.0135907732747
Mean train loss after  200 batches of 11  epochs =0.0139756175099
Mean train loss after  300 batches of 11  epochs =0.0135930576498
Mean train loss after  400 batches of 11  epochs =0.0141336367093
Mean train loss after  500 batches of 11  epochs =0.0141052142603
Mean train loss after  600 batches of 11  epochs =0.0140490451912
Mean train loss after  700 batches of 11  epochs =0.0142846380498
Mean train loss after  800 batches of 11  epochs =0.0142040788414
Mean train loss after  900 batches of 11  epochs =0.0144873669242
Mean train loss after  1000 batches of 11  epochs =0.0147380568362
Mean train loss after  1100 batches of 11  epochs =0.0147441016606
Mean train loss after  1200 batches of 11  epochs =0.0149581546732
Mean train loss after  1300 batches of 11  epochs =0.0149026467276
Mean train loss after  1400 batches of 11  epochs =0.0151909388101
Mean train loss after  1500 batches of 11  epochs =0.0154720893453
Mean train loss after  1600 batches of 11  epochs =0.015507259647
Mean train loss after  1700 batches of 11  epochs =0.0155302078574
Mean train loss after  1800 batches of 11  epochs =0.015524652507
Mean train loss after  1900 batches of 11  epochs =0.0157236538121
Mean train loss after  2000 batches of 11  epochs =0.0158479962419
Mean train loss after  2100 batches of 11  epochs =0.0159530346339
Mean train loss after  2200 batches of 11  epochs =0.0161234226204
Mean train loss after  2300 batches of 11  epochs =0.0163374158554
Mean train loss after  2400 batches of 11  epochs =0.016331252553
Mean train loss after  2500 batches of 11  epochs =0.0163047270651
Mean train loss after  2600 batches of 11  epochs =0.0163835891389
Mean train loss after  2700 batches of 11  epochs =0.0163276845695
Mean train loss after  2800 batches of 11  epochs =0.0163806452816
Mean train loss after  2900 batches of 11  epochs =0.0163598733402
Mean train loss after  3000 batches of 11  epochs =0.0162688845176
Mean train loss after  3100 batches of 11  epochs =0.0165685052577
Mean train loss after  3200 batches of 11  epochs =0.0166386654982
Mean train loss after  3300 batches of 11  epochs =0.0166155970425
Mean train loss after  3400 batches of 11  epochs =0.0166369070667
Mean train loss after  3500 batches of 11  epochs =0.0167639153342
Mean train loss after  3600 batches of 11  epochs =0.0168720120985
Mean train loss after  3700 batches of 11  epochs =0.0169375641397
Epoch 11 : Mean train epoch loss =0.016994804808
Epoch 11 Epoch val loss = 21025.492923
Epoch 11 Epoch val perplexity = 1.5354049566662893
SCORES =  (91.92, 100.0, 100.0, 100.0)
Saved Model

 ------------- Epoch = 12---------------------

Mean train loss after  0 batches of 12  epochs =0.00215523197966
Mean train loss after  100 batches of 12  epochs =0.0106051046354
Mean train loss after  200 batches of 12  epochs =0.0104979475098
Mean train loss after  300 batches of 12  epochs =0.0111566949823
Mean train loss after  400 batches of 12  epochs =0.0120845436358
Mean train loss after  500 batches of 12  epochs =0.0125088371972
Mean train loss after  600 batches of 12  epochs =0.0125972451145
Mean train loss after  700 batches of 12  epochs =0.0122753303203
Mean train loss after  800 batches of 12  epochs =0.0126181805935
Mean train loss after  900 batches of 12  epochs =0.0127688752245
Mean train loss after  1000 batches of 12  epochs =0.0125535494356
Mean train loss after  1100 batches of 12  epochs =0.012438930549
Mean train loss after  1200 batches of 12  epochs =0.0122938483281
Mean train loss after  1300 batches of 12  epochs =0.0122526739072
Mean train loss after  1400 batches of 12  epochs =0.0120732129525
Mean train loss after  1500 batches of 12  epochs =0.0120063688898
Mean train loss after  1600 batches of 12  epochs =0.0120894053695
Mean train loss after  1700 batches of 12  epochs =0.0121763587444
Mean train loss after  1800 batches of 12  epochs =0.012124496555
Mean train loss after  1900 batches of 12  epochs =0.0121650423303
Mean train loss after  2000 batches of 12  epochs =0.0122664383356
Mean train loss after  2100 batches of 12  epochs =0.0123287151205
Mean train loss after  2200 batches of 12  epochs =0.0124208861554
Mean train loss after  2300 batches of 12  epochs =0.0123357747865
Mean train loss after  2400 batches of 12  epochs =0.0122728691899
Mean train loss after  2500 batches of 12  epochs =0.0122965516288
Mean train loss after  2600 batches of 12  epochs =0.0123705380731
Mean train loss after  2700 batches of 12  epochs =0.0124403398724
Mean train loss after  2800 batches of 12  epochs =0.0125949061032
Mean train loss after  2900 batches of 12  epochs =0.0126241845946
Mean train loss after  3000 batches of 12  epochs =0.0127527577122
Mean train loss after  3100 batches of 12  epochs =0.0129734637178
Mean train loss after  3200 batches of 12  epochs =0.0130420762227
Mean train loss after  3300 batches of 12  epochs =0.0131442233393
Mean train loss after  3400 batches of 12  epochs =0.0131839513984
Mean train loss after  3500 batches of 12  epochs =0.0132951969219
Mean train loss after  3600 batches of 12  epochs =0.013393286837
Mean train loss after  3700 batches of 12  epochs =0.0135506628033
Epoch 12 : Mean train epoch loss =0.0136704267269
Epoch 12 Epoch val loss = 22041.5571523
Epoch 12 Epoch val perplexity = 1.567552973845991
SCORES =  (91.68, 100.0, 100.0, 100.0)
Saved Model

 ------------- Epoch = 13---------------------

Mean train loss after  0 batches of 13  epochs =0.00311241775263
Mean train loss after  100 batches of 13  epochs =0.0117598436674
Mean train loss after  200 batches of 13  epochs =0.0101546519061
Mean train loss after  300 batches of 13  epochs =0.00915332878467
Mean train loss after  400 batches of 13  epochs =0.00868203722042
Mean train loss after  500 batches of 13  epochs =0.00840965782149
Mean train loss after  600 batches of 13  epochs =0.00799209595225
Mean train loss after  700 batches of 13  epochs =0.00785003483449
Mean train loss after  800 batches of 13  epochs =0.00745113748558
Mean train loss after  900 batches of 13  epochs =0.00742785227595
Mean train loss after  1000 batches of 13  epochs =0.00758025823594
Mean train loss after  1100 batches of 13  epochs =0.00804751804712
Mean train loss after  1200 batches of 13  epochs =0.00827669388664
Mean train loss after  1300 batches of 13  epochs =0.00851144175588
Mean train loss after  1400 batches of 13  epochs =0.00862958430216
Mean train loss after  1500 batches of 13  epochs =0.00879867529102
Mean train loss after  1600 batches of 13  epochs =0.00885243522516
Mean train loss after  1700 batches of 13  epochs =0.00891424559679
Mean train loss after  1800 batches of 13  epochs =0.00888049030862
Mean train loss after  1900 batches of 13  epochs =0.00902936946589
Mean train loss after  2000 batches of 13  epochs =0.00901965230982
Mean train loss after  2100 batches of 13  epochs =0.00900591147594
Mean train loss after  2200 batches of 13  epochs =0.00924550773161
Mean train loss after  2300 batches of 13  epochs =0.00956355683544
Mean train loss after  2400 batches of 13  epochs =0.0097508652369
Mean train loss after  2500 batches of 13  epochs =0.00998508370769
Mean train loss after  2600 batches of 13  epochs =0.0100477798307
Mean train loss after  2700 batches of 13  epochs =0.0101665026401
Mean train loss after  2800 batches of 13  epochs =0.0103592392154
Mean train loss after  2900 batches of 13  epochs =0.0104946088478
Mean train loss after  3000 batches of 13  epochs =0.0105637167887
Mean train loss after  3100 batches of 13  epochs =0.0105739549481
Mean train loss after  3200 batches of 13  epochs =0.010558082142
Mean train loss after  3300 batches of 13  epochs =0.0106790685518
Mean train loss after  3400 batches of 13  epochs =0.0108662219012
Mean train loss after  3500 batches of 13  epochs =0.0110296666653
Mean train loss after  3600 batches of 13  epochs =0.0111471997257
Mean train loss after  3700 batches of 13  epochs =0.0113349547496
Epoch 13 : Mean train epoch loss =0.0113840416625
Epoch 13 Epoch val loss = 22852.6265819
Epoch 13 Epoch val perplexity = 1.5936974359399543
SCORES =  (91.83, 100.0, 100.0, 100.0)
Saved Model

 ------------- Epoch = 14---------------------

Mean train loss after  0 batches of 14  epochs =0.00167908118321
Mean train loss after  100 batches of 14  epochs =0.00798359904176
Mean train loss after  200 batches of 14  epochs =0.00802345358144
Mean train loss after  300 batches of 14  epochs =0.00775863208162
Mean train loss after  400 batches of 14  epochs =0.00721161895328
Mean train loss after  500 batches of 14  epochs =0.00720020767761
Mean train loss after  600 batches of 14  epochs =0.00765639733382
Mean train loss after  700 batches of 14  epochs =0.00734796522099
Mean train loss after  800 batches of 14  epochs =0.00776297042112
Mean train loss after  900 batches of 14  epochs =0.00805420256168
Mean train loss after  1000 batches of 14  epochs =0.00845809287063
Mean train loss after  1100 batches of 14  epochs =0.00860042711317
Mean train loss after  1200 batches of 14  epochs =0.00854525296923
Mean train loss after  1300 batches of 14  epochs =0.00850717141716
Mean train loss after  1400 batches of 14  epochs =0.0083352014258
Mean train loss after  1500 batches of 14  epochs =0.00833239773545
Mean train loss after  1600 batches of 14  epochs =0.00814210051838
Mean train loss after  1700 batches of 14  epochs =0.00845400113827
Mean train loss after  1800 batches of 14  epochs =0.00874614792932
Mean train loss after  1900 batches of 14  epochs =0.0088537487864
Mean train loss after  2000 batches of 14  epochs =0.00890501620458
Mean train loss after  2100 batches of 14  epochs =0.00904412451598
Mean train loss after  2200 batches of 14  epochs =0.00912789406999
Mean train loss after  2300 batches of 14  epochs =0.00927659629885
Mean train loss after  2400 batches of 14  epochs =0.00940345103376
Mean train loss after  2500 batches of 14  epochs =0.00948909730189
Mean train loss after  2600 batches of 14  epochs =0.00980479675853
Mean train loss after  2700 batches of 14  epochs =0.0100447080353
Mean train loss after  2800 batches of 14  epochs =0.0102280112721
Mean train loss after  2900 batches of 14  epochs =0.0103287143015
Mean train loss after  3000 batches of 14  epochs =0.0104218656958
Mean train loss after  3100 batches of 14  epochs =0.010390726307
Mean train loss after  3200 batches of 14  epochs =0.0103802863877
Mean train loss after  3300 batches of 14  epochs =0.0103882096489
Mean train loss after  3400 batches of 14  epochs =0.0104539300692
Mean train loss after  3500 batches of 14  epochs =0.010491394134
Mean train loss after  3600 batches of 14  epochs =0.010559728467
Mean train loss after  3700 batches of 14  epochs =0.010694813579
Epoch 14 : Mean train epoch loss =0.0107213003325
Epoch 14 Epoch val loss = 23608.8141456
Epoch 14 Epoch val perplexity = 1.6184654488144548
SCORES =  (91.86, 100.0, 100.0, 100.0)
Saved Model
