--*-*-*-*
Namespace(batch_size=4, data_dir='data/processed_data/', debug=False, emb_size=32, hidden_size=96, min_frequency=2, mode='train', model_name='pos_rnn', model_type='rnn', num_epochs=15, optimizer_type='ADAM', print_batch_freq=100, save_epoch_freq=1, saved_model_path=None, start_tag='start_tag', stop_tag='stop_tag', task='pos')
====================================================================================================
Creating Data Handler object
split_lens =  {'test': 0, 'train': 14986, 'val': 3465}
tag_dct =  {'PRP$': 0, 'VBG': 1, 'VBD': 2, 'start_tag': 3, 'VBN': 4, ',': 5, "''": 6, 'VBP': 7, 'WDT': 8, 'JJ': 9, 'WP': 10, 'VBZ': 11, 'DT': 12, '"': 13, 'RP': 14, '$': 15, 'NN': 16, ')': 17, '(': 18, 'FW': 19, 'POS': 20, '.': 21, 'TO': 22, '-X-': 23, 'LS': 24, 'RB': 25, ':': 26, 'NNS': 27, 'PRP': 28, 'VB': 29, 'WRB': 30, 'CC': 31, 'PDT': 32, 'RBS': 33, 'RBR': 34, 'CD': 35, 'EX': 36, 'IN': 37, 'WP$': 38, 'NN|SYM': 39, 'MD': 40, 'NNPS': 41, 'JJS': 42, 'JJR': 43, 'SYM': 44, 'UH': 45, 'stop_tag': 46, 'NNP': 47}
:---- create model rnn
RNNEncoder:  ['embeddings', 'encoder']
RNNModel:  ['encoder']
RNNTagger:  ['rnn_model', 'W']

 ------------- Epoch = 0---------------------

Mean train loss after  0 batches of 0  epochs =3.87670171828
Mean train loss after  100 batches of 0  epochs =3.18530404327
Mean train loss after  200 batches of 0  epochs =2.78771858849
Mean train loss after  300 batches of 0  epochs =2.50736677023
Mean train loss after  400 batches of 0  epochs =2.35387149046
Mean train loss after  500 batches of 0  epochs =2.22740071308
Mean train loss after  600 batches of 0  epochs =2.11578982983
Mean train loss after  700 batches of 0  epochs =2.02989766773
Mean train loss after  800 batches of 0  epochs =1.95206160411
Mean train loss after  900 batches of 0  epochs =1.88143586392
Mean train loss after  1000 batches of 0  epochs =1.81868136244
Mean train loss after  1100 batches of 0  epochs =1.75963453275
Mean train loss after  1200 batches of 0  epochs =1.71344050865
Mean train loss after  1300 batches of 0  epochs =1.67159293129
Mean train loss after  1400 batches of 0  epochs =1.63500341233
Mean train loss after  1500 batches of 0  epochs =1.60147841307
Mean train loss after  1600 batches of 0  epochs =1.56817887783
Mean train loss after  1700 batches of 0  epochs =1.54015948794
Mean train loss after  1800 batches of 0  epochs =1.51102833577
Mean train loss after  1900 batches of 0  epochs =1.48612402203
Mean train loss after  2000 batches of 0  epochs =1.46429176366
Mean train loss after  2100 batches of 0  epochs =1.44123470706
Mean train loss after  2200 batches of 0  epochs =1.42058703601
Mean train loss after  2300 batches of 0  epochs =1.40043275981
Mean train loss after  2400 batches of 0  epochs =1.38051499507
Mean train loss after  2500 batches of 0  epochs =1.36173203993
Mean train loss after  2600 batches of 0  epochs =1.34356881527
Mean train loss after  2700 batches of 0  epochs =1.32692191159
Mean train loss after  2800 batches of 0  epochs =1.31002699085
Mean train loss after  2900 batches of 0  epochs =1.29580258019
Mean train loss after  3000 batches of 0  epochs =1.28045665602
Mean train loss after  3100 batches of 0  epochs =1.26619305083
Mean train loss after  3200 batches of 0  epochs =1.25278245859
Mean train loss after  3300 batches of 0  epochs =1.24129848896
Mean train loss after  3400 batches of 0  epochs =1.22896319157
Mean train loss after  3500 batches of 0  epochs =1.21646348631
Mean train loss after  3600 batches of 0  epochs =1.20553793674
Mean train loss after  3700 batches of 0  epochs =1.19467290347
Epoch 0 : Mean train epoch loss =1.18859828018
Epoch 0 Epoch val loss = 37085.37166
Epoch 0 Epoch val perplexity = 2.1304208160980598
SCORES =  (77.73, 100.0, 100.0, 100.0)
Saved Model

 ------------- Epoch = 1---------------------

Mean train loss after  0 batches of 1  epochs =0.661312103271
Mean train loss after  100 batches of 1  epochs =0.737593404431
Mean train loss after  200 batches of 1  epochs =0.735867678489
Mean train loss after  300 batches of 1  epochs =0.731471426651
Mean train loss after  400 batches of 1  epochs =0.723265716684
Mean train loss after  500 batches of 1  epochs =0.712585663971
Mean train loss after  600 batches of 1  epochs =0.71358815184
Mean train loss after  700 batches of 1  epochs =0.707453573488
Mean train loss after  800 batches of 1  epochs =0.703560857546
Mean train loss after  900 batches of 1  epochs =0.700460781868
Mean train loss after  1000 batches of 1  epochs =0.696419386363
Mean train loss after  1100 batches of 1  epochs =0.693644992567
Mean train loss after  1200 batches of 1  epochs =0.688926970194
Mean train loss after  1300 batches of 1  epochs =0.681979777514
Mean train loss after  1400 batches of 1  epochs =0.678106953808
Mean train loss after  1500 batches of 1  epochs =0.676260630851
Mean train loss after  1600 batches of 1  epochs =0.672496082194
Mean train loss after  1700 batches of 1  epochs =0.668737784876
Mean train loss after  1800 batches of 1  epochs =0.666291387571
Mean train loss after  1900 batches of 1  epochs =0.662345610623
Mean train loss after  2000 batches of 1  epochs =0.658778012499
Mean train loss after  2100 batches of 1  epochs =0.656157518686
Mean train loss after  2200 batches of 1  epochs =0.653058317147
Mean train loss after  2300 batches of 1  epochs =0.65006729531
Mean train loss after  2400 batches of 1  epochs =0.647634280717
Mean train loss after  2500 batches of 1  epochs =0.645044826169
Mean train loss after  2600 batches of 1  epochs =0.641396380019
Mean train loss after  2700 batches of 1  epochs =0.638349803619
Mean train loss after  2800 batches of 1  epochs =0.635538861635
Mean train loss after  2900 batches of 1  epochs =0.632074456274
Mean train loss after  3000 batches of 1  epochs =0.630630626176
Mean train loss after  3100 batches of 1  epochs =0.627795873629
Mean train loss after  3200 batches of 1  epochs =0.625521384419
Mean train loss after  3300 batches of 1  epochs =0.622507559802
Mean train loss after  3400 batches of 1  epochs =0.619050163953
Mean train loss after  3500 batches of 1  epochs =0.615956793672
Mean train loss after  3600 batches of 1  epochs =0.612560564523
Mean train loss after  3700 batches of 1  epochs =0.61070610982
Epoch 1 : Mean train epoch loss =0.609314903249
Epoch 1 Epoch val loss = 25709.2888012
Epoch 1 Epoch val perplexity = 1.6893022139162401
SCORES =  (84.74, 100.0, 100.0, 100.0)
Saved Model

 ------------- Epoch = 2---------------------

Mean train loss after  0 batches of 2  epochs =0.328433102575
Mean train loss after  100 batches of 2  epochs =0.47064991238
Mean train loss after  200 batches of 2  epochs =0.46036217468
Mean train loss after  300 batches of 2  epochs =0.460515732818
Mean train loss after  400 batches of 2  epochs =0.454254398044
Mean train loss after  500 batches of 2  epochs =0.453096396858
Mean train loss after  600 batches of 2  epochs =0.456723559397
Mean train loss after  700 batches of 2  epochs =0.454979767026
Mean train loss after  800 batches of 2  epochs =0.45518825482
Mean train loss after  900 batches of 2  epochs =0.45673500542
Mean train loss after  1000 batches of 2  epochs =0.452897457899
Mean train loss after  1100 batches of 2  epochs =0.45078573853
Mean train loss after  1200 batches of 2  epochs =0.450951253556
Mean train loss after  1300 batches of 2  epochs =0.449102618931
Mean train loss after  1400 batches of 2  epochs =0.447935006936
Mean train loss after  1500 batches of 2  epochs =0.447545421416
Mean train loss after  1600 batches of 2  epochs =0.449528660245
Mean train loss after  1700 batches of 2  epochs =0.44954159772
Mean train loss after  1800 batches of 2  epochs =0.448309395555
Mean train loss after  1900 batches of 2  epochs =0.445639229048
Mean train loss after  2000 batches of 2  epochs =0.445601384698
Mean train loss after  2100 batches of 2  epochs =0.443211113004
Mean train loss after  2200 batches of 2  epochs =0.441336680134
Mean train loss after  2300 batches of 2  epochs =0.440859931071
Mean train loss after  2400 batches of 2  epochs =0.439539054698
Mean train loss after  2500 batches of 2  epochs =0.438479843139
Mean train loss after  2600 batches of 2  epochs =0.437144538786
Mean train loss after  2700 batches of 2  epochs =0.436064546404
Mean train loss after  2800 batches of 2  epochs =0.434405470904
Mean train loss after  2900 batches of 2  epochs =0.43328190135
Mean train loss after  3000 batches of 2  epochs =0.432236327727
Mean train loss after  3100 batches of 2  epochs =0.431236500629
Mean train loss after  3200 batches of 2  epochs =0.43003944603
Mean train loss after  3300 batches of 2  epochs =0.43003012983
Mean train loss after  3400 batches of 2  epochs =0.428499112899
Mean train loss after  3500 batches of 2  epochs =0.427998524573
Mean train loss after  3600 batches of 2  epochs =0.42701239555
Mean train loss after  3700 batches of 2  epochs =0.425743360598
Epoch 2 : Mean train epoch loss =0.424665116385
Epoch 2 Epoch val loss = 20550.5195041
Epoch 2 Epoch val perplexity = 1.5206038837614655
SCORES =  (87.8, 100.0, 100.0, 100.0)
Saved Model

 ------------- Epoch = 3---------------------

Mean train loss after  0 batches of 3  epochs =0.457565277815
Mean train loss after  100 batches of 3  epochs =0.352006475729
Mean train loss after  200 batches of 3  epochs =0.343133140472
Mean train loss after  300 batches of 3  epochs =0.332726243858
Mean train loss after  400 batches of 3  epochs =0.336413744961
Mean train loss after  500 batches of 3  epochs =0.334555046786
Mean train loss after  600 batches of 3  epochs =0.339312107762
Mean train loss after  700 batches of 3  epochs =0.340960284422
Mean train loss after  800 batches of 3  epochs =0.338874250741
Mean train loss after  900 batches of 3  epochs =0.338154157104
Mean train loss after  1000 batches of 3  epochs =0.336321898732
Mean train loss after  1100 batches of 3  epochs =0.336086867612
Mean train loss after  1200 batches of 3  epochs =0.335439607869
Mean train loss after  1300 batches of 3  epochs =0.334205572188
Mean train loss after  1400 batches of 3  epochs =0.335031319526
Mean train loss after  1500 batches of 3  epochs =0.336398744595
Mean train loss after  1600 batches of 3  epochs =0.335452584957
Mean train loss after  1700 batches of 3  epochs =0.334636380345
Mean train loss after  1800 batches of 3  epochs =0.3347722433
Mean train loss after  1900 batches of 3  epochs =0.334311459471
Mean train loss after  2000 batches of 3  epochs =0.334854485454
Mean train loss after  2100 batches of 3  epochs =0.334440458324
Mean train loss after  2200 batches of 3  epochs =0.33413602863
Mean train loss after  2300 batches of 3  epochs =0.332554132996
Mean train loss after  2400 batches of 3  epochs =0.332327575749
Mean train loss after  2500 batches of 3  epochs =0.332596336013
Mean train loss after  2600 batches of 3  epochs =0.332093662692
Mean train loss after  2700 batches of 3  epochs =0.330811506996
Mean train loss after  2800 batches of 3  epochs =0.329417824265
Mean train loss after  2900 batches of 3  epochs =0.329313331775
Mean train loss after  3000 batches of 3  epochs =0.328780399426
Mean train loss after  3100 batches of 3  epochs =0.327486106671
Mean train loss after  3200 batches of 3  epochs =0.327288137637
Mean train loss after  3300 batches of 3  epochs =0.326417270031
Mean train loss after  3400 batches of 3  epochs =0.326209897387
Mean train loss after  3500 batches of 3  epochs =0.325580030529
Mean train loss after  3600 batches of 3  epochs =0.32471538135
Mean train loss after  3700 batches of 3  epochs =0.324561701337
Epoch 3 : Mean train epoch loss =0.323802043065
Epoch 3 Epoch val loss = 17864.6489048
Epoch 3 Epoch val perplexity = 1.439551878716673
SCORES =  (89.38, 100.0, 100.0, 100.0)
Saved Model

 ------------- Epoch = 4---------------------

Mean train loss after  0 batches of 4  epochs =0.14706623193
Mean train loss after  100 batches of 4  epochs =0.259903910445
Mean train loss after  200 batches of 4  epochs =0.26178507324
Mean train loss after  300 batches of 4  epochs =0.263824569325
Mean train loss after  400 batches of 4  epochs =0.259181498315
Mean train loss after  500 batches of 4  epochs =0.259510125265
Mean train loss after  600 batches of 4  epochs =0.260660701272
Mean train loss after  700 batches of 4  epochs =0.261500441468
Mean train loss after  800 batches of 4  epochs =0.261989479798
Mean train loss after  900 batches of 4  epochs =0.261425369464
Mean train loss after  1000 batches of 4  epochs =0.261877108765
Mean train loss after  1100 batches of 4  epochs =0.262913043084
Mean train loss after  1200 batches of 4  epochs =0.26094880836
Mean train loss after  1300 batches of 4  epochs =0.25952325101
Mean train loss after  1400 batches of 4  epochs =0.260798773296
Mean train loss after  1500 batches of 4  epochs =0.262656079815
Mean train loss after  1600 batches of 4  epochs =0.263062020704
Mean train loss after  1700 batches of 4  epochs =0.263421007386
Mean train loss after  1800 batches of 4  epochs =0.263040050376
Mean train loss after  1900 batches of 4  epochs =0.263566582942
Mean train loss after  2000 batches of 4  epochs =0.262719037103
Mean train loss after  2100 batches of 4  epochs =0.26246698457
Mean train loss after  2200 batches of 4  epochs =0.261486069721
Mean train loss after  2300 batches of 4  epochs =0.261356545938
Mean train loss after  2400 batches of 4  epochs =0.261782932377
Mean train loss after  2500 batches of 4  epochs =0.262131339069
Mean train loss after  2600 batches of 4  epochs =0.260784938235
Mean train loss after  2700 batches of 4  epochs =0.260340818689
Mean train loss after  2800 batches of 4  epochs =0.259846434329
Mean train loss after  2900 batches of 4  epochs =0.259535232443
Mean train loss after  3000 batches of 4  epochs =0.259233226863
Mean train loss after  3100 batches of 4  epochs =0.259451620257
Mean train loss after  3200 batches of 4  epochs =0.259391830206
Mean train loss after  3300 batches of 4  epochs =0.260195335878
Mean train loss after  3400 batches of 4  epochs =0.259929556411
Mean train loss after  3500 batches of 4  epochs =0.25959194552
Mean train loss after  3600 batches of 4  epochs =0.259754418709
Mean train loss after  3700 batches of 4  epochs =0.260226557979
Epoch 4 : Mean train epoch loss =0.259827122257
Epoch 4 Epoch val loss = 16411.4192891
Epoch 4 Epoch val perplexity = 1.397513641190726
SCORES =  (90.13, 100.0, 100.0, 100.0)
Saved Model

 ------------- Epoch = 5---------------------

Mean train loss after  0 batches of 5  epochs =0.145692491531
Mean train loss after  100 batches of 5  epochs =0.220059247337
Mean train loss after  200 batches of 5  epochs =0.212311319602
Mean train loss after  300 batches of 5  epochs =0.211303714558
Mean train loss after  400 batches of 5  epochs =0.209257796896
Mean train loss after  500 batches of 5  epochs =0.20554184694
Mean train loss after  600 batches of 5  epochs =0.208723118992
Mean train loss after  700 batches of 5  epochs =0.209836219792
Mean train loss after  800 batches of 5  epochs =0.215203959275
Mean train loss after  900 batches of 5  epochs =0.217370617929
Mean train loss after  1000 batches of 5  epochs =0.218680868841
Mean train loss after  1100 batches of 5  epochs =0.217754571219
Mean train loss after  1200 batches of 5  epochs =0.216652724513
Mean train loss after  1300 batches of 5  epochs =0.216540317525
Mean train loss after  1400 batches of 5  epochs =0.214984760426
Mean train loss after  1500 batches of 5  epochs =0.214598025638
Mean train loss after  1600 batches of 5  epochs =0.215181282084
Mean train loss after  1700 batches of 5  epochs =0.215577333338
Mean train loss after  1800 batches of 5  epochs =0.215341370672
Mean train loss after  1900 batches of 5  epochs =0.215506287595
Mean train loss after  2000 batches of 5  epochs =0.215388530411
Mean train loss after  2100 batches of 5  epochs =0.215426083755
Mean train loss after  2200 batches of 5  epochs =0.214548936934
Mean train loss after  2300 batches of 5  epochs =0.214029036432
Mean train loss after  2400 batches of 5  epochs =0.213993106271
Mean train loss after  2500 batches of 5  epochs =0.213771077346
Mean train loss after  2600 batches of 5  epochs =0.213247992237
Mean train loss after  2700 batches of 5  epochs =0.213569211042
Mean train loss after  2800 batches of 5  epochs =0.214148067007
Mean train loss after  2900 batches of 5  epochs =0.214880084922
Mean train loss after  3000 batches of 5  epochs =0.215826216937
Mean train loss after  3100 batches of 5  epochs =0.215666314042
Mean train loss after  3200 batches of 5  epochs =0.216196499188
Mean train loss after  3300 batches of 5  epochs =0.216096840382
Mean train loss after  3400 batches of 5  epochs =0.215984197417
Mean train loss after  3500 batches of 5  epochs =0.215601991431
Mean train loss after  3600 batches of 5  epochs =0.215549345855
Mean train loss after  3700 batches of 5  epochs =0.215464706764
Epoch 5 : Mean train epoch loss =0.21568819214
Epoch 5 Epoch val loss = 15921.1696265
Epoch 5 Epoch val perplexity = 1.3836106972038265
SCORES =  (90.44, 100.0, 100.0, 100.0)
Saved Model

 ------------- Epoch = 6---------------------

Mean train loss after  0 batches of 6  epochs =0.191367311681
Mean train loss after  100 batches of 6  epochs =0.17383731256
Mean train loss after  200 batches of 6  epochs =0.187171717624
Mean train loss after  300 batches of 6  epochs =0.179228319589
Mean train loss after  400 batches of 6  epochs =0.17787915255
Mean train loss after  500 batches of 6  epochs =0.177294933595
Mean train loss after  600 batches of 6  epochs =0.179150606752
Mean train loss after  700 batches of 6  epochs =0.17785513999
Mean train loss after  800 batches of 6  epochs =0.177666682572
Mean train loss after  900 batches of 6  epochs =0.177413377752
Mean train loss after  1000 batches of 6  epochs =0.175814445957
Mean train loss after  1100 batches of 6  epochs =0.174163063327
Mean train loss after  1200 batches of 6  epochs =0.175647473901
Mean train loss after  1300 batches of 6  epochs =0.176256375427
Mean train loss after  1400 batches of 6  epochs =0.176661278988
Mean train loss after  1500 batches of 6  epochs =0.175757445943
Mean train loss after  1600 batches of 6  epochs =0.176808235612
Mean train loss after  1700 batches of 6  epochs =0.17709016178
Mean train loss after  1800 batches of 6  epochs =0.177417342749
Mean train loss after  1900 batches of 6  epochs =0.177086767315
Mean train loss after  2000 batches of 6  epochs =0.177514128854
Mean train loss after  2100 batches of 6  epochs =0.178349619336
Mean train loss after  2200 batches of 6  epochs =0.178834231587
Mean train loss after  2300 batches of 6  epochs =0.178806533676
Mean train loss after  2400 batches of 6  epochs =0.179792558185
Mean train loss after  2500 batches of 6  epochs =0.179632224009
Mean train loss after  2600 batches of 6  epochs =0.179738632245
Mean train loss after  2700 batches of 6  epochs =0.17987149789
Mean train loss after  2800 batches of 6  epochs =0.180159547701
Mean train loss after  2900 batches of 6  epochs =0.180186227804
Mean train loss after  3000 batches of 6  epochs =0.18056432693
Mean train loss after  3100 batches of 6  epochs =0.181261332325
Mean train loss after  3200 batches of 6  epochs =0.181961267698
Mean train loss after  3300 batches of 6  epochs =0.182220119385
Mean train loss after  3400 batches of 6  epochs =0.182571627386
Mean train loss after  3500 batches of 6  epochs =0.182803652499
Mean train loss after  3600 batches of 6  epochs =0.183308746813
Mean train loss after  3700 batches of 6  epochs =0.183592904507
Epoch 6 : Mean train epoch loss =0.183285273337
Epoch 6 Epoch val loss = 15294.1737263
Epoch 6 Epoch val perplexity = 1.3660311536508873
SCORES =  (91.03, 100.0, 100.0, 100.0)
Saved Model

 ------------- Epoch = 7---------------------

Mean train loss after  0 batches of 7  epochs =0.363806549384
Mean train loss after  100 batches of 7  epochs =0.157066722663
Mean train loss after  200 batches of 7  epochs =0.153783461322
Mean train loss after  300 batches of 7  epochs =0.149242467415
Mean train loss after  400 batches of 7  epochs =0.148704827058
Mean train loss after  500 batches of 7  epochs =0.146283941105
Mean train loss after  600 batches of 7  epochs =0.149206049736
Mean train loss after  700 batches of 7  epochs =0.149335687403
Mean train loss after  800 batches of 7  epochs =0.150764533399
Mean train loss after  900 batches of 7  epochs =0.150908782314
Mean train loss after  1000 batches of 7  epochs =0.151367441501
Mean train loss after  1100 batches of 7  epochs =0.151800112776
Mean train loss after  1200 batches of 7  epochs =0.153174876501
Mean train loss after  1300 batches of 7  epochs =0.154460938953
Mean train loss after  1400 batches of 7  epochs =0.155658496778
Mean train loss after  1500 batches of 7  epochs =0.154941746698
Mean train loss after  1600 batches of 7  epochs =0.154912538223
Mean train loss after  1700 batches of 7  epochs =0.154385335091
Mean train loss after  1800 batches of 7  epochs =0.153886557629
Mean train loss after  1900 batches of 7  epochs =0.153987501298
Mean train loss after  2000 batches of 7  epochs =0.153935018933
Mean train loss after  2100 batches of 7  epochs =0.154248485008
Mean train loss after  2200 batches of 7  epochs =0.154791538624
Mean train loss after  2300 batches of 7  epochs =0.155196048745
Mean train loss after  2400 batches of 7  epochs =0.154613385212
Mean train loss after  2500 batches of 7  epochs =0.154806737495
Mean train loss after  2600 batches of 7  epochs =0.154764135719
Mean train loss after  2700 batches of 7  epochs =0.155128650326
Mean train loss after  2800 batches of 7  epochs =0.155124943714
Mean train loss after  2900 batches of 7  epochs =0.155845398425
Mean train loss after  3000 batches of 7  epochs =0.155850629926
Mean train loss after  3100 batches of 7  epochs =0.156430262031
Mean train loss after  3200 batches of 7  epochs =0.156710056467
Mean train loss after  3300 batches of 7  epochs =0.156939366791
Mean train loss after  3400 batches of 7  epochs =0.157103428202
Mean train loss after  3500 batches of 7  epochs =0.157122967679
Mean train loss after  3600 batches of 7  epochs =0.157490830798
Mean train loss after  3700 batches of 7  epochs =0.157735956318
Epoch 7 : Mean train epoch loss =0.158054819456
Epoch 7 Epoch val loss = 14951.649272
Epoch 7 Epoch val perplexity = 1.356522065428669
SCORES =  (91.2, 100.0, 100.0, 100.0)
Saved Model

 ------------- Epoch = 8---------------------

Mean train loss after  0 batches of 8  epochs =0.259365303572
Mean train loss after  100 batches of 8  epochs =0.121590295191
Mean train loss after  200 batches of 8  epochs =0.121307318897
Mean train loss after  300 batches of 8  epochs =0.121175666758
Mean train loss after  400 batches of 8  epochs =0.124270077244
Mean train loss after  500 batches of 8  epochs =0.123858752476
Mean train loss after  600 batches of 8  epochs =0.125950497406
Mean train loss after  700 batches of 8  epochs =0.127427977078
Mean train loss after  800 batches of 8  epochs =0.128874801655
Mean train loss after  900 batches of 8  epochs =0.128916594253
Mean train loss after  1000 batches of 8  epochs =0.129349648563
Mean train loss after  1100 batches of 8  epochs =0.131448386588
Mean train loss after  1200 batches of 8  epochs =0.132091367037
Mean train loss after  1300 batches of 8  epochs =0.132136265772
Mean train loss after  1400 batches of 8  epochs =0.133202066231
Mean train loss after  1500 batches of 8  epochs =0.133611968229
Mean train loss after  1600 batches of 8  epochs =0.132645813161
Mean train loss after  1700 batches of 8  epochs =0.132941714504
Mean train loss after  1800 batches of 8  epochs =0.133727703797
Mean train loss after  1900 batches of 8  epochs =0.135132529239
Mean train loss after  2000 batches of 8  epochs =0.135530013227
Mean train loss after  2100 batches of 8  epochs =0.136045201729
Mean train loss after  2200 batches of 8  epochs =0.135521547662
Mean train loss after  2300 batches of 8  epochs =0.135493441521
Mean train loss after  2400 batches of 8  epochs =0.134829644728
Mean train loss after  2500 batches of 8  epochs =0.135010894897
Mean train loss after  2600 batches of 8  epochs =0.136198001553
Mean train loss after  2700 batches of 8  epochs =0.13661993101
Mean train loss after  2800 batches of 8  epochs =0.136716454221
Mean train loss after  2900 batches of 8  epochs =0.136971815402
Mean train loss after  3000 batches of 8  epochs =0.137154885754
Mean train loss after  3100 batches of 8  epochs =0.137024333383
Mean train loss after  3200 batches of 8  epochs =0.13737319133
Mean train loss after  3300 batches of 8  epochs =0.13727299034
Mean train loss after  3400 batches of 8  epochs =0.137591855438
Mean train loss after  3500 batches of 8  epochs =0.13803756376
Mean train loss after  3600 batches of 8  epochs =0.137934288894
Mean train loss after  3700 batches of 8  epochs =0.137866085156
Epoch 8 : Mean train epoch loss =0.137790599916
Epoch 8 Epoch val loss = 15102.5391586
Epoch 8 Epoch val perplexity = 1.3607028525993532
SCORES =  (91.15, 100.0, 100.0, 100.0)
Saved Model

 ------------- Epoch = 9---------------------

Mean train loss after  0 batches of 9  epochs =0.0796931566194
Mean train loss after  100 batches of 9  epochs =0.0995378750609
Mean train loss after  200 batches of 9  epochs =0.10651012932
Mean train loss after  300 batches of 9  epochs =0.108149513372
Mean train loss after  400 batches of 9  epochs =0.107426351823
Mean train loss after  500 batches of 9  epochs =0.109642286539
Mean train loss after  600 batches of 9  epochs =0.11072616071
Mean train loss after  700 batches of 9  epochs =0.110821679686
Mean train loss after  800 batches of 9  epochs =0.113234551438
Mean train loss after  900 batches of 9  epochs =0.112601542701
Mean train loss after  1000 batches of 9  epochs =0.112994215474
Mean train loss after  1100 batches of 9  epochs =0.112458591112
Mean train loss after  1200 batches of 9  epochs =0.11329320415
Mean train loss after  1300 batches of 9  epochs =0.113996298616
Mean train loss after  1400 batches of 9  epochs =0.114809009241
Mean train loss after  1500 batches of 9  epochs =0.114638501201
Mean train loss after  1600 batches of 9  epochs =0.114423890426
Mean train loss after  1700 batches of 9  epochs =0.115235676904
Mean train loss after  1800 batches of 9  epochs =0.115069788089
Mean train loss after  1900 batches of 9  epochs =0.115898856548
Mean train loss after  2000 batches of 9  epochs =0.116250347154
Mean train loss after  2100 batches of 9  epochs =0.11630539685
Mean train loss after  2200 batches of 9  epochs =0.116563649
Mean train loss after  2300 batches of 9  epochs =0.116811914987
Mean train loss after  2400 batches of 9  epochs =0.116693932037
Mean train loss after  2500 batches of 9  epochs =0.116531942082
Mean train loss after  2600 batches of 9  epochs =0.117114596468
Mean train loss after  2700 batches of 9  epochs =0.11737829413
Mean train loss after  2800 batches of 9  epochs =0.118071439625
Mean train loss after  2900 batches of 9  epochs =0.118569069912
Mean train loss after  3000 batches of 9  epochs =0.118469593415
Mean train loss after  3100 batches of 9  epochs =0.119109094296
Mean train loss after  3200 batches of 9  epochs =0.119060594455
Mean train loss after  3300 batches of 9  epochs =0.119520436664
Mean train loss after  3400 batches of 9  epochs =0.119710359099
Mean train loss after  3500 batches of 9  epochs =0.11994563096
Mean train loss after  3600 batches of 9  epochs =0.120036540053
Mean train loss after  3700 batches of 9  epochs =0.120039562291
Epoch 9 : Mean train epoch loss =0.120107997928
Epoch 9 Epoch val loss = 15424.8384902
Epoch 9 Epoch val perplexity = 1.369676178952318
SCORES =  (91.22, 100.0, 100.0, 100.0)
Saved Model

 ------------- Epoch = 10---------------------

Mean train loss after  0 batches of 10  epochs =0.0720247945924
Mean train loss after  100 batches of 10  epochs =0.091430951369
Mean train loss after  200 batches of 10  epochs =0.098915512405
Mean train loss after  300 batches of 10  epochs =0.102193978141
Mean train loss after  400 batches of 10  epochs =0.10447509457
Mean train loss after  500 batches of 10  epochs =0.104411221567
Mean train loss after  600 batches of 10  epochs =0.103061573151
Mean train loss after  700 batches of 10  epochs =0.101969970054
Mean train loss after  800 batches of 10  epochs =0.102789969932
Mean train loss after  900 batches of 10  epochs =0.102110743593
Mean train loss after  1000 batches of 10  epochs =0.103041889081
Mean train loss after  1100 batches of 10  epochs =0.102600498877
Mean train loss after  1200 batches of 10  epochs =0.103866339869
Mean train loss after  1300 batches of 10  epochs =0.104362824109
Mean train loss after  1400 batches of 10  epochs =0.104604116765
Mean train loss after  1500 batches of 10  epochs =0.104566394909
Mean train loss after  1600 batches of 10  epochs =0.103780256511
Mean train loss after  1700 batches of 10  epochs =0.103957864988
Mean train loss after  1800 batches of 10  epochs =0.103737319468
Mean train loss after  1900 batches of 10  epochs =0.10384517069
Mean train loss after  2000 batches of 10  epochs =0.103980115088
Mean train loss after  2100 batches of 10  epochs =0.103575128641
Mean train loss after  2200 batches of 10  epochs =0.103095394165
Mean train loss after  2300 batches of 10  epochs =0.103381220929
Mean train loss after  2400 batches of 10  epochs =0.103394470776
Mean train loss after  2500 batches of 10  epochs =0.103525154293
Mean train loss after  2600 batches of 10  epochs =0.103188142534
Mean train loss after  2700 batches of 10  epochs =0.103772781456
Mean train loss after  2800 batches of 10  epochs =0.104398358473
Mean train loss after  2900 batches of 10  epochs =0.104168608145
Mean train loss after  3000 batches of 10  epochs =0.104344890086
Mean train loss after  3100 batches of 10  epochs =0.104672992523
Mean train loss after  3200 batches of 10  epochs =0.104504584825
Mean train loss after  3300 batches of 10  epochs =0.105062299759
Mean train loss after  3400 batches of 10  epochs =0.105123358074
Mean train loss after  3500 batches of 10  epochs =0.105231376741
Mean train loss after  3600 batches of 10  epochs =0.105403162143
Mean train loss after  3700 batches of 10  epochs =0.105738320164
Epoch 10 : Mean train epoch loss =0.105646988635
Epoch 10 Epoch val loss = 15832.0845504
Epoch 10 Epoch val perplexity = 1.3810992324374167
SCORES =  (91.12, 100.0, 100.0, 100.0)
Saved Model

 ------------- Epoch = 11---------------------

Mean train loss after  0 batches of 11  epochs =0.125305944873
Mean train loss after  100 batches of 11  epochs =0.0793971174674
Mean train loss after  200 batches of 11  epochs =0.0873348102256
Mean train loss after  300 batches of 11  epochs =0.0857446790602
Mean train loss after  400 batches of 11  epochs =0.0859135164928
Mean train loss after  500 batches of 11  epochs =0.085845296724
Mean train loss after  600 batches of 11  epochs =0.086269181587
Mean train loss after  700 batches of 11  epochs =0.0869951757903
Mean train loss after  800 batches of 11  epochs =0.0874018234305
Mean train loss after  900 batches of 11  epochs =0.0885060858128
Mean train loss after  1000 batches of 11  epochs =0.0886671581425
Mean train loss after  1100 batches of 11  epochs =0.0883265969963
Mean train loss after  1200 batches of 11  epochs =0.088344473465
Mean train loss after  1300 batches of 11  epochs =0.0879699110279
Mean train loss after  1400 batches of 11  epochs =0.088589157655
Mean train loss after  1500 batches of 11  epochs =0.089520428904
Mean train loss after  1600 batches of 11  epochs =0.0893512644107
Mean train loss after  1700 batches of 11  epochs =0.0891855538513
Mean train loss after  1800 batches of 11  epochs =0.089890898274
Mean train loss after  1900 batches of 11  epochs =0.0902326736592
Mean train loss after  2000 batches of 11  epochs =0.090450998075
Mean train loss after  2100 batches of 11  epochs =0.09056440758
Mean train loss after  2200 batches of 11  epochs =0.0901626052545
Mean train loss after  2300 batches of 11  epochs =0.0903902322001
Mean train loss after  2400 batches of 11  epochs =0.0903043093371
Mean train loss after  2500 batches of 11  epochs =0.0904342344443
Mean train loss after  2600 batches of 11  epochs =0.0905675667326
Mean train loss after  2700 batches of 11  epochs =0.0906728440392
Mean train loss after  2800 batches of 11  epochs =0.090656293756
Mean train loss after  2900 batches of 11  epochs =0.0905925125158
Mean train loss after  3000 batches of 11  epochs =0.0911089771369
Mean train loss after  3100 batches of 11  epochs =0.0908754765973
Mean train loss after  3200 batches of 11  epochs =0.0911382750702
Mean train loss after  3300 batches of 11  epochs =0.0915101392106
Mean train loss after  3400 batches of 11  epochs =0.0917164842272
Mean train loss after  3500 batches of 11  epochs =0.0918299244269
Mean train loss after  3600 batches of 11  epochs =0.0920400223356
Mean train loss after  3700 batches of 11  epochs =0.0923927308381
Epoch 11 : Mean train epoch loss =0.0924444421752
Epoch 11 Epoch val loss = 16470.0058386
Epoch 11 Epoch val perplexity = 1.399184409120388
SCORES =  (91.11, 100.0, 100.0, 100.0)
Saved Model

 ------------- Epoch = 12---------------------

Mean train loss after  0 batches of 12  epochs =0.0297625925123
Mean train loss after  100 batches of 12  epochs =0.0672981516183
Mean train loss after  200 batches of 12  epochs =0.0709318766878
Mean train loss after  300 batches of 12  epochs =0.0695669660817
Mean train loss after  400 batches of 12  epochs =0.0702125936663
Mean train loss after  500 batches of 12  epochs =0.073506252825
Mean train loss after  600 batches of 12  epochs =0.0742253346883
Mean train loss after  700 batches of 12  epochs =0.0743776359329
Mean train loss after  800 batches of 12  epochs =0.0750094367283
Mean train loss after  900 batches of 12  epochs =0.0757989392688
Mean train loss after  1000 batches of 12  epochs =0.0749788311794
Mean train loss after  1100 batches of 12  epochs =0.0751829490314
Mean train loss after  1200 batches of 12  epochs =0.0754379929538
Mean train loss after  1300 batches of 12  epochs =0.0763698313341
Mean train loss after  1400 batches of 12  epochs =0.0770447471906
Mean train loss after  1500 batches of 12  epochs =0.0774775059941
Mean train loss after  1600 batches of 12  epochs =0.0777526046228
Mean train loss after  1700 batches of 12  epochs =0.0780859385654
Mean train loss after  1800 batches of 12  epochs =0.0783888336155
Mean train loss after  1900 batches of 12  epochs =0.0783438760115
Mean train loss after  2000 batches of 12  epochs =0.0781910500082
Mean train loss after  2100 batches of 12  epochs =0.0786796035187
Mean train loss after  2200 batches of 12  epochs =0.078868739296
Mean train loss after  2300 batches of 12  epochs =0.0785792310524
Mean train loss after  2400 batches of 12  epochs =0.0787900864905
Mean train loss after  2500 batches of 12  epochs =0.0793707743023
Mean train loss after  2600 batches of 12  epochs =0.0798828696484
Mean train loss after  2700 batches of 12  epochs =0.08007626969
Mean train loss after  2800 batches of 12  epochs =0.0804170280844
Mean train loss after  2900 batches of 12  epochs =0.0805088882248
Mean train loss after  3000 batches of 12  epochs =0.0805566908364
Mean train loss after  3100 batches of 12  epochs =0.0802115629891
Mean train loss after  3200 batches of 12  epochs =0.0804391040218
Mean train loss after  3300 batches of 12  epochs =0.0805901866565
Mean train loss after  3400 batches of 12  epochs =0.0806011894231
Mean train loss after  3500 batches of 12  epochs =0.0807890534508
Mean train loss after  3600 batches of 12  epochs =0.0811365368164
Mean train loss after  3700 batches of 12  epochs =0.0810631312712
Epoch 12 : Mean train epoch loss =0.0811218807138
Epoch 12 Epoch val loss = 17427.3030326
Epoch 12 Epoch val perplexity = 1.4267692645111023
SCORES =  (91.0, 100.0, 100.0, 100.0)
Saved Model

 ------------- Epoch = 13---------------------

Mean train loss after  0 batches of 13  epochs =0.0363915761312
Mean train loss after  100 batches of 13  epochs =0.0587675114281
Mean train loss after  200 batches of 13  epochs =0.0636147501432
Mean train loss after  300 batches of 13  epochs =0.0624082973333
Mean train loss after  400 batches of 13  epochs =0.0630897858339
Mean train loss after  500 batches of 13  epochs =0.0643493201499
Mean train loss after  600 batches of 13  epochs =0.0655063499884
Mean train loss after  700 batches of 13  epochs =0.065939026421
Mean train loss after  800 batches of 13  epochs =0.0656294208793
Mean train loss after  900 batches of 13  epochs =0.0656058572259
Mean train loss after  1000 batches of 13  epochs =0.0666528981323
Mean train loss after  1100 batches of 13  epochs =0.0667270807636
Mean train loss after  1200 batches of 13  epochs =0.0668116564602
Mean train loss after  1300 batches of 13  epochs =0.0675089537755
Mean train loss after  1400 batches of 13  epochs =0.0678437866889
Mean train loss after  1500 batches of 13  epochs =0.0682407723667
Mean train loss after  1600 batches of 13  epochs =0.068332451339
Mean train loss after  1700 batches of 13  epochs =0.0686730961172
Mean train loss after  1800 batches of 13  epochs =0.0685639478239
Mean train loss after  1900 batches of 13  epochs =0.0687604243848
Mean train loss after  2000 batches of 13  epochs =0.0686011105927
Mean train loss after  2100 batches of 13  epochs =0.0689108372938
Mean train loss after  2200 batches of 13  epochs =0.0686940730965
Mean train loss after  2300 batches of 13  epochs =0.0685885718932
Mean train loss after  2400 batches of 13  epochs =0.0691638915072
Mean train loss after  2500 batches of 13  epochs =0.069484012526
Mean train loss after  2600 batches of 13  epochs =0.0697191922267
Mean train loss after  2700 batches of 13  epochs =0.0699212853745
Mean train loss after  2800 batches of 13  epochs =0.0704689118809
Mean train loss after  2900 batches of 13  epochs =0.0707680928552
Mean train loss after  3000 batches of 13  epochs =0.0708283868888
Mean train loss after  3100 batches of 13  epochs =0.0707625506178
Mean train loss after  3200 batches of 13  epochs =0.0708505463283
Mean train loss after  3300 batches of 13  epochs =0.071304228286
Mean train loss after  3400 batches of 13  epochs =0.0713614224707
Mean train loss after  3500 batches of 13  epochs =0.0715792485258
Mean train loss after  3600 batches of 13  epochs =0.0716713548417
Mean train loss after  3700 batches of 13  epochs =0.0717692350985
Epoch 13 : Mean train epoch loss =0.071800144273
Epoch 13 Epoch val loss = 18405.8356273
Epoch 13 Epoch val perplexity = 1.4555281704602605
SCORES =  (90.93, 100.0, 100.0, 100.0)
Saved Model

 ------------- Epoch = 14---------------------

Mean train loss after  0 batches of 14  epochs =0.00205210277012
Mean train loss after  100 batches of 14  epochs =0.0594861741939
Mean train loss after  200 batches of 14  epochs =0.0577406258324
Mean train loss after  300 batches of 14  epochs =0.0565935019283
Mean train loss after  400 batches of 14  epochs =0.0575269028258
Mean train loss after  500 batches of 14  epochs =0.0569079691816
Mean train loss after  600 batches of 14  epochs =0.0570227424523
Mean train loss after  700 batches of 14  epochs =0.0587660932048
Mean train loss after  800 batches of 14  epochs =0.0579037331419
Mean train loss after  900 batches of 14  epochs =0.0579323965319
Mean train loss after  1000 batches of 14  epochs =0.0581632228604
Mean train loss after  1100 batches of 14  epochs =0.0590331073831
Mean train loss after  1200 batches of 14  epochs =0.0595070698792
Mean train loss after  1300 batches of 14  epochs =0.0602913831116
Mean train loss after  1400 batches of 14  epochs =0.0600891785752
Mean train loss after  1500 batches of 14  epochs =0.0602249279181
Mean train loss after  1600 batches of 14  epochs =0.0605449143031
Mean train loss after  1700 batches of 14  epochs =0.061248641941
Mean train loss after  1800 batches of 14  epochs =0.0614735830549
Mean train loss after  1900 batches of 14  epochs =0.0613262056524
Mean train loss after  2000 batches of 14  epochs =0.0611653353115
Mean train loss after  2100 batches of 14  epochs =0.061314319558
Mean train loss after  2200 batches of 14  epochs =0.0612404202387
Mean train loss after  2300 batches of 14  epochs =0.0610746675921
Mean train loss after  2400 batches of 14  epochs =0.0611130470764
Mean train loss after  2500 batches of 14  epochs =0.0613609209823
Mean train loss after  2600 batches of 14  epochs =0.0616838881154
Mean train loss after  2700 batches of 14  epochs =0.0618990647447
Mean train loss after  2800 batches of 14  epochs =0.0619267507346
Mean train loss after  2900 batches of 14  epochs =0.0621253275898
Mean train loss after  3000 batches of 14  epochs =0.0622913209253
Mean train loss after  3100 batches of 14  epochs =0.0626701660445
Mean train loss after  3200 batches of 14  epochs =0.0628886322779
Mean train loss after  3300 batches of 14  epochs =0.0627542355041
Mean train loss after  3400 batches of 14  epochs =0.0628880640973
Mean train loss after  3500 batches of 14  epochs =0.0631355410162
Mean train loss after  3600 batches of 14  epochs =0.0632136354311
Mean train loss after  3700 batches of 14  epochs =0.0632820526521
Epoch 14 : Mean train epoch loss =0.063404028478
Epoch 14 Epoch val loss = 19144.6338315
Epoch 14 Epoch val perplexity = 1.477624747465797
SCORES =  (90.78, 100.0, 100.0, 100.0)
Saved Model
