--*-*-*-*
Namespace(batch_size=4, data_dir='data/processed_data/', debug=False, emb_size=192, hidden_size=192, min_frequency=2, mode='train', model_name='pos_rnn_192e_192h', model_type='rnn', num_epochs=12, optimizer_type='ADAM', print_batch_freq=100, save_epoch_freq=1, saved_model_path=None, start_tag='start_tag', stop_tag='stop_tag', task='pos')
====================================================================================================
Creating Data Handler object
split_lens =  {'test': 0, 'train': 14986, 'val': 3465}
tag_dct =  {'PRP$': 0, 'VBG': 1, 'VBD': 2, 'start_tag': 3, 'VBN': 4, ',': 5, "''": 6, 'VBP': 7, 'WDT': 8, 'JJ': 9, 'WP': 10, 'VBZ': 11, 'DT': 12, '"': 13, 'RP': 14, '$': 15, 'NN': 16, ')': 17, '(': 18, 'FW': 19, 'POS': 20, '.': 21, 'TO': 22, '-X-': 23, 'LS': 24, 'RB': 25, ':': 26, 'NNS': 27, 'PRP': 28, 'VB': 29, 'WRB': 30, 'CC': 31, 'PDT': 32, 'RBS': 33, 'RBR': 34, 'CD': 35, 'EX': 36, 'IN': 37, 'WP$': 38, 'NN|SYM': 39, 'MD': 40, 'NNPS': 41, 'JJS': 42, 'JJR': 43, 'SYM': 44, 'UH': 45, 'stop_tag': 46, 'NNP': 47}
:---- create model rnn
RNNEncoder:  ['embeddings', 'encoder']
RNNModel:  ['encoder']
RNNTagger:  ['rnn_model', 'W']

 ------------- Epoch = 0---------------------

Mean train loss after  0 batches of 0  epochs =3.8659367637
Mean train loss after  100 batches of 0  epochs =2.49436325205
Mean train loss after  200 batches of 0  epochs =2.00320310496
Mean train loss after  300 batches of 0  epochs =1.73097491856
Mean train loss after  400 batches of 0  epochs =1.6003362224
Mean train loss after  500 batches of 0  epochs =1.49626191579
Mean train loss after  600 batches of 0  epochs =1.39818445934
Mean train loss after  700 batches of 0  epochs =1.328665628
Mean train loss after  800 batches of 0  epochs =1.26789429936
Mean train loss after  900 batches of 0  epochs =1.21439994845
Mean train loss after  1000 batches of 0  epochs =1.16692346056
Mean train loss after  1100 batches of 0  epochs =1.1215458034
Mean train loss after  1200 batches of 0  epochs =1.08750707023
Mean train loss after  1300 batches of 0  epochs =1.05741167014
Mean train loss after  1400 batches of 0  epochs =1.03044613063
Mean train loss after  1500 batches of 0  epochs =1.00591887635
Mean train loss after  1600 batches of 0  epochs =0.980000512167
Mean train loss after  1700 batches of 0  epochs =0.959429533573
Mean train loss after  1800 batches of 0  epochs =0.938679236164
Mean train loss after  1900 batches of 0  epochs =0.919988963987
Mean train loss after  2000 batches of 0  epochs =0.903629617078
Mean train loss after  2100 batches of 0  epochs =0.887575070727
Mean train loss after  2200 batches of 0  epochs =0.871494350839
Mean train loss after  2300 batches of 0  epochs =0.855889394408
Mean train loss after  2400 batches of 0  epochs =0.840268451378
Mean train loss after  2500 batches of 0  epochs =0.826254952799
Mean train loss after  2600 batches of 0  epochs =0.812417493763
Mean train loss after  2700 batches of 0  epochs =0.800601504259
Mean train loss after  2800 batches of 0  epochs =0.788291091954
Mean train loss after  2900 batches of 0  epochs =0.777885579086
Mean train loss after  3000 batches of 0  epochs =0.766954874256
Mean train loss after  3100 batches of 0  epochs =0.75645805104
Mean train loss after  3200 batches of 0  epochs =0.746620156904
Mean train loss after  3300 batches of 0  epochs =0.738299174078
Mean train loss after  3400 batches of 0  epochs =0.730077594803
Mean train loss after  3500 batches of 0  epochs =0.721572335029
Mean train loss after  3600 batches of 0  epochs =0.713297720955
Mean train loss after  3700 batches of 0  epochs =0.705704898939
Epoch 0 : Mean train epoch loss =0.701777399713
Epoch 0 Epoch val loss = 19531.7832894
Epoch 0 Epoch val perplexity = 1.4893375577708103
SCORES =  (88.22, 100.0, 100.0, 100.0)
Saved Model

 ------------- Epoch = 1---------------------

Mean train loss after  0 batches of 1  epochs =0.250543934958
Mean train loss after  100 batches of 1  epochs =0.305983647607
Mean train loss after  200 batches of 1  epochs =0.300291373186
Mean train loss after  300 batches of 1  epochs =0.302750026449
Mean train loss after  400 batches of 1  epochs =0.302883239353
Mean train loss after  500 batches of 1  epochs =0.303993234517
Mean train loss after  600 batches of 1  epochs =0.305160836027
Mean train loss after  700 batches of 1  epochs =0.303279105565
Mean train loss after  800 batches of 1  epochs =0.301581990045
Mean train loss after  900 batches of 1  epochs =0.302573870133
Mean train loss after  1000 batches of 1  epochs =0.305744153592
Mean train loss after  1100 batches of 1  epochs =0.304425226518
Mean train loss after  1200 batches of 1  epochs =0.30436084464
Mean train loss after  1300 batches of 1  epochs =0.304050704443
Mean train loss after  1400 batches of 1  epochs =0.302671942786
Mean train loss after  1500 batches of 1  epochs =0.301641127754
Mean train loss after  1600 batches of 1  epochs =0.299467839407
Mean train loss after  1700 batches of 1  epochs =0.297956220169
Mean train loss after  1800 batches of 1  epochs =0.297703475467
Mean train loss after  1900 batches of 1  epochs =0.296629227046
Mean train loss after  2000 batches of 1  epochs =0.295828144644
Mean train loss after  2100 batches of 1  epochs =0.294337730568
Mean train loss after  2200 batches of 1  epochs =0.292988105481
Mean train loss after  2300 batches of 1  epochs =0.2922528992
Mean train loss after  2400 batches of 1  epochs =0.291778502193
Mean train loss after  2500 batches of 1  epochs =0.291184925086
Mean train loss after  2600 batches of 1  epochs =0.290876756984
Mean train loss after  2700 batches of 1  epochs =0.290297946436
Mean train loss after  2800 batches of 1  epochs =0.288966266506
Mean train loss after  2900 batches of 1  epochs =0.288452858081
Mean train loss after  3000 batches of 1  epochs =0.287396572667
Mean train loss after  3100 batches of 1  epochs =0.286967468289
Mean train loss after  3200 batches of 1  epochs =0.286579189176
Mean train loss after  3300 batches of 1  epochs =0.285964643887
Mean train loss after  3400 batches of 1  epochs =0.285241733001
Mean train loss after  3500 batches of 1  epochs =0.284372066193
Mean train loss after  3600 batches of 1  epochs =0.283394843484
Mean train loss after  3700 batches of 1  epochs =0.28264489469
Epoch 1 : Mean train epoch loss =0.282699024124
Epoch 1 Epoch val loss = 15530.137022
Epoch 1 Epoch val perplexity = 1.3726206635979727
SCORES =  (90.51, 100.0, 100.0, 100.0)
Saved Model

 ------------- Epoch = 2---------------------

Mean train loss after  0 batches of 2  epochs =0.244470532735
Mean train loss after  100 batches of 2  epochs =0.177159272867
Mean train loss after  200 batches of 2  epochs =0.170198822912
Mean train loss after  300 batches of 2  epochs =0.177135335028
Mean train loss after  400 batches of 2  epochs =0.17723333804
Mean train loss after  500 batches of 2  epochs =0.177843288292
Mean train loss after  600 batches of 2  epochs =0.177224388385
Mean train loss after  700 batches of 2  epochs =0.177567507767
Mean train loss after  800 batches of 2  epochs =0.177478471476
Mean train loss after  900 batches of 2  epochs =0.177440723853
Mean train loss after  1000 batches of 2  epochs =0.177293488939
Mean train loss after  1100 batches of 2  epochs =0.177580331833
Mean train loss after  1200 batches of 2  epochs =0.17656609026
Mean train loss after  1300 batches of 2  epochs =0.177196810966
Mean train loss after  1400 batches of 2  epochs =0.178439182487
Mean train loss after  1500 batches of 2  epochs =0.177800321442
Mean train loss after  1600 batches of 2  epochs =0.178416874137
Mean train loss after  1700 batches of 2  epochs =0.178793382418
Mean train loss after  1800 batches of 2  epochs =0.178695460662
Mean train loss after  1900 batches of 2  epochs =0.178718480542
Mean train loss after  2000 batches of 2  epochs =0.179038490122
Mean train loss after  2100 batches of 2  epochs =0.178498917933
Mean train loss after  2200 batches of 2  epochs =0.179331940095
Mean train loss after  2300 batches of 2  epochs =0.178594881237
Mean train loss after  2400 batches of 2  epochs =0.17897975951
Mean train loss after  2500 batches of 2  epochs =0.179118346115
Mean train loss after  2600 batches of 2  epochs =0.178862714116
Mean train loss after  2700 batches of 2  epochs =0.179300996971
Mean train loss after  2800 batches of 2  epochs =0.179340112178
Mean train loss after  2900 batches of 2  epochs =0.179368836136
Mean train loss after  3000 batches of 2  epochs =0.179468668008
Mean train loss after  3100 batches of 2  epochs =0.179656120943
Mean train loss after  3200 batches of 2  epochs =0.179838714536
Mean train loss after  3300 batches of 2  epochs =0.18013547545
Mean train loss after  3400 batches of 2  epochs =0.180511807628
Mean train loss after  3500 batches of 2  epochs =0.180741265764
Mean train loss after  3600 batches of 2  epochs =0.180696806363
Mean train loss after  3700 batches of 2  epochs =0.180246020538
Epoch 2 : Mean train epoch loss =0.180488295442
Epoch 2 Epoch val loss = 14129.2018094
Epoch 2 Epoch val perplexity = 1.3339588710807069
SCORES =  (91.53, 100.0, 100.0, 100.0)
Saved Model

 ------------- Epoch = 3---------------------

Mean train loss after  0 batches of 3  epochs =0.116391893643
Mean train loss after  100 batches of 3  epochs =0.115647131069
Mean train loss after  200 batches of 3  epochs =0.116523425768
Mean train loss after  300 batches of 3  epochs =0.120252993808
Mean train loss after  400 batches of 3  epochs =0.12081829499
Mean train loss after  500 batches of 3  epochs =0.120921552779
Mean train loss after  600 batches of 3  epochs =0.119463268653
Mean train loss after  700 batches of 3  epochs =0.121043304315
Mean train loss after  800 batches of 3  epochs =0.120918501083
Mean train loss after  900 batches of 3  epochs =0.121042348118
Mean train loss after  1000 batches of 3  epochs =0.121149327135
Mean train loss after  1100 batches of 3  epochs =0.121457986701
Mean train loss after  1200 batches of 3  epochs =0.120874840587
Mean train loss after  1300 batches of 3  epochs =0.121082070164
Mean train loss after  1400 batches of 3  epochs =0.121651730232
Mean train loss after  1500 batches of 3  epochs =0.121768484015
Mean train loss after  1600 batches of 3  epochs =0.122505505646
Mean train loss after  1700 batches of 3  epochs =0.123138503441
Mean train loss after  1800 batches of 3  epochs =0.123889348356
Mean train loss after  1900 batches of 3  epochs =0.124613782105
Mean train loss after  2000 batches of 3  epochs =0.124808667803
Mean train loss after  2100 batches of 3  epochs =0.125404832317
Mean train loss after  2200 batches of 3  epochs =0.126473897398
Mean train loss after  2300 batches of 3  epochs =0.126544986162
Mean train loss after  2400 batches of 3  epochs =0.127604203113
Mean train loss after  2500 batches of 3  epochs =0.128234831637
Mean train loss after  2600 batches of 3  epochs =0.128364269387
Mean train loss after  2700 batches of 3  epochs =0.128586672591
Mean train loss after  2800 batches of 3  epochs =0.128992289675
Mean train loss after  2900 batches of 3  epochs =0.129279857528
Mean train loss after  3000 batches of 3  epochs =0.129828401971
Mean train loss after  3100 batches of 3  epochs =0.130243741818
Mean train loss after  3200 batches of 3  epochs =0.130398028159
Mean train loss after  3300 batches of 3  epochs =0.130137833005
Mean train loss after  3400 batches of 3  epochs =0.130211627663
Mean train loss after  3500 batches of 3  epochs =0.130181119163
Mean train loss after  3600 batches of 3  epochs =0.129914037224
Mean train loss after  3700 batches of 3  epochs =0.129636071714
Epoch 3 : Mean train epoch loss =0.129728742841
Epoch 3 Epoch val loss = 15056.2158716
Epoch 3 Epoch val perplexity = 1.3594179795659551
SCORES =  (91.38, 100.0, 100.0, 100.0)
Saved Model

 ------------- Epoch = 4---------------------

Mean train loss after  0 batches of 4  epochs =0.0396513213282
Mean train loss after  100 batches of 4  epochs =0.0886058400757
Mean train loss after  200 batches of 4  epochs =0.088999676557
Mean train loss after  300 batches of 4  epochs =0.0891541933753
Mean train loss after  400 batches of 4  epochs =0.0890155768694
Mean train loss after  500 batches of 4  epochs =0.0874578023739
Mean train loss after  600 batches of 4  epochs =0.0876432911575
Mean train loss after  700 batches of 4  epochs =0.0893085674569
Mean train loss after  800 batches of 4  epochs =0.08922435878
Mean train loss after  900 batches of 4  epochs =0.089395872163
Mean train loss after  1000 batches of 4  epochs =0.0896459058435
Mean train loss after  1100 batches of 4  epochs =0.0889466008852
Mean train loss after  1200 batches of 4  epochs =0.089589746426
Mean train loss after  1300 batches of 4  epochs =0.090827098789
Mean train loss after  1400 batches of 4  epochs =0.0911986819368
Mean train loss after  1500 batches of 4  epochs =0.0913328052035
Mean train loss after  1600 batches of 4  epochs =0.0917206131612
Mean train loss after  1700 batches of 4  epochs =0.0922864652697
Mean train loss after  1800 batches of 4  epochs =0.0930682003512
Mean train loss after  1900 batches of 4  epochs =0.0938815132123
Mean train loss after  2000 batches of 4  epochs =0.0944295297173
Mean train loss after  2100 batches of 4  epochs =0.0951608678619
Mean train loss after  2200 batches of 4  epochs =0.0957586959477
Mean train loss after  2300 batches of 4  epochs =0.0959370375018
Mean train loss after  2400 batches of 4  epochs =0.0957415429481
Mean train loss after  2500 batches of 4  epochs =0.0956302839231
Mean train loss after  2600 batches of 4  epochs =0.0959873162147
Mean train loss after  2700 batches of 4  epochs =0.0965336282286
Mean train loss after  2800 batches of 4  epochs =0.0969087612802
Mean train loss after  2900 batches of 4  epochs =0.0971398372223
Mean train loss after  3000 batches of 4  epochs =0.0975066656183
Mean train loss after  3100 batches of 4  epochs =0.0979016925716
Mean train loss after  3200 batches of 4  epochs =0.0986789374545
Mean train loss after  3300 batches of 4  epochs =0.0991874434054
Mean train loss after  3400 batches of 4  epochs =0.0995969973507
Mean train loss after  3500 batches of 4  epochs =0.0998661314604
Mean train loss after  3600 batches of 4  epochs =0.10016013208
Mean train loss after  3700 batches of 4  epochs =0.100399491072
Epoch 4 : Mean train epoch loss =0.100531028594
Epoch 4 Epoch val loss = 15349.7673309
Epoch 4 Epoch val perplexity = 1.3675808061986074
SCORES =  (91.39, 100.0, 100.0, 100.0)
Saved Model

 ------------- Epoch = 5---------------------

Mean train loss after  0 batches of 5  epochs =0.0489425939672
Mean train loss after  100 batches of 5  epochs =0.077104543498
Mean train loss after  200 batches of 5  epochs =0.0734673340065
Mean train loss after  300 batches of 5  epochs =0.0696606215526
Mean train loss after  400 batches of 5  epochs =0.0717497410568
Mean train loss after  500 batches of 5  epochs =0.0733273435462
Mean train loss after  600 batches of 5  epochs =0.0730372813986
Mean train loss after  700 batches of 5  epochs =0.071418925176
Mean train loss after  800 batches of 5  epochs =0.0715039049112
Mean train loss after  900 batches of 5  epochs =0.0705670853557
Mean train loss after  1000 batches of 5  epochs =0.0717414599481
Mean train loss after  1100 batches of 5  epochs =0.0714175569434
Mean train loss after  1200 batches of 5  epochs =0.0709283416799
Mean train loss after  1300 batches of 5  epochs =0.0712030479723
Mean train loss after  1400 batches of 5  epochs =0.0715529429253
Mean train loss after  1500 batches of 5  epochs =0.0712511972391
Mean train loss after  1600 batches of 5  epochs =0.0718143374167
Mean train loss after  1700 batches of 5  epochs =0.0724304905434
Mean train loss after  1800 batches of 5  epochs =0.0728805167414
Mean train loss after  1900 batches of 5  epochs =0.0734537198829
Mean train loss after  2000 batches of 5  epochs =0.0737687991455
Mean train loss after  2100 batches of 5  epochs =0.0740388958031
Mean train loss after  2200 batches of 5  epochs =0.0741582056026
Mean train loss after  2300 batches of 5  epochs =0.074306950754
Mean train loss after  2400 batches of 5  epochs =0.0747846425237
Mean train loss after  2500 batches of 5  epochs =0.075072048249
Mean train loss after  2600 batches of 5  epochs =0.0752288172705
Mean train loss after  2700 batches of 5  epochs =0.0754421946937
Mean train loss after  2800 batches of 5  epochs =0.0753142672411
Mean train loss after  2900 batches of 5  epochs =0.0756358114545
Mean train loss after  3000 batches of 5  epochs =0.075894078992
Mean train loss after  3100 batches of 5  epochs =0.0761981772093
Mean train loss after  3200 batches of 5  epochs =0.0766545106526
Mean train loss after  3300 batches of 5  epochs =0.0771144911758
Mean train loss after  3400 batches of 5  epochs =0.0775566698504
Mean train loss after  3500 batches of 5  epochs =0.0777575498262
Mean train loss after  3600 batches of 5  epochs =0.0781351929829
Mean train loss after  3700 batches of 5  epochs =0.0784318804321
Epoch 5 : Mean train epoch loss =0.0785027514015
Epoch 5 Epoch val loss = 16029.1331913
Epoch 5 Epoch val perplexity = 1.3866605017626414
SCORES =  (91.42, 100.0, 100.0, 100.0)
Saved Model

 ------------- Epoch = 6---------------------

Mean train loss after  0 batches of 6  epochs =0.0690344810486
Mean train loss after  100 batches of 6  epochs =0.0571079959421
Mean train loss after  200 batches of 6  epochs =0.0550475002286
Mean train loss after  300 batches of 6  epochs =0.0559398773999
Mean train loss after  400 batches of 6  epochs =0.0550969327555
Mean train loss after  500 batches of 6  epochs =0.0561557140278
Mean train loss after  600 batches of 6  epochs =0.0555391320687
Mean train loss after  700 batches of 6  epochs =0.0561904812714
Mean train loss after  800 batches of 6  epochs =0.0563782697448
Mean train loss after  900 batches of 6  epochs =0.0564698633003
Mean train loss after  1000 batches of 6  epochs =0.0571195532551
Mean train loss after  1100 batches of 6  epochs =0.0578429875223
Mean train loss after  1200 batches of 6  epochs =0.0576979899988
Mean train loss after  1300 batches of 6  epochs =0.0582722125187
Mean train loss after  1400 batches of 6  epochs =0.0577554065804
Mean train loss after  1500 batches of 6  epochs =0.0585699477745
Mean train loss after  1600 batches of 6  epochs =0.0588395769648
Mean train loss after  1700 batches of 6  epochs =0.0592935991018
Mean train loss after  1800 batches of 6  epochs =0.0592012584678
Mean train loss after  1900 batches of 6  epochs =0.0593383950461
Mean train loss after  2000 batches of 6  epochs =0.0592765256639
Mean train loss after  2100 batches of 6  epochs =0.0597925551169
Mean train loss after  2200 batches of 6  epochs =0.0599592340277
Mean train loss after  2300 batches of 6  epochs =0.0601101652881
Mean train loss after  2400 batches of 6  epochs =0.0608826594807
Mean train loss after  2500 batches of 6  epochs =0.0610408659398
Mean train loss after  2600 batches of 6  epochs =0.0612499071009
Mean train loss after  2700 batches of 6  epochs =0.0613336518565
Mean train loss after  2800 batches of 6  epochs =0.0617080413779
Mean train loss after  2900 batches of 6  epochs =0.061957606631
Mean train loss after  3000 batches of 6  epochs =0.062184508096
Mean train loss after  3100 batches of 6  epochs =0.0625303042632
Mean train loss after  3200 batches of 6  epochs =0.0630044311014
Mean train loss after  3300 batches of 6  epochs =0.0631838114822
Mean train loss after  3400 batches of 6  epochs =0.0634818986539
Mean train loss after  3500 batches of 6  epochs =0.0636825211563
Mean train loss after  3600 batches of 6  epochs =0.0637857144068
Mean train loss after  3700 batches of 6  epochs =0.0641753525009
Epoch 6 : Mean train epoch loss =0.0642740414277
Epoch 6 Epoch val loss = 17374.4433687
Epoch 6 Epoch val perplexity = 1.4252320065450872
SCORES =  (91.24, 100.0, 100.0, 100.0)
Saved Model

 ------------- Epoch = 7---------------------

Mean train loss after  0 batches of 7  epochs =0.00654382705688
Mean train loss after  100 batches of 7  epochs =0.0479858067196
Mean train loss after  200 batches of 7  epochs =0.042917530682
Mean train loss after  300 batches of 7  epochs =0.0457760443887
Mean train loss after  400 batches of 7  epochs =0.0441328007055
Mean train loss after  500 batches of 7  epochs =0.0445546912975
Mean train loss after  600 batches of 7  epochs =0.0449557182325
Mean train loss after  700 batches of 7  epochs =0.0450206317369
Mean train loss after  800 batches of 7  epochs =0.0443039228335
Mean train loss after  900 batches of 7  epochs =0.0458295786223
Mean train loss after  1000 batches of 7  epochs =0.0458408455956
Mean train loss after  1100 batches of 7  epochs =0.0465686519117
Mean train loss after  1200 batches of 7  epochs =0.0471861675673
Mean train loss after  1300 batches of 7  epochs =0.0478137825849
Mean train loss after  1400 batches of 7  epochs =0.0474589477294
Mean train loss after  1500 batches of 7  epochs =0.0479039932888
Mean train loss after  1600 batches of 7  epochs =0.0481903314943
Mean train loss after  1700 batches of 7  epochs =0.0483385363559
Mean train loss after  1800 batches of 7  epochs =0.0483574231157
Mean train loss after  1900 batches of 7  epochs =0.0489999392183
Mean train loss after  2000 batches of 7  epochs =0.0493652979011
Mean train loss after  2100 batches of 7  epochs =0.0495850681035
Mean train loss after  2200 batches of 7  epochs =0.0500186416755
Mean train loss after  2300 batches of 7  epochs =0.0504893690094
Mean train loss after  2400 batches of 7  epochs =0.0507856615143
Mean train loss after  2500 batches of 7  epochs =0.0510529148663
Mean train loss after  2600 batches of 7  epochs =0.0515898883255
Mean train loss after  2700 batches of 7  epochs =0.0522289212547
Mean train loss after  2800 batches of 7  epochs =0.0523617155854
Mean train loss after  2900 batches of 7  epochs =0.0524340710148
Mean train loss after  3000 batches of 7  epochs =0.0529895065512
Mean train loss after  3100 batches of 7  epochs =0.0533690909824
Mean train loss after  3200 batches of 7  epochs =0.0535046408538
Mean train loss after  3300 batches of 7  epochs =0.0536165129688
Mean train loss after  3400 batches of 7  epochs =0.0538292480399
Mean train loss after  3500 batches of 7  epochs =0.0540568552107
Mean train loss after  3600 batches of 7  epochs =0.0539783958733
Mean train loss after  3700 batches of 7  epochs =0.0540698917737
Epoch 7 : Mean train epoch loss =0.0541145122089
Epoch 7 Epoch val loss = 17885.0769653
Epoch 7 Epoch val perplexity = 1.4401517355394315
SCORES =  (91.39, 100.0, 100.0, 100.0)
Saved Model

 ------------- Epoch = 8---------------------

Mean train loss after  0 batches of 8  epochs =0.00825572967529
Mean train loss after  100 batches of 8  epochs =0.0415971140154
Mean train loss after  200 batches of 8  epochs =0.0436955039356
Mean train loss after  300 batches of 8  epochs =0.0426970379262
Mean train loss after  400 batches of 8  epochs =0.0433038598694
Mean train loss after  500 batches of 8  epochs =0.0427108118698
Mean train loss after  600 batches of 8  epochs =0.041809556408
Mean train loss after  700 batches of 8  epochs =0.0423116195222
Mean train loss after  800 batches of 8  epochs =0.0432926156484
Mean train loss after  900 batches of 8  epochs =0.0428197264603
Mean train loss after  1000 batches of 8  epochs =0.043434670259
Mean train loss after  1100 batches of 8  epochs =0.0436791943549
Mean train loss after  1200 batches of 8  epochs =0.0432017102278
Mean train loss after  1300 batches of 8  epochs =0.0438054596314
Mean train loss after  1400 batches of 8  epochs =0.0436994769862
Mean train loss after  1500 batches of 8  epochs =0.0434956887503
Mean train loss after  1600 batches of 8  epochs =0.0441918970059
Mean train loss after  1700 batches of 8  epochs =0.0441738119724
Mean train loss after  1800 batches of 8  epochs =0.0441268692215
Mean train loss after  1900 batches of 8  epochs =0.0440908774864
Mean train loss after  2000 batches of 8  epochs =0.0443857750698
Mean train loss after  2100 batches of 8  epochs =0.0447317803926
Mean train loss after  2200 batches of 8  epochs =0.0450272026531
Mean train loss after  2300 batches of 8  epochs =0.0450471578731
Mean train loss after  2400 batches of 8  epochs =0.0451315412382
Mean train loss after  2500 batches of 8  epochs =0.0453187868807
Mean train loss after  2600 batches of 8  epochs =0.0455359710428
Mean train loss after  2700 batches of 8  epochs =0.0459112763026
Mean train loss after  2800 batches of 8  epochs =0.0459121521402
Mean train loss after  2900 batches of 8  epochs =0.0460303229777
Mean train loss after  3000 batches of 8  epochs =0.04611652458
Mean train loss after  3100 batches of 8  epochs =0.0463511584061
Mean train loss after  3200 batches of 8  epochs =0.0467674861761
Mean train loss after  3300 batches of 8  epochs =0.0468771824342
Mean train loss after  3400 batches of 8  epochs =0.0472376016612
Mean train loss after  3500 batches of 8  epochs =0.0473810384477
Mean train loss after  3600 batches of 8  epochs =0.0473959651498
Mean train loss after  3700 batches of 8  epochs =0.0474042877566
Epoch 8 : Mean train epoch loss =0.0473690374607
Epoch 8 Epoch val loss = 18928.5299449
Epoch 8 Epoch val perplexity = 1.4711268516206604
SCORES =  (91.5, 100.0, 100.0, 100.0)
Saved Model

 ------------- Epoch = 9---------------------

Mean train loss after  0 batches of 9  epochs =0.0686609434045
Mean train loss after  100 batches of 9  epochs =0.0355351726511
Mean train loss after  200 batches of 9  epochs =0.0388530330358
Mean train loss after  300 batches of 9  epochs =0.0370051548744
Mean train loss after  400 batches of 9  epochs =0.0374178381676
Mean train loss after  500 batches of 9  epochs =0.0376117983488
Mean train loss after  600 batches of 9  epochs =0.0381677091481
Mean train loss after  700 batches of 9  epochs =0.0372507200512
Mean train loss after  800 batches of 9  epochs =0.0375480372943
Mean train loss after  900 batches of 9  epochs =0.0380704092856
Mean train loss after  1000 batches of 9  epochs =0.0384005319567
Mean train loss after  1100 batches of 9  epochs =0.038224449725
Mean train loss after  1200 batches of 9  epochs =0.0385396940713
Mean train loss after  1300 batches of 9  epochs =0.0383027390364
Mean train loss after  1400 batches of 9  epochs =0.0382865547717
Mean train loss after  1500 batches of 9  epochs =0.0382924588315
Mean train loss after  1600 batches of 9  epochs =0.0382978346003
Mean train loss after  1700 batches of 9  epochs =0.0383518624635
Mean train loss after  1800 batches of 9  epochs =0.0388319575859
Mean train loss after  1900 batches of 9  epochs =0.0391433915147
Mean train loss after  2000 batches of 9  epochs =0.0397484829353
Mean train loss after  2100 batches of 9  epochs =0.0402110077594
Mean train loss after  2200 batches of 9  epochs =0.0402629424705
Mean train loss after  2300 batches of 9  epochs =0.0403515051199
Mean train loss after  2400 batches of 9  epochs =0.0405043972436
Mean train loss after  2500 batches of 9  epochs =0.0402654723083
Mean train loss after  2600 batches of 9  epochs =0.0408655334393
Mean train loss after  2700 batches of 9  epochs =0.040967928507
Mean train loss after  2800 batches of 9  epochs =0.0411061874075
Mean train loss after  2900 batches of 9  epochs =0.0412449848964
Mean train loss after  3000 batches of 9  epochs =0.0413952052749
Mean train loss after  3100 batches of 9  epochs =0.0413212722154
Mean train loss after  3200 batches of 9  epochs =0.0416035580813
Mean train loss after  3300 batches of 9  epochs =0.0418323438177
Mean train loss after  3400 batches of 9  epochs =0.042271645768
Mean train loss after  3500 batches of 9  epochs =0.0424290603519
Mean train loss after  3600 batches of 9  epochs =0.0427850415341
Mean train loss after  3700 batches of 9  epochs =0.0431565657671
Epoch 9 : Mean train epoch loss =0.0431027274294
Epoch 9 Epoch val loss = 19562.0166614
Epoch 9 Epoch val perplexity = 1.4902561363247546
SCORES =  (91.49, 100.0, 100.0, 100.0)
Saved Model

 ------------- Epoch = 10---------------------

Mean train loss after  0 batches of 10  epochs =0.16054148972
Mean train loss after  100 batches of 10  epochs =0.0416561546488
Mean train loss after  200 batches of 10  epochs =0.0426075001382
Mean train loss after  300 batches of 10  epochs =0.0389480545097
Mean train loss after  400 batches of 10  epochs =0.0373706480541
Mean train loss after  500 batches of 10  epochs =0.036673171143
Mean train loss after  600 batches of 10  epochs =0.0363012286803
Mean train loss after  700 batches of 10  epochs =0.0365449781009
Mean train loss after  800 batches of 10  epochs =0.0365503698719
Mean train loss after  900 batches of 10  epochs =0.0361958977437
Mean train loss after  1000 batches of 10  epochs =0.0366128251649
Mean train loss after  1100 batches of 10  epochs =0.037273556527
Mean train loss after  1200 batches of 10  epochs =0.0373008940788
Mean train loss after  1300 batches of 10  epochs =0.0370769759442
Mean train loss after  1400 batches of 10  epochs =0.0373647201585
Mean train loss after  1500 batches of 10  epochs =0.0369052351483
Mean train loss after  1600 batches of 10  epochs =0.0370727752475
Mean train loss after  1700 batches of 10  epochs =0.0378438392164
Mean train loss after  1800 batches of 10  epochs =0.0371875848114
Mean train loss after  1900 batches of 10  epochs =0.0374470897861
Mean train loss after  2000 batches of 10  epochs =0.037088976252
Mean train loss after  2100 batches of 10  epochs =0.0375452501999
Mean train loss after  2200 batches of 10  epochs =0.0378742789907
Mean train loss after  2300 batches of 10  epochs =0.0381572130665
Mean train loss after  2400 batches of 10  epochs =0.0382560675748
Mean train loss after  2500 batches of 10  epochs =0.0383216957401
Mean train loss after  2600 batches of 10  epochs =0.0386249457414
Mean train loss after  2700 batches of 10  epochs =0.0387780518155
Mean train loss after  2800 batches of 10  epochs =0.0390047103656
Mean train loss after  2900 batches of 10  epochs =0.0388376990194
Mean train loss after  3000 batches of 10  epochs =0.0391376244443
Mean train loss after  3100 batches of 10  epochs =0.0393864099468
Mean train loss after  3200 batches of 10  epochs =0.0398343053195
Mean train loss after  3300 batches of 10  epochs =0.0398125234272
Mean train loss after  3400 batches of 10  epochs =0.0399384926722
Mean train loss after  3500 batches of 10  epochs =0.039864180894
Mean train loss after  3600 batches of 10  epochs =0.0399226696079
Mean train loss after  3700 batches of 10  epochs =0.0399903745734
Epoch 10 : Mean train epoch loss =0.0402326572644
Epoch 10 Epoch val loss = 20525.5543122
Epoch 10 Epoch val perplexity = 1.519829879901385
SCORES =  (91.29, 100.0, 100.0, 100.0)
Saved Model

 ------------- Epoch = 11---------------------

Mean train loss after  0 batches of 11  epochs =0.00680816356952
Mean train loss after  100 batches of 11  epochs =0.0296170694637
Mean train loss after  200 batches of 11  epochs =0.0270011740028
Mean train loss after  300 batches of 11  epochs =0.0294879571214
Mean train loss after  400 batches of 11  epochs =0.0305729094091
Mean train loss after  500 batches of 11  epochs =0.0315185186549
Mean train loss after  600 batches of 11  epochs =0.0316691245631
Mean train loss after  700 batches of 11  epochs =0.0325475410326
Mean train loss after  800 batches of 11  epochs =0.0325486458019
Mean train loss after  900 batches of 11  epochs =0.032881744075
Mean train loss after  1000 batches of 11  epochs =0.0329158843152
Mean train loss after  1100 batches of 11  epochs =0.0328112763626
Mean train loss after  1200 batches of 11  epochs =0.0332632095453
Mean train loss after  1300 batches of 11  epochs =0.0333326061289
Mean train loss after  1400 batches of 11  epochs =0.0331017295216
Mean train loss after  1500 batches of 11  epochs =0.0335117572375
Mean train loss after  1600 batches of 11  epochs =0.0331346626085
Mean train loss after  1700 batches of 11  epochs =0.0333203849134
Mean train loss after  1800 batches of 11  epochs =0.033455671461
Mean train loss after  1900 batches of 11  epochs =0.0333436497799
Mean train loss after  2000 batches of 11  epochs =0.0337410066929
Mean train loss after  2100 batches of 11  epochs =0.034022309911
Mean train loss after  2200 batches of 11  epochs =0.0344401211642
Mean train loss after  2300 batches of 11  epochs =0.0347314176785
Mean train loss after  2400 batches of 11  epochs =0.0347419945612
Mean train loss after  2500 batches of 11  epochs =0.0349966049694
Mean train loss after  2600 batches of 11  epochs =0.0354868282567
Mean train loss after  2700 batches of 11  epochs =0.0357490151437
Mean train loss after  2800 batches of 11  epochs =0.0359106681269
Mean train loss after  2900 batches of 11  epochs =0.035937451045
Mean train loss after  3000 batches of 11  epochs =0.0359646385498
Mean train loss after  3100 batches of 11  epochs =0.0362329954363
Mean train loss after  3200 batches of 11  epochs =0.0362682041653
Mean train loss after  3300 batches of 11  epochs =0.036483883448
Mean train loss after  3400 batches of 11  epochs =0.0369425734081
Mean train loss after  3500 batches of 11  epochs =0.037307092455
Mean train loss after  3600 batches of 11  epochs =0.037307224507
Mean train loss after  3700 batches of 11  epochs =0.0376183917662
Epoch 11 : Mean train epoch loss =0.0377478830402
Epoch 11 Epoch val loss = 20596.0932379
Epoch 11 Epoch val perplexity = 1.5220178375733142
SCORES =  (91.41, 100.0, 100.0, 100.0)
Saved Model
