--*-*-*-*
Namespace(batch_size=4, data_dir='data/processed_data/', debug=False, emb_size=192, hidden_size=96, min_frequency=2, mode='train', model_name='pos_rnn_192e_96h', model_type='rnn', num_epochs=12, optimizer_type='ADAM', print_batch_freq=100, save_epoch_freq=1, saved_model_path=None, start_tag='start_tag', stop_tag='stop_tag', task='pos')
====================================================================================================
Creating Data Handler object
split_lens =  {'test': 0, 'train': 14986, 'val': 3465}
tag_dct =  {'PRP$': 0, 'VBG': 1, 'VBD': 2, 'start_tag': 3, 'VBN': 4, ',': 5, "''": 6, 'VBP': 7, 'WDT': 8, 'JJ': 9, 'WP': 10, 'VBZ': 11, 'DT': 12, '"': 13, 'RP': 14, '$': 15, 'NN': 16, ')': 17, '(': 18, 'FW': 19, 'POS': 20, '.': 21, 'TO': 22, '-X-': 23, 'LS': 24, 'RB': 25, ':': 26, 'NNS': 27, 'PRP': 28, 'VB': 29, 'WRB': 30, 'CC': 31, 'PDT': 32, 'RBS': 33, 'RBR': 34, 'CD': 35, 'EX': 36, 'IN': 37, 'WP$': 38, 'NN|SYM': 39, 'MD': 40, 'NNPS': 41, 'JJS': 42, 'JJR': 43, 'SYM': 44, 'UH': 45, 'stop_tag': 46, 'NNP': 47}
:---- create model rnn
RNNEncoder:  ['embeddings', 'encoder']
RNNModel:  ['encoder']
RNNTagger:  ['rnn_model', 'W']

 ------------- Epoch = 0---------------------

Mean train loss after  0 batches of 0  epochs =3.87508791969
Mean train loss after  100 batches of 0  epochs =2.82856748208
Mean train loss after  200 batches of 0  epochs =2.29742505418
Mean train loss after  300 batches of 0  epochs =1.98664216499
Mean train loss after  400 batches of 0  epochs =1.83588720853
Mean train loss after  500 batches of 0  epochs =1.71301468892
Mean train loss after  600 batches of 0  epochs =1.60359054488
Mean train loss after  700 batches of 0  epochs =1.52184056652
Mean train loss after  800 batches of 0  epochs =1.44918000461
Mean train loss after  900 batches of 0  epochs =1.38497693704
Mean train loss after  1000 batches of 0  epochs =1.32958732665
Mean train loss after  1100 batches of 0  epochs =1.27541586586
Mean train loss after  1200 batches of 0  epochs =1.23390571196
Mean train loss after  1300 batches of 0  epochs =1.19763578473
Mean train loss after  1400 batches of 0  epochs =1.16486114851
Mean train loss after  1500 batches of 0  epochs =1.1353824072
Mean train loss after  1600 batches of 0  epochs =1.10497171443
Mean train loss after  1700 batches of 0  epochs =1.08014292075
Mean train loss after  1800 batches of 0  epochs =1.05417448834
Mean train loss after  1900 batches of 0  epochs =1.03303722794
Mean train loss after  2000 batches of 0  epochs =1.01392332944
Mean train loss after  2100 batches of 0  epochs =0.993763142716
Mean train loss after  2200 batches of 0  epochs =0.975181138739
Mean train loss after  2300 batches of 0  epochs =0.957208783427
Mean train loss after  2400 batches of 0  epochs =0.939474183872
Mean train loss after  2500 batches of 0  epochs =0.923211469716
Mean train loss after  2600 batches of 0  epochs =0.906954974172
Mean train loss after  2700 batches of 0  epochs =0.892668560042
Mean train loss after  2800 batches of 0  epochs =0.87860921455
Mean train loss after  2900 batches of 0  epochs =0.865683700167
Mean train loss after  3000 batches of 0  epochs =0.853182547811
Mean train loss after  3100 batches of 0  epochs =0.840613436424
Mean train loss after  3200 batches of 0  epochs =0.829454252662
Mean train loss after  3300 batches of 0  epochs =0.819645584011
Mean train loss after  3400 batches of 0  epochs =0.810046303921
Mean train loss after  3500 batches of 0  epochs =0.799911228092
Mean train loss after  3600 batches of 0  epochs =0.790386465317
Mean train loss after  3700 batches of 0  epochs =0.781682499557
Epoch 0 : Mean train epoch loss =0.776999211395
Epoch 0 Epoch val loss = 21108.9306509
Epoch 0 Epoch val perplexity = 1.5380198720595797
SCORES =  (87.47, 100.0, 100.0, 100.0)
Saved Model

 ------------- Epoch = 1---------------------

Mean train loss after  0 batches of 1  epochs =0.39137432792
Mean train loss after  100 batches of 1  epochs =0.372290436511
Mean train loss after  200 batches of 1  epochs =0.360527981831
Mean train loss after  300 batches of 1  epochs =0.356617195537
Mean train loss after  400 batches of 1  epochs =0.358990882079
Mean train loss after  500 batches of 1  epochs =0.358807570678
Mean train loss after  600 batches of 1  epochs =0.351867815574
Mean train loss after  700 batches of 1  epochs =0.352427183645
Mean train loss after  800 batches of 1  epochs =0.351096765629
Mean train loss after  900 batches of 1  epochs =0.352387185597
Mean train loss after  1000 batches of 1  epochs =0.349630404803
Mean train loss after  1100 batches of 1  epochs =0.347858659044
Mean train loss after  1200 batches of 1  epochs =0.346217820197
Mean train loss after  1300 batches of 1  epochs =0.343977285372
Mean train loss after  1400 batches of 1  epochs =0.342804943159
Mean train loss after  1500 batches of 1  epochs =0.339672832616
Mean train loss after  1600 batches of 1  epochs =0.338069927107
Mean train loss after  1700 batches of 1  epochs =0.337127605698
Mean train loss after  1800 batches of 1  epochs =0.335933149739
Mean train loss after  1900 batches of 1  epochs =0.333945682525
Mean train loss after  2000 batches of 1  epochs =0.331772473176
Mean train loss after  2100 batches of 1  epochs =0.331333671811
Mean train loss after  2200 batches of 1  epochs =0.329311147371
Mean train loss after  2300 batches of 1  epochs =0.328297148815
Mean train loss after  2400 batches of 1  epochs =0.326868931604
Mean train loss after  2500 batches of 1  epochs =0.326764252425
Mean train loss after  2600 batches of 1  epochs =0.325187527433
Mean train loss after  2700 batches of 1  epochs =0.323243785801
Mean train loss after  2800 batches of 1  epochs =0.322200195082
Mean train loss after  2900 batches of 1  epochs =0.320759418342
Mean train loss after  3000 batches of 1  epochs =0.319077348282
Mean train loss after  3100 batches of 1  epochs =0.317568212133
Mean train loss after  3200 batches of 1  epochs =0.316435884619
Mean train loss after  3300 batches of 1  epochs =0.315752205591
Mean train loss after  3400 batches of 1  epochs =0.315156349098
Mean train loss after  3500 batches of 1  epochs =0.313762801493
Mean train loss after  3600 batches of 1  epochs =0.312983577775
Mean train loss after  3700 batches of 1  epochs =0.312350736234
Epoch 1 : Mean train epoch loss =0.311731144951
Epoch 1 Epoch val loss = 15615.3961332
Epoch 1 Epoch val perplexity = 1.3750094187435111
SCORES =  (90.58, 100.0, 100.0, 100.0)
Saved Model

 ------------- Epoch = 2---------------------

Mean train loss after  0 batches of 2  epochs =0.176070988178
Mean train loss after  100 batches of 2  epochs =0.2023451377
Mean train loss after  200 batches of 2  epochs =0.200737064171
Mean train loss after  300 batches of 2  epochs =0.195059485753
Mean train loss after  400 batches of 2  epochs =0.198923916611
Mean train loss after  500 batches of 2  epochs =0.199236070157
Mean train loss after  600 batches of 2  epochs =0.198867277997
Mean train loss after  700 batches of 2  epochs =0.201624705656
Mean train loss after  800 batches of 2  epochs =0.20213399812
Mean train loss after  900 batches of 2  epochs =0.202810166846
Mean train loss after  1000 batches of 2  epochs =0.203538304303
Mean train loss after  1100 batches of 2  epochs =0.203944588675
Mean train loss after  1200 batches of 2  epochs =0.204393750469
Mean train loss after  1300 batches of 2  epochs =0.205271132232
Mean train loss after  1400 batches of 2  epochs =0.204561669209
Mean train loss after  1500 batches of 2  epochs =0.204376008293
Mean train loss after  1600 batches of 2  epochs =0.204327164606
Mean train loss after  1700 batches of 2  epochs =0.203950291784
Mean train loss after  1800 batches of 2  epochs =0.205141079917
Mean train loss after  1900 batches of 2  epochs =0.206047880077
Mean train loss after  2000 batches of 2  epochs =0.205349172795
Mean train loss after  2100 batches of 2  epochs =0.205235601522
Mean train loss after  2200 batches of 2  epochs =0.205082701868
Mean train loss after  2300 batches of 2  epochs =0.205847707314
Mean train loss after  2400 batches of 2  epochs =0.206204753838
Mean train loss after  2500 batches of 2  epochs =0.206171193543
Mean train loss after  2600 batches of 2  epochs =0.206145932929
Mean train loss after  2700 batches of 2  epochs =0.206344832397
Mean train loss after  2800 batches of 2  epochs =0.206134911554
Mean train loss after  2900 batches of 2  epochs =0.205622695675
Mean train loss after  3000 batches of 2  epochs =0.205752935898
Mean train loss after  3100 batches of 2  epochs =0.205596190419
Mean train loss after  3200 batches of 2  epochs =0.206180843407
Mean train loss after  3300 batches of 2  epochs =0.206434034911
Mean train loss after  3400 batches of 2  epochs =0.206399575383
Mean train loss after  3500 batches of 2  epochs =0.206180109142
Mean train loss after  3600 batches of 2  epochs =0.206053894607
Mean train loss after  3700 batches of 2  epochs =0.205808342919
Epoch 2 : Mean train epoch loss =0.205736875067
Epoch 2 Epoch val loss = 14284.9649098
Epoch 2 Epoch val perplexity = 1.3382031085962818
SCORES =  (91.33, 100.0, 100.0, 100.0)
Saved Model

 ------------- Epoch = 3---------------------

Mean train loss after  0 batches of 3  epochs =0.0588858127594
Mean train loss after  100 batches of 3  epochs =0.138271718545
Mean train loss after  200 batches of 3  epochs =0.146780818299
Mean train loss after  300 batches of 3  epochs =0.147911331918
Mean train loss after  400 batches of 3  epochs =0.150283714786
Mean train loss after  500 batches of 3  epochs =0.151363418061
Mean train loss after  600 batches of 3  epochs =0.149287180264
Mean train loss after  700 batches of 3  epochs =0.148705638257
Mean train loss after  800 batches of 3  epochs =0.150024375128
Mean train loss after  900 batches of 3  epochs =0.148949561219
Mean train loss after  1000 batches of 3  epochs =0.149732530421
Mean train loss after  1100 batches of 3  epochs =0.150370299982
Mean train loss after  1200 batches of 3  epochs =0.150544926526
Mean train loss after  1300 batches of 3  epochs =0.149952038592
Mean train loss after  1400 batches of 3  epochs =0.150727868789
Mean train loss after  1500 batches of 3  epochs =0.150743965643
Mean train loss after  1600 batches of 3  epochs =0.151505379482
Mean train loss after  1700 batches of 3  epochs =0.15199175178
Mean train loss after  1800 batches of 3  epochs =0.15283369234
Mean train loss after  1900 batches of 3  epochs =0.152721526126
Mean train loss after  2000 batches of 3  epochs =0.15340693619
Mean train loss after  2100 batches of 3  epochs =0.154226510374
Mean train loss after  2200 batches of 3  epochs =0.1547371973
Mean train loss after  2300 batches of 3  epochs =0.154148009946
Mean train loss after  2400 batches of 3  epochs =0.154208432355
Mean train loss after  2500 batches of 3  epochs =0.153772821565
Mean train loss after  2600 batches of 3  epochs =0.153922778323
Mean train loss after  2700 batches of 3  epochs =0.155186598478
Mean train loss after  2800 batches of 3  epochs =0.15564234524
Mean train loss after  2900 batches of 3  epochs =0.156255611651
Mean train loss after  3000 batches of 3  epochs =0.156310335917
Mean train loss after  3100 batches of 3  epochs =0.156650679417
Mean train loss after  3200 batches of 3  epochs =0.156646800291
Mean train loss after  3300 batches of 3  epochs =0.15687139625
Mean train loss after  3400 batches of 3  epochs =0.156751445791
Mean train loss after  3500 batches of 3  epochs =0.156552234236
Mean train loss after  3600 batches of 3  epochs =0.156845404016
Mean train loss after  3700 batches of 3  epochs =0.156968316833
Epoch 3 : Mean train epoch loss =0.157197596263
Epoch 3 Epoch val loss = 14034.9282544
Epoch 3 Epoch val perplexity = 1.3313966442332776
SCORES =  (91.52, 100.0, 100.0, 100.0)
Saved Model

 ------------- Epoch = 4---------------------

Mean train loss after  0 batches of 4  epochs =0.0618478923008
Mean train loss after  100 batches of 4  epochs =0.116277448818
Mean train loss after  200 batches of 4  epochs =0.116918849711
Mean train loss after  300 batches of 4  epochs =0.120036532127
Mean train loss after  400 batches of 4  epochs =0.122216500912
Mean train loss after  500 batches of 4  epochs =0.123257649713
Mean train loss after  600 batches of 4  epochs =0.122174502557
Mean train loss after  700 batches of 4  epochs =0.12251959711
Mean train loss after  800 batches of 4  epochs =0.122683377069
Mean train loss after  900 batches of 4  epochs =0.122564370827
Mean train loss after  1000 batches of 4  epochs =0.122911805648
Mean train loss after  1100 batches of 4  epochs =0.123105776632
Mean train loss after  1200 batches of 4  epochs =0.12360334959
Mean train loss after  1300 batches of 4  epochs =0.123471602932
Mean train loss after  1400 batches of 4  epochs =0.123567621014
Mean train loss after  1500 batches of 4  epochs =0.124180861585
Mean train loss after  1600 batches of 4  epochs =0.124857863892
Mean train loss after  1700 batches of 4  epochs =0.124746955211
Mean train loss after  1800 batches of 4  epochs =0.124088806537
Mean train loss after  1900 batches of 4  epochs =0.124066467739
Mean train loss after  2000 batches of 4  epochs =0.123991116988
Mean train loss after  2100 batches of 4  epochs =0.12427831167
Mean train loss after  2200 batches of 4  epochs =0.124529432394
Mean train loss after  2300 batches of 4  epochs =0.12522190063
Mean train loss after  2400 batches of 4  epochs =0.125165868604
Mean train loss after  2500 batches of 4  epochs =0.125461203838
Mean train loss after  2600 batches of 4  epochs =0.125693387676
Mean train loss after  2700 batches of 4  epochs =0.126362972493
Mean train loss after  2800 batches of 4  epochs =0.126321227886
Mean train loss after  2900 batches of 4  epochs =0.126274542506
Mean train loss after  3000 batches of 4  epochs =0.126388263564
Mean train loss after  3100 batches of 4  epochs =0.126770528087
Mean train loss after  3200 batches of 4  epochs =0.126798451529
Mean train loss after  3300 batches of 4  epochs =0.127128965753
Mean train loss after  3400 batches of 4  epochs =0.127478946432
Mean train loss after  3500 batches of 4  epochs =0.127537170039
Mean train loss after  3600 batches of 4  epochs =0.12748773612
Mean train loss after  3700 batches of 4  epochs =0.127747464413
Epoch 4 : Mean train epoch loss =0.127925236621
Epoch 4 Epoch val loss = 14213.7003124
Epoch 4 Epoch val perplexity = 1.3362596155527693
SCORES =  (91.5, 100.0, 100.0, 100.0)
Saved Model

 ------------- Epoch = 5---------------------

Mean train loss after  0 batches of 5  epochs =0.036125385243
Mean train loss after  100 batches of 5  epochs =0.102457083932
Mean train loss after  200 batches of 5  epochs =0.0963231718276
Mean train loss after  300 batches of 5  epochs =0.0987496039076
Mean train loss after  400 batches of 5  epochs =0.0973574901987
Mean train loss after  500 batches of 5  epochs =0.0980897121754
Mean train loss after  600 batches of 5  epochs =0.0989498703328
Mean train loss after  700 batches of 5  epochs =0.0964961878884
Mean train loss after  800 batches of 5  epochs =0.0948307007637
Mean train loss after  900 batches of 5  epochs =0.0964137615393
Mean train loss after  1000 batches of 5  epochs =0.0974624022486
Mean train loss after  1100 batches of 5  epochs =0.0986443658239
Mean train loss after  1200 batches of 5  epochs =0.0995366591242
Mean train loss after  1300 batches of 5  epochs =0.100309528452
Mean train loss after  1400 batches of 5  epochs =0.100629895162
Mean train loss after  1500 batches of 5  epochs =0.101721530079
Mean train loss after  1600 batches of 5  epochs =0.101630172956
Mean train loss after  1700 batches of 5  epochs =0.101131723751
Mean train loss after  1800 batches of 5  epochs =0.101245381563
Mean train loss after  1900 batches of 5  epochs =0.101781128554
Mean train loss after  2000 batches of 5  epochs =0.102292830241
Mean train loss after  2100 batches of 5  epochs =0.102424456644
Mean train loss after  2200 batches of 5  epochs =0.103034227464
Mean train loss after  2300 batches of 5  epochs =0.103154888337
Mean train loss after  2400 batches of 5  epochs =0.103731108514
Mean train loss after  2500 batches of 5  epochs =0.103727292272
Mean train loss after  2600 batches of 5  epochs =0.104371113138
Mean train loss after  2700 batches of 5  epochs =0.104356666609
Mean train loss after  2800 batches of 5  epochs =0.104723924357
Mean train loss after  2900 batches of 5  epochs =0.105151895588
Mean train loss after  3000 batches of 5  epochs =0.105754916751
Mean train loss after  3100 batches of 5  epochs =0.105911831382
Mean train loss after  3200 batches of 5  epochs =0.106452120897
Mean train loss after  3300 batches of 5  epochs =0.106801130325
Mean train loss after  3400 batches of 5  epochs =0.106896612028
Mean train loss after  3500 batches of 5  epochs =0.106663308348
Mean train loss after  3600 batches of 5  epochs =0.106562101291
Mean train loss after  3700 batches of 5  epochs =0.106444883869
Epoch 5 : Mean train epoch loss =0.106622666734
Epoch 5 Epoch val loss = 14726.0561049
Epoch 5 Epoch val perplexity = 1.3502953814603516
SCORES =  (91.65, 100.0, 100.0, 100.0)
Saved Model

 ------------- Epoch = 6---------------------

Mean train loss after  0 batches of 6  epochs =0.0564425893732
Mean train loss after  100 batches of 6  epochs =0.086237112081
Mean train loss after  200 batches of 6  epochs =0.0805033588708
Mean train loss after  300 batches of 6  epochs =0.0802972228242
Mean train loss after  400 batches of 6  epochs =0.0810888748821
Mean train loss after  500 batches of 6  epochs =0.0805526561383
Mean train loss after  600 batches of 6  epochs =0.0826369447155
Mean train loss after  700 batches of 6  epochs =0.0823868342572
Mean train loss after  800 batches of 6  epochs =0.082087471527
Mean train loss after  900 batches of 6  epochs =0.0827875697292
Mean train loss after  1000 batches of 6  epochs =0.0827875431959
Mean train loss after  1100 batches of 6  epochs =0.0831481921117
Mean train loss after  1200 batches of 6  epochs =0.0830117634976
Mean train loss after  1300 batches of 6  epochs =0.0839350777851
Mean train loss after  1400 batches of 6  epochs =0.0836391731909
Mean train loss after  1500 batches of 6  epochs =0.0841774813375
Mean train loss after  1600 batches of 6  epochs =0.0850107612578
Mean train loss after  1700 batches of 6  epochs =0.0854577947416
Mean train loss after  1800 batches of 6  epochs =0.0862464835034
Mean train loss after  1900 batches of 6  epochs =0.0860258335835
Mean train loss after  2000 batches of 6  epochs =0.0864789781488
Mean train loss after  2100 batches of 6  epochs =0.08729579314
Mean train loss after  2200 batches of 6  epochs =0.0874377773066
Mean train loss after  2300 batches of 6  epochs =0.0875383296487
Mean train loss after  2400 batches of 6  epochs =0.0871393054431
Mean train loss after  2500 batches of 6  epochs =0.0874015648469
Mean train loss after  2600 batches of 6  epochs =0.0879066599972
Mean train loss after  2700 batches of 6  epochs =0.0880710104156
Mean train loss after  2800 batches of 6  epochs =0.0884294489392
Mean train loss after  2900 batches of 6  epochs =0.0885315734618
Mean train loss after  3000 batches of 6  epochs =0.0888695326664
Mean train loss after  3100 batches of 6  epochs =0.0887808018601
Mean train loss after  3200 batches of 6  epochs =0.0889011171659
Mean train loss after  3300 batches of 6  epochs =0.0891552456538
Mean train loss after  3400 batches of 6  epochs =0.0894403686508
Mean train loss after  3500 batches of 6  epochs =0.0894423011812
Mean train loss after  3600 batches of 6  epochs =0.0900271523487
Mean train loss after  3700 batches of 6  epochs =0.0903442087619
Epoch 6 : Mean train epoch loss =0.0903686211308
Epoch 6 Epoch val loss = 15334.2202721
Epoch 6 Epoch val perplexity = 1.3671472603146027
SCORES =  (91.65, 100.0, 100.0, 100.0)
Saved Model

 ------------- Epoch = 7---------------------

Mean train loss after  0 batches of 7  epochs =0.0828601738502
Mean train loss after  100 batches of 7  epochs =0.0686862052109
Mean train loss after  200 batches of 7  epochs =0.0694158305797
Mean train loss after  300 batches of 7  epochs =0.068045545637
Mean train loss after  400 batches of 7  epochs =0.0696549155304
Mean train loss after  500 batches of 7  epochs =0.0712380751538
Mean train loss after  600 batches of 7  epochs =0.0707848857151
Mean train loss after  700 batches of 7  epochs =0.0693837827996
Mean train loss after  800 batches of 7  epochs =0.0698276441276
Mean train loss after  900 batches of 7  epochs =0.0705643096089
Mean train loss after  1000 batches of 7  epochs =0.070212961382
Mean train loss after  1100 batches of 7  epochs =0.0711364101104
Mean train loss after  1200 batches of 7  epochs =0.071058335417
Mean train loss after  1300 batches of 7  epochs =0.0713826292147
Mean train loss after  1400 batches of 7  epochs =0.0719817585273
Mean train loss after  1500 batches of 7  epochs =0.07226034554
Mean train loss after  1600 batches of 7  epochs =0.0725750465608
Mean train loss after  1700 batches of 7  epochs =0.0731137515182
Mean train loss after  1800 batches of 7  epochs =0.0730604519461
Mean train loss after  1900 batches of 7  epochs =0.0735981351364
Mean train loss after  2000 batches of 7  epochs =0.0742236964918
Mean train loss after  2100 batches of 7  epochs =0.0745000627266
Mean train loss after  2200 batches of 7  epochs =0.0741999046012
Mean train loss after  2300 batches of 7  epochs =0.074967654476
Mean train loss after  2400 batches of 7  epochs =0.0754840324998
Mean train loss after  2500 batches of 7  epochs =0.075778749372
Mean train loss after  2600 batches of 7  epochs =0.0761119273297
Mean train loss after  2700 batches of 7  epochs =0.076953548087
Mean train loss after  2800 batches of 7  epochs =0.0770728845814
Mean train loss after  2900 batches of 7  epochs =0.0774674765233
Mean train loss after  3000 batches of 7  epochs =0.0778236956179
Mean train loss after  3100 batches of 7  epochs =0.0780015485131
Mean train loss after  3200 batches of 7  epochs =0.0781053658041
Mean train loss after  3300 batches of 7  epochs =0.0780143208379
Mean train loss after  3400 batches of 7  epochs =0.0780267804911
Mean train loss after  3500 batches of 7  epochs =0.0780952661906
Mean train loss after  3600 batches of 7  epochs =0.0779418985758
Mean train loss after  3700 batches of 7  epochs =0.0779245542201
Epoch 7 : Mean train epoch loss =0.0780373887927
Epoch 7 Epoch val loss = 15992.140794
Epoch 7 Epoch val perplexity = 1.3856147671363497
SCORES =  (91.61, 100.0, 100.0, 100.0)
Saved Model

 ------------- Epoch = 8---------------------

Mean train loss after  0 batches of 8  epochs =0.00230777964872
Mean train loss after  100 batches of 8  epochs =0.0656593123448
Mean train loss after  200 batches of 8  epochs =0.0634654220789
Mean train loss after  300 batches of 8  epochs =0.0638099454549
Mean train loss after  400 batches of 8  epochs =0.0659918318672
Mean train loss after  500 batches of 8  epochs =0.0634823091957
Mean train loss after  600 batches of 8  epochs =0.0627435062125
Mean train loss after  700 batches of 8  epochs =0.0628080023451
Mean train loss after  800 batches of 8  epochs =0.0632032461106
Mean train loss after  900 batches of 8  epochs =0.0629245968861
Mean train loss after  1000 batches of 8  epochs =0.0634947958617
Mean train loss after  1100 batches of 8  epochs =0.0641797041509
Mean train loss after  1200 batches of 8  epochs =0.0637366501898
Mean train loss after  1300 batches of 8  epochs =0.0642990041426
Mean train loss after  1400 batches of 8  epochs =0.0641383355404
Mean train loss after  1500 batches of 8  epochs =0.0636893229487
Mean train loss after  1600 batches of 8  epochs =0.0639472324208
Mean train loss after  1700 batches of 8  epochs =0.0639582776432
Mean train loss after  1800 batches of 8  epochs =0.0640154971444
Mean train loss after  1900 batches of 8  epochs =0.0640830440501
Mean train loss after  2000 batches of 8  epochs =0.0645440572444
Mean train loss after  2100 batches of 8  epochs =0.0641060804843
Mean train loss after  2200 batches of 8  epochs =0.0648165943425
Mean train loss after  2300 batches of 8  epochs =0.0648944225457
Mean train loss after  2400 batches of 8  epochs =0.0654467479193
Mean train loss after  2500 batches of 8  epochs =0.065848491771
Mean train loss after  2600 batches of 8  epochs =0.0660596377906
Mean train loss after  2700 batches of 8  epochs =0.0662160183047
Mean train loss after  2800 batches of 8  epochs =0.0663254240182
Mean train loss after  2900 batches of 8  epochs =0.0665082531332
Mean train loss after  3000 batches of 8  epochs =0.0668007899518
Mean train loss after  3100 batches of 8  epochs =0.0668657003468
Mean train loss after  3200 batches of 8  epochs =0.0669988299805
Mean train loss after  3300 batches of 8  epochs =0.0672785446832
Mean train loss after  3400 batches of 8  epochs =0.0671907233892
Mean train loss after  3500 batches of 8  epochs =0.0674068783751
Mean train loss after  3600 batches of 8  epochs =0.0676007630833
Mean train loss after  3700 batches of 8  epochs =0.0678461106838
Epoch 8 : Mean train epoch loss =0.0678921476252
Epoch 8 Epoch val loss = 16759.9120572
Epoch 8 Epoch val perplexity = 1.4074813815869736
SCORES =  (91.45, 100.0, 100.0, 100.0)
Saved Model

 ------------- Epoch = 9---------------------

Mean train loss after  0 batches of 9  epochs =0.0348546419825
Mean train loss after  100 batches of 9  epochs =0.0525972232542
Mean train loss after  200 batches of 9  epochs =0.0561616885183
Mean train loss after  300 batches of 9  epochs =0.0554916963864
Mean train loss after  400 batches of 9  epochs =0.0552880970294
Mean train loss after  500 batches of 9  epochs =0.055241844394
Mean train loss after  600 batches of 9  epochs =0.0555407376158
Mean train loss after  700 batches of 9  epochs =0.0548545928996
Mean train loss after  800 batches of 9  epochs =0.054844566039
Mean train loss after  900 batches of 9  epochs =0.0551261456759
Mean train loss after  1000 batches of 9  epochs =0.0556198305636
Mean train loss after  1100 batches of 9  epochs =0.0553632148595
Mean train loss after  1200 batches of 9  epochs =0.0559408812861
Mean train loss after  1300 batches of 9  epochs =0.0557941646258
Mean train loss after  1400 batches of 9  epochs =0.0559156348362
Mean train loss after  1500 batches of 9  epochs =0.0560528659157
Mean train loss after  1600 batches of 9  epochs =0.0561648015299
Mean train loss after  1700 batches of 9  epochs =0.0560478673704
Mean train loss after  1800 batches of 9  epochs =0.0560721849641
Mean train loss after  1900 batches of 9  epochs =0.0561424708915
Mean train loss after  2000 batches of 9  epochs =0.0565409076522
Mean train loss after  2100 batches of 9  epochs =0.0571279780007
Mean train loss after  2200 batches of 9  epochs =0.0569235514287
Mean train loss after  2300 batches of 9  epochs =0.0571235073692
Mean train loss after  2400 batches of 9  epochs =0.0573335145667
Mean train loss after  2500 batches of 9  epochs =0.0572190340252
Mean train loss after  2600 batches of 9  epochs =0.0572133341737
Mean train loss after  2700 batches of 9  epochs =0.0575987200639
Mean train loss after  2800 batches of 9  epochs =0.0582960082662
Mean train loss after  2900 batches of 9  epochs =0.0582362873586
Mean train loss after  3000 batches of 9  epochs =0.0586419143545
Mean train loss after  3100 batches of 9  epochs =0.0588773762356
Mean train loss after  3200 batches of 9  epochs =0.0589676724484
Mean train loss after  3300 batches of 9  epochs =0.0592725718657
Mean train loss after  3400 batches of 9  epochs =0.0596429651686
Mean train loss after  3500 batches of 9  epochs =0.0601705800395
Mean train loss after  3600 batches of 9  epochs =0.0603209553933
Mean train loss after  3700 batches of 9  epochs =0.0604527845895
Epoch 9 : Mean train epoch loss =0.0605486874101
Epoch 9 Epoch val loss = 17267.8458757
Epoch 9 Epoch val perplexity = 1.4221369880198003
SCORES =  (91.49, 100.0, 100.0, 100.0)
Saved Model

 ------------- Epoch = 10---------------------

Mean train loss after  0 batches of 10  epochs =0.0108389318659
Mean train loss after  100 batches of 10  epochs =0.0532220857047
Mean train loss after  200 batches of 10  epochs =0.056349970739
Mean train loss after  300 batches of 10  epochs =0.0530581853916
Mean train loss after  400 batches of 10  epochs =0.0506352708122
Mean train loss after  500 batches of 10  epochs =0.0495296240338
Mean train loss after  600 batches of 10  epochs =0.0493629363428
Mean train loss after  700 batches of 10  epochs =0.0496690376662
Mean train loss after  800 batches of 10  epochs =0.0497079215667
Mean train loss after  900 batches of 10  epochs =0.0493901556197
Mean train loss after  1000 batches of 10  epochs =0.0490192243998
Mean train loss after  1100 batches of 10  epochs =0.0487986722334
Mean train loss after  1200 batches of 10  epochs =0.0486925289557
Mean train loss after  1300 batches of 10  epochs =0.0490426536344
Mean train loss after  1400 batches of 10  epochs =0.0487592997645
Mean train loss after  1500 batches of 10  epochs =0.0487469160923
Mean train loss after  1600 batches of 10  epochs =0.049565678034
Mean train loss after  1700 batches of 10  epochs =0.0495574041312
Mean train loss after  1800 batches of 10  epochs =0.0499926296478
Mean train loss after  1900 batches of 10  epochs =0.0501825526387
Mean train loss after  2000 batches of 10  epochs =0.0503597351762
Mean train loss after  2100 batches of 10  epochs =0.0506433701303
Mean train loss after  2200 batches of 10  epochs =0.0508572515991
Mean train loss after  2300 batches of 10  epochs =0.051020170842
Mean train loss after  2400 batches of 10  epochs =0.0512596545918
Mean train loss after  2500 batches of 10  epochs =0.0516225632406
Mean train loss after  2600 batches of 10  epochs =0.0515490009195
Mean train loss after  2700 batches of 10  epochs =0.0519081779995
Mean train loss after  2800 batches of 10  epochs =0.0524934061453
Mean train loss after  2900 batches of 10  epochs =0.0525773295663
Mean train loss after  3000 batches of 10  epochs =0.0527346007064
Mean train loss after  3100 batches of 10  epochs =0.0527264555856
Mean train loss after  3200 batches of 10  epochs =0.0527912608218
Mean train loss after  3300 batches of 10  epochs =0.0529067556762
Mean train loss after  3400 batches of 10  epochs =0.0530682797442
Mean train loss after  3500 batches of 10  epochs =0.0530418105992
Mean train loss after  3600 batches of 10  epochs =0.0532926010523
Mean train loss after  3700 batches of 10  epochs =0.0535171102419
Epoch 10 : Mean train epoch loss =0.0535610064432
Epoch 10 Epoch val loss = 18777.0524893
Epoch 10 Epoch val perplexity = 1.4665892103870504
SCORES =  (91.37, 100.0, 100.0, 100.0)
Saved Model

 ------------- Epoch = 11---------------------

Mean train loss after  0 batches of 11  epochs =0.00951240439164
Mean train loss after  100 batches of 11  epochs =0.0424952178954
Mean train loss after  200 batches of 11  epochs =0.0417682736482
Mean train loss after  300 batches of 11  epochs =0.0431876107528
Mean train loss after  400 batches of 11  epochs =0.0441955514509
Mean train loss after  500 batches of 11  epochs =0.0442680367086
Mean train loss after  600 batches of 11  epochs =0.0449208739607
Mean train loss after  700 batches of 11  epochs =0.0450664166758
Mean train loss after  800 batches of 11  epochs =0.0446793536714
Mean train loss after  900 batches of 11  epochs =0.0446329496249
Mean train loss after  1000 batches of 11  epochs =0.0452501025928
Mean train loss after  1100 batches of 11  epochs =0.0452915943096
Mean train loss after  1200 batches of 11  epochs =0.0459994431484
Mean train loss after  1300 batches of 11  epochs =0.0461278239873
Mean train loss after  1400 batches of 11  epochs =0.0463649406895
Mean train loss after  1500 batches of 11  epochs =0.0466315683249
Mean train loss after  1600 batches of 11  epochs =0.0467784374639
Mean train loss after  1700 batches of 11  epochs =0.0468988890065
Mean train loss after  1800 batches of 11  epochs =0.0467615803404
Mean train loss after  1900 batches of 11  epochs =0.0465660788688
Mean train loss after  2000 batches of 11  epochs =0.04673927524
Mean train loss after  2100 batches of 11  epochs =0.0469302213199
Mean train loss after  2200 batches of 11  epochs =0.0471981679116
Mean train loss after  2300 batches of 11  epochs =0.047059763475
Mean train loss after  2400 batches of 11  epochs =0.0469979317738
Mean train loss after  2500 batches of 11  epochs =0.0471673427303
Mean train loss after  2600 batches of 11  epochs =0.0474690664721
Mean train loss after  2700 batches of 11  epochs =0.0473650290912
Mean train loss after  2800 batches of 11  epochs =0.0474515703053
Mean train loss after  2900 batches of 11  epochs =0.0474886085757
Mean train loss after  3000 batches of 11  epochs =0.0476712461716
Mean train loss after  3100 batches of 11  epochs =0.0477467386763
Mean train loss after  3200 batches of 11  epochs =0.0477839177605
Mean train loss after  3300 batches of 11  epochs =0.0478143679874
Mean train loss after  3400 batches of 11  epochs =0.0482359474573
Mean train loss after  3500 batches of 11  epochs =0.048118382832
Mean train loss after  3600 batches of 11  epochs =0.0482461489677
Mean train loss after  3700 batches of 11  epochs =0.0482942765559
Epoch 11 : Mean train epoch loss =0.0485424187509
Epoch 11 Epoch val loss = 19098.5287864
Epoch 11 Epoch val perplexity = 1.476236038868896
SCORES =  (91.45, 100.0, 100.0, 100.0)
Saved Model
